[2024-10-23T00:20:01.025+0000] {taskinstance.py:1125} INFO - Dependencies all met for dep_context=non-requeueable deps ti=<TaskInstance: telegram_bot_dag.run_bot_notebook scheduled__2024-10-23T00:19:00+00:00 [queued]>
[2024-10-23T00:20:01.030+0000] {taskinstance.py:1125} INFO - Dependencies all met for dep_context=requeueable deps ti=<TaskInstance: telegram_bot_dag.run_bot_notebook scheduled__2024-10-23T00:19:00+00:00 [queued]>
[2024-10-23T00:20:01.030+0000] {taskinstance.py:1331} INFO - Starting attempt 1 of 2
[2024-10-23T00:20:01.038+0000] {taskinstance.py:1350} INFO - Executing <Task(PythonOperator): run_bot_notebook> on 2024-10-23 00:19:00+00:00
[2024-10-23T00:20:01.040+0000] {standard_task_runner.py:57} INFO - Started process 304 to run task
[2024-10-23T00:20:01.043+0000] {standard_task_runner.py:84} INFO - Running: ['***', 'tasks', 'run', 'telegram_bot_dag', 'run_bot_notebook', 'scheduled__2024-10-23T00:19:00+00:00', '--job-id', '145', '--raw', '--subdir', 'DAGS_FOLDER/bot_dag.py', '--cfg-path', '/tmp/tmpv3wiizwf']
[2024-10-23T00:20:01.045+0000] {standard_task_runner.py:85} INFO - Job 145: Subtask run_bot_notebook
[2024-10-23T00:20:01.093+0000] {task_command.py:410} INFO - Running <TaskInstance: telegram_bot_dag.run_bot_notebook scheduled__2024-10-23T00:19:00+00:00 [running]> on host 1e5799c660d9
[2024-10-23T00:20:01.155+0000] {taskinstance.py:1570} INFO - Exporting env vars: AIRFLOW_CTX_DAG_OWNER='***' AIRFLOW_CTX_DAG_ID='telegram_bot_dag' AIRFLOW_CTX_TASK_ID='run_bot_notebook' AIRFLOW_CTX_EXECUTION_DATE='2024-10-23T00:19:00+00:00' AIRFLOW_CTX_TRY_NUMBER='1' AIRFLOW_CTX_DAG_RUN_ID='scheduled__2024-10-23T00:19:00+00:00'
[2024-10-23T00:20:01.212+0000] {python.py:183} INFO - Done. Returned value was: None
[2024-10-23T00:20:01.221+0000] {taskinstance.py:1373} INFO - Marking task as SUCCESS. dag_id=telegram_bot_dag, task_id=run_bot_notebook, execution_date=20241023T001900, start_date=20241023T002001, end_date=20241023T002001
[2024-10-23T00:20:01.265+0000] {local_task_job_runner.py:232} INFO - Task exited with return code 0
[2024-10-23T00:20:01.281+0000] {taskinstance.py:2674} INFO - 0 downstream tasks scheduled from follow-on schedule check
[2024-10-23T00:37:07.578+0000] {taskinstance.py:1125} INFO - Dependencies all met for dep_context=non-requeueable deps ti=<TaskInstance: telegram_bot_dag.run_bot_notebook scheduled__2024-10-23T00:19:00+00:00 [queued]>
[2024-10-23T00:37:07.598+0000] {taskinstance.py:1125} INFO - Dependencies all met for dep_context=requeueable deps ti=<TaskInstance: telegram_bot_dag.run_bot_notebook scheduled__2024-10-23T00:19:00+00:00 [queued]>
[2024-10-23T00:37:07.600+0000] {taskinstance.py:1331} INFO - Starting attempt 1 of 2
[2024-10-23T00:37:07.621+0000] {taskinstance.py:1350} INFO - Executing <Task(PythonOperator): run_bot_notebook> on 2024-10-23 00:19:00+00:00
[2024-10-23T00:37:07.624+0000] {standard_task_runner.py:57} INFO - Started process 227 to run task
[2024-10-23T00:37:07.627+0000] {standard_task_runner.py:84} INFO - Running: ['***', 'tasks', 'run', 'telegram_bot_dag', 'run_bot_notebook', 'scheduled__2024-10-23T00:19:00+00:00', '--job-id', '186', '--raw', '--subdir', 'DAGS_FOLDER/bot_dag.py', '--cfg-path', '/tmp/tmpr4ukk_su']
[2024-10-23T00:37:07.632+0000] {standard_task_runner.py:85} INFO - Job 186: Subtask run_bot_notebook
[2024-10-23T00:37:07.829+0000] {task_command.py:410} INFO - Running <TaskInstance: telegram_bot_dag.run_bot_notebook scheduled__2024-10-23T00:19:00+00:00 [running]> on host bf7c1478f077
[2024-10-23T00:37:08.496+0000] {taskinstance.py:1570} INFO - Exporting env vars: AIRFLOW_CTX_DAG_OWNER='***' AIRFLOW_CTX_DAG_ID='telegram_bot_dag' AIRFLOW_CTX_TASK_ID='run_bot_notebook' AIRFLOW_CTX_EXECUTION_DATE='2024-10-23T00:19:00+00:00' AIRFLOW_CTX_TRY_NUMBER='1' AIRFLOW_CTX_DAG_RUN_ID='scheduled__2024-10-23T00:19:00+00:00'
[2024-10-23T00:37:08.604+0000] {python.py:183} INFO - Done. Returned value was: None
[2024-10-23T00:37:08.662+0000] {taskinstance.py:1373} INFO - Marking task as SUCCESS. dag_id=telegram_bot_dag, task_id=run_bot_notebook, execution_date=20241023T001900, start_date=20241023T003707, end_date=20241023T003708
[2024-10-23T00:37:08.913+0000] {local_task_job_runner.py:232} INFO - Task exited with return code 0
[2024-10-23T00:37:09.040+0000] {taskinstance.py:2674} INFO - 0 downstream tasks scheduled from follow-on schedule check
