[2024-10-23T00:01:01.211+0000] {taskinstance.py:1125} INFO - Dependencies all met for dep_context=non-requeueable deps ti=<TaskInstance: telegram_bot_dag.run_bot_notebook scheduled__2024-10-23T00:00:00+00:00 [queued]>
[2024-10-23T00:01:01.216+0000] {taskinstance.py:1125} INFO - Dependencies all met for dep_context=requeueable deps ti=<TaskInstance: telegram_bot_dag.run_bot_notebook scheduled__2024-10-23T00:00:00+00:00 [queued]>
[2024-10-23T00:01:01.217+0000] {taskinstance.py:1331} INFO - Starting attempt 1 of 2
[2024-10-23T00:01:01.225+0000] {taskinstance.py:1350} INFO - Executing <Task(PythonOperator): run_bot_notebook> on 2024-10-23 00:00:00+00:00
[2024-10-23T00:01:01.235+0000] {standard_task_runner.py:57} INFO - Started process 199 to run task
[2024-10-23T00:01:01.241+0000] {standard_task_runner.py:84} INFO - Running: ['***', 'tasks', 'run', 'telegram_bot_dag', 'run_bot_notebook', 'scheduled__2024-10-23T00:00:00+00:00', '--job-id', '110', '--raw', '--subdir', 'DAGS_FOLDER/bot_dag.py', '--cfg-path', '/tmp/tmp5_u9j3f5']
[2024-10-23T00:01:01.247+0000] {standard_task_runner.py:85} INFO - Job 110: Subtask run_bot_notebook
[2024-10-23T00:01:01.285+0000] {task_command.py:410} INFO - Running <TaskInstance: telegram_bot_dag.run_bot_notebook scheduled__2024-10-23T00:00:00+00:00 [running]> on host 941f55a3084b
[2024-10-23T00:01:01.451+0000] {taskinstance.py:1570} INFO - Exporting env vars: AIRFLOW_CTX_DAG_OWNER='***' AIRFLOW_CTX_DAG_ID='telegram_bot_dag' AIRFLOW_CTX_TASK_ID='run_bot_notebook' AIRFLOW_CTX_EXECUTION_DATE='2024-10-23T00:00:00+00:00' AIRFLOW_CTX_TRY_NUMBER='1' AIRFLOW_CTX_DAG_RUN_ID='scheduled__2024-10-23T00:00:00+00:00'
[2024-10-23T00:01:01.549+0000] {python.py:183} INFO - Done. Returned value was: None
[2024-10-23T00:01:01.574+0000] {taskinstance.py:1373} INFO - Marking task as SUCCESS. dag_id=telegram_bot_dag, task_id=run_bot_notebook, execution_date=20241023T000000, start_date=20241023T000101, end_date=20241023T000101
[2024-10-23T00:01:01.649+0000] {local_task_job_runner.py:232} INFO - Task exited with return code 0
[2024-10-23T00:01:01.662+0000] {taskinstance.py:2674} INFO - 0 downstream tasks scheduled from follow-on schedule check
[2024-10-23T00:37:03.156+0000] {taskinstance.py:1125} INFO - Dependencies all met for dep_context=non-requeueable deps ti=<TaskInstance: telegram_bot_dag.run_bot_notebook scheduled__2024-10-23T00:00:00+00:00 [queued]>
[2024-10-23T00:37:03.171+0000] {taskinstance.py:1125} INFO - Dependencies all met for dep_context=requeueable deps ti=<TaskInstance: telegram_bot_dag.run_bot_notebook scheduled__2024-10-23T00:00:00+00:00 [queued]>
[2024-10-23T00:37:03.174+0000] {taskinstance.py:1331} INFO - Starting attempt 1 of 2
[2024-10-23T00:37:03.225+0000] {taskinstance.py:1350} INFO - Executing <Task(PythonOperator): run_bot_notebook> on 2024-10-23 00:00:00+00:00
[2024-10-23T00:37:03.233+0000] {standard_task_runner.py:57} INFO - Started process 184 to run task
[2024-10-23T00:37:03.238+0000] {standard_task_runner.py:84} INFO - Running: ['***', 'tasks', 'run', 'telegram_bot_dag', 'run_bot_notebook', 'scheduled__2024-10-23T00:00:00+00:00', '--job-id', '168', '--raw', '--subdir', 'DAGS_FOLDER/bot_dag.py', '--cfg-path', '/tmp/tmp9d0ce048']
[2024-10-23T00:37:03.247+0000] {standard_task_runner.py:85} INFO - Job 168: Subtask run_bot_notebook
[2024-10-23T00:37:03.604+0000] {task_command.py:410} INFO - Running <TaskInstance: telegram_bot_dag.run_bot_notebook scheduled__2024-10-23T00:00:00+00:00 [running]> on host bf7c1478f077
[2024-10-23T00:37:04.149+0000] {taskinstance.py:1570} INFO - Exporting env vars: AIRFLOW_CTX_DAG_OWNER='***' AIRFLOW_CTX_DAG_ID='telegram_bot_dag' AIRFLOW_CTX_TASK_ID='run_bot_notebook' AIRFLOW_CTX_EXECUTION_DATE='2024-10-23T00:00:00+00:00' AIRFLOW_CTX_TRY_NUMBER='1' AIRFLOW_CTX_DAG_RUN_ID='scheduled__2024-10-23T00:00:00+00:00'
[2024-10-23T00:37:04.284+0000] {python.py:183} INFO - Done. Returned value was: None
[2024-10-23T00:37:04.382+0000] {taskinstance.py:1373} INFO - Marking task as SUCCESS. dag_id=telegram_bot_dag, task_id=run_bot_notebook, execution_date=20241023T000000, start_date=20241023T003703, end_date=20241023T003704
[2024-10-23T00:37:04.533+0000] {local_task_job_runner.py:232} INFO - Task exited with return code 0
[2024-10-23T00:37:04.671+0000] {taskinstance.py:2674} INFO - 0 downstream tasks scheduled from follow-on schedule check
