[2024-10-23T00:19:00.643+0000] {taskinstance.py:1125} INFO - Dependencies all met for dep_context=non-requeueable deps ti=<TaskInstance: telegram_bot_dag.run_bot_notebook scheduled__2024-10-23T00:18:00+00:00 [queued]>
[2024-10-23T00:19:00.648+0000] {taskinstance.py:1125} INFO - Dependencies all met for dep_context=requeueable deps ti=<TaskInstance: telegram_bot_dag.run_bot_notebook scheduled__2024-10-23T00:18:00+00:00 [queued]>
[2024-10-23T00:19:00.648+0000] {taskinstance.py:1331} INFO - Starting attempt 1 of 2
[2024-10-23T00:19:00.655+0000] {taskinstance.py:1350} INFO - Executing <Task(PythonOperator): run_bot_notebook> on 2024-10-23 00:18:00+00:00
[2024-10-23T00:19:00.657+0000] {standard_task_runner.py:57} INFO - Started process 291 to run task
[2024-10-23T00:19:00.660+0000] {standard_task_runner.py:84} INFO - Running: ['***', 'tasks', 'run', 'telegram_bot_dag', 'run_bot_notebook', 'scheduled__2024-10-23T00:18:00+00:00', '--job-id', '144', '--raw', '--subdir', 'DAGS_FOLDER/bot_dag.py', '--cfg-path', '/tmp/tmpqt5t0x9q']
[2024-10-23T00:19:00.661+0000] {standard_task_runner.py:85} INFO - Job 144: Subtask run_bot_notebook
[2024-10-23T00:19:00.698+0000] {task_command.py:410} INFO - Running <TaskInstance: telegram_bot_dag.run_bot_notebook scheduled__2024-10-23T00:18:00+00:00 [running]> on host 1e5799c660d9
[2024-10-23T00:19:00.755+0000] {taskinstance.py:1570} INFO - Exporting env vars: AIRFLOW_CTX_DAG_OWNER='***' AIRFLOW_CTX_DAG_ID='telegram_bot_dag' AIRFLOW_CTX_TASK_ID='run_bot_notebook' AIRFLOW_CTX_EXECUTION_DATE='2024-10-23T00:18:00+00:00' AIRFLOW_CTX_TRY_NUMBER='1' AIRFLOW_CTX_DAG_RUN_ID='scheduled__2024-10-23T00:18:00+00:00'
[2024-10-23T00:19:00.810+0000] {python.py:183} INFO - Done. Returned value was: None
[2024-10-23T00:19:00.818+0000] {taskinstance.py:1373} INFO - Marking task as SUCCESS. dag_id=telegram_bot_dag, task_id=run_bot_notebook, execution_date=20241023T001800, start_date=20241023T001900, end_date=20241023T001900
[2024-10-23T00:19:00.840+0000] {local_task_job_runner.py:232} INFO - Task exited with return code 0
[2024-10-23T00:19:00.853+0000] {taskinstance.py:2674} INFO - 0 downstream tasks scheduled from follow-on schedule check
[2024-10-23T00:37:07.498+0000] {taskinstance.py:1125} INFO - Dependencies all met for dep_context=non-requeueable deps ti=<TaskInstance: telegram_bot_dag.run_bot_notebook scheduled__2024-10-23T00:18:00+00:00 [queued]>
[2024-10-23T00:37:07.544+0000] {taskinstance.py:1125} INFO - Dependencies all met for dep_context=requeueable deps ti=<TaskInstance: telegram_bot_dag.run_bot_notebook scheduled__2024-10-23T00:18:00+00:00 [queued]>
[2024-10-23T00:37:07.545+0000] {taskinstance.py:1331} INFO - Starting attempt 1 of 2
[2024-10-23T00:37:07.577+0000] {taskinstance.py:1350} INFO - Executing <Task(PythonOperator): run_bot_notebook> on 2024-10-23 00:18:00+00:00
[2024-10-23T00:37:07.582+0000] {standard_task_runner.py:57} INFO - Started process 225 to run task
[2024-10-23T00:37:07.585+0000] {standard_task_runner.py:84} INFO - Running: ['***', 'tasks', 'run', 'telegram_bot_dag', 'run_bot_notebook', 'scheduled__2024-10-23T00:18:00+00:00', '--job-id', '185', '--raw', '--subdir', 'DAGS_FOLDER/bot_dag.py', '--cfg-path', '/tmp/tmp205ofir4']
[2024-10-23T00:37:07.591+0000] {standard_task_runner.py:85} INFO - Job 185: Subtask run_bot_notebook
[2024-10-23T00:37:07.807+0000] {task_command.py:410} INFO - Running <TaskInstance: telegram_bot_dag.run_bot_notebook scheduled__2024-10-23T00:18:00+00:00 [running]> on host bf7c1478f077
[2024-10-23T00:37:08.577+0000] {taskinstance.py:1570} INFO - Exporting env vars: AIRFLOW_CTX_DAG_OWNER='***' AIRFLOW_CTX_DAG_ID='telegram_bot_dag' AIRFLOW_CTX_TASK_ID='run_bot_notebook' AIRFLOW_CTX_EXECUTION_DATE='2024-10-23T00:18:00+00:00' AIRFLOW_CTX_TRY_NUMBER='1' AIRFLOW_CTX_DAG_RUN_ID='scheduled__2024-10-23T00:18:00+00:00'
[2024-10-23T00:37:08.772+0000] {python.py:183} INFO - Done. Returned value was: None
[2024-10-23T00:37:08.951+0000] {taskinstance.py:1373} INFO - Marking task as SUCCESS. dag_id=telegram_bot_dag, task_id=run_bot_notebook, execution_date=20241023T001800, start_date=20241023T003707, end_date=20241023T003708
[2024-10-23T00:37:09.044+0000] {local_task_job_runner.py:232} INFO - Task exited with return code 0
[2024-10-23T00:37:09.078+0000] {taskinstance.py:2674} INFO - 0 downstream tasks scheduled from follow-on schedule check
