[2024-10-23T00:31:00.648+0000] {taskinstance.py:1125} INFO - Dependencies all met for dep_context=non-requeueable deps ti=<TaskInstance: telegram_bot_dag.run_bot_notebook scheduled__2024-10-23T00:30:00+00:00 [queued]>
[2024-10-23T00:31:00.652+0000] {taskinstance.py:1125} INFO - Dependencies all met for dep_context=requeueable deps ti=<TaskInstance: telegram_bot_dag.run_bot_notebook scheduled__2024-10-23T00:30:00+00:00 [queued]>
[2024-10-23T00:31:00.652+0000] {taskinstance.py:1331} INFO - Starting attempt 1 of 2
[2024-10-23T00:31:00.659+0000] {taskinstance.py:1350} INFO - Executing <Task(PythonOperator): run_bot_notebook> on 2024-10-23 00:30:00+00:00
[2024-10-23T00:31:00.662+0000] {standard_task_runner.py:57} INFO - Started process 206 to run task
[2024-10-23T00:31:00.664+0000] {standard_task_runner.py:84} INFO - Running: ['***', 'tasks', 'run', 'telegram_bot_dag', 'run_bot_notebook', 'scheduled__2024-10-23T00:30:00+00:00', '--job-id', '160', '--raw', '--subdir', 'DAGS_FOLDER/bot_dag.py', '--cfg-path', '/tmp/tmpv_4ieo3y']
[2024-10-23T00:31:00.666+0000] {standard_task_runner.py:85} INFO - Job 160: Subtask run_bot_notebook
[2024-10-23T00:31:00.701+0000] {task_command.py:410} INFO - Running <TaskInstance: telegram_bot_dag.run_bot_notebook scheduled__2024-10-23T00:30:00+00:00 [running]> on host 34f05a89433a
[2024-10-23T00:31:00.762+0000] {taskinstance.py:1570} INFO - Exporting env vars: AIRFLOW_CTX_DAG_OWNER='***' AIRFLOW_CTX_DAG_ID='telegram_bot_dag' AIRFLOW_CTX_TASK_ID='run_bot_notebook' AIRFLOW_CTX_EXECUTION_DATE='2024-10-23T00:30:00+00:00' AIRFLOW_CTX_TRY_NUMBER='1' AIRFLOW_CTX_DAG_RUN_ID='scheduled__2024-10-23T00:30:00+00:00'
[2024-10-23T00:31:00.820+0000] {python.py:183} INFO - Done. Returned value was: None
[2024-10-23T00:31:00.828+0000] {taskinstance.py:1373} INFO - Marking task as SUCCESS. dag_id=telegram_bot_dag, task_id=run_bot_notebook, execution_date=20241023T003000, start_date=20241023T003100, end_date=20241023T003100
[2024-10-23T00:31:00.843+0000] {local_task_job_runner.py:232} INFO - Task exited with return code 0
[2024-10-23T00:31:00.857+0000] {taskinstance.py:2674} INFO - 0 downstream tasks scheduled from follow-on schedule check
[2024-10-23T00:37:13.113+0000] {taskinstance.py:1125} INFO - Dependencies all met for dep_context=non-requeueable deps ti=<TaskInstance: telegram_bot_dag.run_bot_notebook scheduled__2024-10-23T00:30:00+00:00 [queued]>
[2024-10-23T00:37:13.125+0000] {taskinstance.py:1125} INFO - Dependencies all met for dep_context=requeueable deps ti=<TaskInstance: telegram_bot_dag.run_bot_notebook scheduled__2024-10-23T00:30:00+00:00 [queued]>
[2024-10-23T00:37:13.128+0000] {taskinstance.py:1331} INFO - Starting attempt 1 of 2
[2024-10-23T00:37:13.175+0000] {taskinstance.py:1350} INFO - Executing <Task(PythonOperator): run_bot_notebook> on 2024-10-23 00:30:00+00:00
[2024-10-23T00:37:13.180+0000] {standard_task_runner.py:57} INFO - Started process 263 to run task
[2024-10-23T00:37:13.183+0000] {standard_task_runner.py:84} INFO - Running: ['***', 'tasks', 'run', 'telegram_bot_dag', 'run_bot_notebook', 'scheduled__2024-10-23T00:30:00+00:00', '--job-id', '197', '--raw', '--subdir', 'DAGS_FOLDER/bot_dag.py', '--cfg-path', '/tmp/tmpga8df0jq']
[2024-10-23T00:37:13.185+0000] {standard_task_runner.py:85} INFO - Job 197: Subtask run_bot_notebook
[2024-10-23T00:37:13.337+0000] {task_command.py:410} INFO - Running <TaskInstance: telegram_bot_dag.run_bot_notebook scheduled__2024-10-23T00:30:00+00:00 [running]> on host bf7c1478f077
[2024-10-23T00:37:13.512+0000] {taskinstance.py:1570} INFO - Exporting env vars: AIRFLOW_CTX_DAG_OWNER='***' AIRFLOW_CTX_DAG_ID='telegram_bot_dag' AIRFLOW_CTX_TASK_ID='run_bot_notebook' AIRFLOW_CTX_EXECUTION_DATE='2024-10-23T00:30:00+00:00' AIRFLOW_CTX_TRY_NUMBER='1' AIRFLOW_CTX_DAG_RUN_ID='scheduled__2024-10-23T00:30:00+00:00'
[2024-10-23T00:37:13.568+0000] {python.py:183} INFO - Done. Returned value was: None
[2024-10-23T00:37:13.600+0000] {taskinstance.py:1373} INFO - Marking task as SUCCESS. dag_id=telegram_bot_dag, task_id=run_bot_notebook, execution_date=20241023T003000, start_date=20241023T003713, end_date=20241023T003713
[2024-10-23T00:37:13.650+0000] {local_task_job_runner.py:232} INFO - Task exited with return code 0
[2024-10-23T00:37:13.688+0000] {taskinstance.py:2674} INFO - 0 downstream tasks scheduled from follow-on schedule check
