[2024-10-23T00:28:01.276+0000] {taskinstance.py:1125} INFO - Dependencies all met for dep_context=non-requeueable deps ti=<TaskInstance: telegram_bot_dag.run_bot_notebook scheduled__2024-10-23T00:27:00+00:00 [queued]>
[2024-10-23T00:28:01.281+0000] {taskinstance.py:1125} INFO - Dependencies all met for dep_context=requeueable deps ti=<TaskInstance: telegram_bot_dag.run_bot_notebook scheduled__2024-10-23T00:27:00+00:00 [queued]>
[2024-10-23T00:28:01.281+0000] {taskinstance.py:1331} INFO - Starting attempt 1 of 2
[2024-10-23T00:28:01.289+0000] {taskinstance.py:1350} INFO - Executing <Task(PythonOperator): run_bot_notebook> on 2024-10-23 00:27:00+00:00
[2024-10-23T00:28:01.291+0000] {standard_task_runner.py:57} INFO - Started process 169 to run task
[2024-10-23T00:28:01.293+0000] {standard_task_runner.py:84} INFO - Running: ['***', 'tasks', 'run', 'telegram_bot_dag', 'run_bot_notebook', 'scheduled__2024-10-23T00:27:00+00:00', '--job-id', '156', '--raw', '--subdir', 'DAGS_FOLDER/bot_dag.py', '--cfg-path', '/tmp/tmpvxkl71rf']
[2024-10-23T00:28:01.295+0000] {standard_task_runner.py:85} INFO - Job 156: Subtask run_bot_notebook
[2024-10-23T00:28:01.329+0000] {task_command.py:410} INFO - Running <TaskInstance: telegram_bot_dag.run_bot_notebook scheduled__2024-10-23T00:27:00+00:00 [running]> on host 34f05a89433a
[2024-10-23T00:28:01.397+0000] {taskinstance.py:1570} INFO - Exporting env vars: AIRFLOW_CTX_DAG_OWNER='***' AIRFLOW_CTX_DAG_ID='telegram_bot_dag' AIRFLOW_CTX_TASK_ID='run_bot_notebook' AIRFLOW_CTX_EXECUTION_DATE='2024-10-23T00:27:00+00:00' AIRFLOW_CTX_TRY_NUMBER='1' AIRFLOW_CTX_DAG_RUN_ID='scheduled__2024-10-23T00:27:00+00:00'
[2024-10-23T00:28:01.448+0000] {python.py:183} INFO - Done. Returned value was: None
[2024-10-23T00:28:01.457+0000] {taskinstance.py:1373} INFO - Marking task as SUCCESS. dag_id=telegram_bot_dag, task_id=run_bot_notebook, execution_date=20241023T002700, start_date=20241023T002801, end_date=20241023T002801
[2024-10-23T00:28:01.475+0000] {local_task_job_runner.py:232} INFO - Task exited with return code 0
[2024-10-23T00:28:01.488+0000] {taskinstance.py:2674} INFO - 0 downstream tasks scheduled from follow-on schedule check
[2024-10-23T00:37:09.291+0000] {taskinstance.py:1125} INFO - Dependencies all met for dep_context=non-requeueable deps ti=<TaskInstance: telegram_bot_dag.run_bot_notebook scheduled__2024-10-23T00:27:00+00:00 [queued]>
[2024-10-23T00:37:09.303+0000] {taskinstance.py:1125} INFO - Dependencies all met for dep_context=requeueable deps ti=<TaskInstance: telegram_bot_dag.run_bot_notebook scheduled__2024-10-23T00:27:00+00:00 [queued]>
[2024-10-23T00:37:09.304+0000] {taskinstance.py:1331} INFO - Starting attempt 1 of 2
[2024-10-23T00:37:09.316+0000] {taskinstance.py:1350} INFO - Executing <Task(PythonOperator): run_bot_notebook> on 2024-10-23 00:27:00+00:00
[2024-10-23T00:37:09.319+0000] {standard_task_runner.py:57} INFO - Started process 247 to run task
[2024-10-23T00:37:09.322+0000] {standard_task_runner.py:84} INFO - Running: ['***', 'tasks', 'run', 'telegram_bot_dag', 'run_bot_notebook', 'scheduled__2024-10-23T00:27:00+00:00', '--job-id', '194', '--raw', '--subdir', 'DAGS_FOLDER/bot_dag.py', '--cfg-path', '/tmp/tmp9gyc060f']
[2024-10-23T00:37:09.323+0000] {standard_task_runner.py:85} INFO - Job 194: Subtask run_bot_notebook
[2024-10-23T00:37:09.399+0000] {task_command.py:410} INFO - Running <TaskInstance: telegram_bot_dag.run_bot_notebook scheduled__2024-10-23T00:27:00+00:00 [running]> on host bf7c1478f077
[2024-10-23T00:37:09.542+0000] {taskinstance.py:1570} INFO - Exporting env vars: AIRFLOW_CTX_DAG_OWNER='***' AIRFLOW_CTX_DAG_ID='telegram_bot_dag' AIRFLOW_CTX_TASK_ID='run_bot_notebook' AIRFLOW_CTX_EXECUTION_DATE='2024-10-23T00:27:00+00:00' AIRFLOW_CTX_TRY_NUMBER='1' AIRFLOW_CTX_DAG_RUN_ID='scheduled__2024-10-23T00:27:00+00:00'
[2024-10-23T00:37:09.609+0000] {python.py:183} INFO - Done. Returned value was: None
[2024-10-23T00:37:09.623+0000] {taskinstance.py:1373} INFO - Marking task as SUCCESS. dag_id=telegram_bot_dag, task_id=run_bot_notebook, execution_date=20241023T002700, start_date=20241023T003709, end_date=20241023T003709
[2024-10-23T00:37:09.671+0000] {local_task_job_runner.py:232} INFO - Task exited with return code 0
[2024-10-23T00:37:09.685+0000] {taskinstance.py:2674} INFO - 0 downstream tasks scheduled from follow-on schedule check
