[2024-10-23T00:15:01.423+0000] {taskinstance.py:1125} INFO - Dependencies all met for dep_context=non-requeueable deps ti=<TaskInstance: telegram_bot_dag.run_bot_notebook scheduled__2024-10-23T00:14:00+00:00 [queued]>
[2024-10-23T00:15:01.427+0000] {taskinstance.py:1125} INFO - Dependencies all met for dep_context=requeueable deps ti=<TaskInstance: telegram_bot_dag.run_bot_notebook scheduled__2024-10-23T00:14:00+00:00 [queued]>
[2024-10-23T00:15:01.428+0000] {taskinstance.py:1331} INFO - Starting attempt 1 of 2
[2024-10-23T00:15:01.435+0000] {taskinstance.py:1350} INFO - Executing <Task(PythonOperator): run_bot_notebook> on 2024-10-23 00:14:00+00:00
[2024-10-23T00:15:01.437+0000] {standard_task_runner.py:57} INFO - Started process 241 to run task
[2024-10-23T00:15:01.440+0000] {standard_task_runner.py:84} INFO - Running: ['***', 'tasks', 'run', 'telegram_bot_dag', 'run_bot_notebook', 'scheduled__2024-10-23T00:14:00+00:00', '--job-id', '139', '--raw', '--subdir', 'DAGS_FOLDER/bot_dag.py', '--cfg-path', '/tmp/tmpjr9bv1tz']
[2024-10-23T00:15:01.441+0000] {standard_task_runner.py:85} INFO - Job 139: Subtask run_bot_notebook
[2024-10-23T00:15:01.489+0000] {task_command.py:410} INFO - Running <TaskInstance: telegram_bot_dag.run_bot_notebook scheduled__2024-10-23T00:14:00+00:00 [running]> on host 1e5799c660d9
[2024-10-23T00:15:01.555+0000] {taskinstance.py:1570} INFO - Exporting env vars: AIRFLOW_CTX_DAG_OWNER='***' AIRFLOW_CTX_DAG_ID='telegram_bot_dag' AIRFLOW_CTX_TASK_ID='run_bot_notebook' AIRFLOW_CTX_EXECUTION_DATE='2024-10-23T00:14:00+00:00' AIRFLOW_CTX_TRY_NUMBER='1' AIRFLOW_CTX_DAG_RUN_ID='scheduled__2024-10-23T00:14:00+00:00'
[2024-10-23T00:15:01.619+0000] {python.py:183} INFO - Done. Returned value was: None
[2024-10-23T00:15:01.628+0000] {taskinstance.py:1373} INFO - Marking task as SUCCESS. dag_id=telegram_bot_dag, task_id=run_bot_notebook, execution_date=20241023T001400, start_date=20241023T001501, end_date=20241023T001501
[2024-10-23T00:15:01.663+0000] {local_task_job_runner.py:232} INFO - Task exited with return code 0
[2024-10-23T00:15:01.678+0000] {taskinstance.py:2674} INFO - 0 downstream tasks scheduled from follow-on schedule check
[2024-10-23T00:37:04.833+0000] {taskinstance.py:1125} INFO - Dependencies all met for dep_context=non-requeueable deps ti=<TaskInstance: telegram_bot_dag.run_bot_notebook scheduled__2024-10-23T00:14:00+00:00 [queued]>
[2024-10-23T00:37:04.842+0000] {taskinstance.py:1125} INFO - Dependencies all met for dep_context=requeueable deps ti=<TaskInstance: telegram_bot_dag.run_bot_notebook scheduled__2024-10-23T00:14:00+00:00 [queued]>
[2024-10-23T00:37:04.842+0000] {taskinstance.py:1331} INFO - Starting attempt 1 of 2
[2024-10-23T00:37:04.857+0000] {taskinstance.py:1350} INFO - Executing <Task(PythonOperator): run_bot_notebook> on 2024-10-23 00:14:00+00:00
[2024-10-23T00:37:04.861+0000] {standard_task_runner.py:57} INFO - Started process 209 to run task
[2024-10-23T00:37:04.863+0000] {standard_task_runner.py:84} INFO - Running: ['***', 'tasks', 'run', 'telegram_bot_dag', 'run_bot_notebook', 'scheduled__2024-10-23T00:14:00+00:00', '--job-id', '181', '--raw', '--subdir', 'DAGS_FOLDER/bot_dag.py', '--cfg-path', '/tmp/tmp5r4ix54v']
[2024-10-23T00:37:04.865+0000] {standard_task_runner.py:85} INFO - Job 181: Subtask run_bot_notebook
[2024-10-23T00:37:04.938+0000] {task_command.py:410} INFO - Running <TaskInstance: telegram_bot_dag.run_bot_notebook scheduled__2024-10-23T00:14:00+00:00 [running]> on host bf7c1478f077
[2024-10-23T00:37:05.040+0000] {taskinstance.py:1570} INFO - Exporting env vars: AIRFLOW_CTX_DAG_OWNER='***' AIRFLOW_CTX_DAG_ID='telegram_bot_dag' AIRFLOW_CTX_TASK_ID='run_bot_notebook' AIRFLOW_CTX_EXECUTION_DATE='2024-10-23T00:14:00+00:00' AIRFLOW_CTX_TRY_NUMBER='1' AIRFLOW_CTX_DAG_RUN_ID='scheduled__2024-10-23T00:14:00+00:00'
[2024-10-23T00:37:05.095+0000] {python.py:183} INFO - Done. Returned value was: None
[2024-10-23T00:37:05.104+0000] {taskinstance.py:1373} INFO - Marking task as SUCCESS. dag_id=telegram_bot_dag, task_id=run_bot_notebook, execution_date=20241023T001400, start_date=20241023T003704, end_date=20241023T003705
[2024-10-23T00:37:05.129+0000] {local_task_job_runner.py:232} INFO - Task exited with return code 0
[2024-10-23T00:37:05.143+0000] {taskinstance.py:2674} INFO - 0 downstream tasks scheduled from follow-on schedule check
