[2024-10-23T00:03:00.633+0000] {taskinstance.py:1125} INFO - Dependencies all met for dep_context=non-requeueable deps ti=<TaskInstance: telegram_bot_dag.run_bot_notebook scheduled__2024-10-23T00:02:00+00:00 [queued]>
[2024-10-23T00:03:00.637+0000] {taskinstance.py:1125} INFO - Dependencies all met for dep_context=requeueable deps ti=<TaskInstance: telegram_bot_dag.run_bot_notebook scheduled__2024-10-23T00:02:00+00:00 [queued]>
[2024-10-23T00:03:00.637+0000] {taskinstance.py:1331} INFO - Starting attempt 1 of 2
[2024-10-23T00:03:00.644+0000] {taskinstance.py:1350} INFO - Executing <Task(PythonOperator): run_bot_notebook> on 2024-10-23 00:02:00+00:00
[2024-10-23T00:03:00.647+0000] {standard_task_runner.py:57} INFO - Started process 225 to run task
[2024-10-23T00:03:00.649+0000] {standard_task_runner.py:84} INFO - Running: ['***', 'tasks', 'run', 'telegram_bot_dag', 'run_bot_notebook', 'scheduled__2024-10-23T00:02:00+00:00', '--job-id', '112', '--raw', '--subdir', 'DAGS_FOLDER/bot_dag.py', '--cfg-path', '/tmp/tmptmzepmps']
[2024-10-23T00:03:00.651+0000] {standard_task_runner.py:85} INFO - Job 112: Subtask run_bot_notebook
[2024-10-23T00:03:00.690+0000] {task_command.py:410} INFO - Running <TaskInstance: telegram_bot_dag.run_bot_notebook scheduled__2024-10-23T00:02:00+00:00 [running]> on host 941f55a3084b
[2024-10-23T00:03:00.749+0000] {taskinstance.py:1570} INFO - Exporting env vars: AIRFLOW_CTX_DAG_OWNER='***' AIRFLOW_CTX_DAG_ID='telegram_bot_dag' AIRFLOW_CTX_TASK_ID='run_bot_notebook' AIRFLOW_CTX_EXECUTION_DATE='2024-10-23T00:02:00+00:00' AIRFLOW_CTX_TRY_NUMBER='1' AIRFLOW_CTX_DAG_RUN_ID='scheduled__2024-10-23T00:02:00+00:00'
[2024-10-23T00:03:00.803+0000] {python.py:183} INFO - Done. Returned value was: None
[2024-10-23T00:03:00.813+0000] {taskinstance.py:1373} INFO - Marking task as SUCCESS. dag_id=telegram_bot_dag, task_id=run_bot_notebook, execution_date=20241023T000200, start_date=20241023T000300, end_date=20241023T000300
[2024-10-23T00:03:00.833+0000] {local_task_job_runner.py:232} INFO - Task exited with return code 0
[2024-10-23T00:03:00.847+0000] {taskinstance.py:2674} INFO - 0 downstream tasks scheduled from follow-on schedule check
[2024-10-23T00:37:03.148+0000] {taskinstance.py:1125} INFO - Dependencies all met for dep_context=non-requeueable deps ti=<TaskInstance: telegram_bot_dag.run_bot_notebook scheduled__2024-10-23T00:02:00+00:00 [queued]>
[2024-10-23T00:37:03.167+0000] {taskinstance.py:1125} INFO - Dependencies all met for dep_context=requeueable deps ti=<TaskInstance: telegram_bot_dag.run_bot_notebook scheduled__2024-10-23T00:02:00+00:00 [queued]>
[2024-10-23T00:37:03.169+0000] {taskinstance.py:1331} INFO - Starting attempt 1 of 2
[2024-10-23T00:37:03.228+0000] {taskinstance.py:1350} INFO - Executing <Task(PythonOperator): run_bot_notebook> on 2024-10-23 00:02:00+00:00
[2024-10-23T00:37:03.238+0000] {standard_task_runner.py:57} INFO - Started process 185 to run task
[2024-10-23T00:37:03.243+0000] {standard_task_runner.py:84} INFO - Running: ['***', 'tasks', 'run', 'telegram_bot_dag', 'run_bot_notebook', 'scheduled__2024-10-23T00:02:00+00:00', '--job-id', '167', '--raw', '--subdir', 'DAGS_FOLDER/bot_dag.py', '--cfg-path', '/tmp/tmp76mvjfgb']
[2024-10-23T00:37:03.249+0000] {standard_task_runner.py:85} INFO - Job 167: Subtask run_bot_notebook
[2024-10-23T00:37:03.605+0000] {task_command.py:410} INFO - Running <TaskInstance: telegram_bot_dag.run_bot_notebook scheduled__2024-10-23T00:02:00+00:00 [running]> on host bf7c1478f077
[2024-10-23T00:37:04.109+0000] {taskinstance.py:1570} INFO - Exporting env vars: AIRFLOW_CTX_DAG_OWNER='***' AIRFLOW_CTX_DAG_ID='telegram_bot_dag' AIRFLOW_CTX_TASK_ID='run_bot_notebook' AIRFLOW_CTX_EXECUTION_DATE='2024-10-23T00:02:00+00:00' AIRFLOW_CTX_TRY_NUMBER='1' AIRFLOW_CTX_DAG_RUN_ID='scheduled__2024-10-23T00:02:00+00:00'
[2024-10-23T00:37:04.282+0000] {python.py:183} INFO - Done. Returned value was: None
[2024-10-23T00:37:04.384+0000] {taskinstance.py:1373} INFO - Marking task as SUCCESS. dag_id=telegram_bot_dag, task_id=run_bot_notebook, execution_date=20241023T000200, start_date=20241023T003703, end_date=20241023T003704
[2024-10-23T00:37:04.562+0000] {local_task_job_runner.py:232} INFO - Task exited with return code 0
[2024-10-23T00:37:04.681+0000] {taskinstance.py:2674} INFO - 0 downstream tasks scheduled from follow-on schedule check
