[2024-10-23T00:25:01.033+0000] {taskinstance.py:1125} INFO - Dependencies all met for dep_context=non-requeueable deps ti=<TaskInstance: telegram_bot_dag.run_bot_notebook scheduled__2024-10-23T00:24:00+00:00 [queued]>
[2024-10-23T00:25:01.037+0000] {taskinstance.py:1125} INFO - Dependencies all met for dep_context=requeueable deps ti=<TaskInstance: telegram_bot_dag.run_bot_notebook scheduled__2024-10-23T00:24:00+00:00 [queued]>
[2024-10-23T00:25:01.037+0000] {taskinstance.py:1331} INFO - Starting attempt 1 of 2
[2024-10-23T00:25:01.044+0000] {taskinstance.py:1350} INFO - Executing <Task(PythonOperator): run_bot_notebook> on 2024-10-23 00:24:00+00:00
[2024-10-23T00:25:01.047+0000] {standard_task_runner.py:57} INFO - Started process 374 to run task
[2024-10-23T00:25:01.050+0000] {standard_task_runner.py:84} INFO - Running: ['***', 'tasks', 'run', 'telegram_bot_dag', 'run_bot_notebook', 'scheduled__2024-10-23T00:24:00+00:00', '--job-id', '150', '--raw', '--subdir', 'DAGS_FOLDER/bot_dag.py', '--cfg-path', '/tmp/tmp4_k5hak7']
[2024-10-23T00:25:01.052+0000] {standard_task_runner.py:85} INFO - Job 150: Subtask run_bot_notebook
[2024-10-23T00:25:01.089+0000] {task_command.py:410} INFO - Running <TaskInstance: telegram_bot_dag.run_bot_notebook scheduled__2024-10-23T00:24:00+00:00 [running]> on host 1e5799c660d9
[2024-10-23T00:25:01.147+0000] {taskinstance.py:1570} INFO - Exporting env vars: AIRFLOW_CTX_DAG_OWNER='***' AIRFLOW_CTX_DAG_ID='telegram_bot_dag' AIRFLOW_CTX_TASK_ID='run_bot_notebook' AIRFLOW_CTX_EXECUTION_DATE='2024-10-23T00:24:00+00:00' AIRFLOW_CTX_TRY_NUMBER='1' AIRFLOW_CTX_DAG_RUN_ID='scheduled__2024-10-23T00:24:00+00:00'
[2024-10-23T00:25:01.203+0000] {python.py:183} INFO - Done. Returned value was: None
[2024-10-23T00:25:01.212+0000] {taskinstance.py:1373} INFO - Marking task as SUCCESS. dag_id=telegram_bot_dag, task_id=run_bot_notebook, execution_date=20241023T002400, start_date=20241023T002501, end_date=20241023T002501
[2024-10-23T00:25:01.233+0000] {local_task_job_runner.py:232} INFO - Task exited with return code 0
[2024-10-23T00:25:01.246+0000] {taskinstance.py:2674} INFO - 0 downstream tasks scheduled from follow-on schedule check
[2024-10-23T00:37:09.049+0000] {taskinstance.py:1125} INFO - Dependencies all met for dep_context=non-requeueable deps ti=<TaskInstance: telegram_bot_dag.run_bot_notebook scheduled__2024-10-23T00:24:00+00:00 [queued]>
[2024-10-23T00:37:09.064+0000] {taskinstance.py:1125} INFO - Dependencies all met for dep_context=requeueable deps ti=<TaskInstance: telegram_bot_dag.run_bot_notebook scheduled__2024-10-23T00:24:00+00:00 [queued]>
[2024-10-23T00:37:09.065+0000] {taskinstance.py:1331} INFO - Starting attempt 1 of 2
[2024-10-23T00:37:09.096+0000] {taskinstance.py:1350} INFO - Executing <Task(PythonOperator): run_bot_notebook> on 2024-10-23 00:24:00+00:00
[2024-10-23T00:37:09.099+0000] {standard_task_runner.py:57} INFO - Started process 243 to run task
[2024-10-23T00:37:09.102+0000] {standard_task_runner.py:84} INFO - Running: ['***', 'tasks', 'run', 'telegram_bot_dag', 'run_bot_notebook', 'scheduled__2024-10-23T00:24:00+00:00', '--job-id', '191', '--raw', '--subdir', 'DAGS_FOLDER/bot_dag.py', '--cfg-path', '/tmp/tmpcrkp68tz']
[2024-10-23T00:37:09.106+0000] {standard_task_runner.py:85} INFO - Job 191: Subtask run_bot_notebook
[2024-10-23T00:37:09.200+0000] {task_command.py:410} INFO - Running <TaskInstance: telegram_bot_dag.run_bot_notebook scheduled__2024-10-23T00:24:00+00:00 [running]> on host bf7c1478f077
[2024-10-23T00:37:09.367+0000] {taskinstance.py:1570} INFO - Exporting env vars: AIRFLOW_CTX_DAG_OWNER='***' AIRFLOW_CTX_DAG_ID='telegram_bot_dag' AIRFLOW_CTX_TASK_ID='run_bot_notebook' AIRFLOW_CTX_EXECUTION_DATE='2024-10-23T00:24:00+00:00' AIRFLOW_CTX_TRY_NUMBER='1' AIRFLOW_CTX_DAG_RUN_ID='scheduled__2024-10-23T00:24:00+00:00'
[2024-10-23T00:37:09.425+0000] {python.py:183} INFO - Done. Returned value was: None
[2024-10-23T00:37:09.449+0000] {taskinstance.py:1373} INFO - Marking task as SUCCESS. dag_id=telegram_bot_dag, task_id=run_bot_notebook, execution_date=20241023T002400, start_date=20241023T003709, end_date=20241023T003709
[2024-10-23T00:37:09.493+0000] {local_task_job_runner.py:232} INFO - Task exited with return code 0
[2024-10-23T00:37:09.527+0000] {taskinstance.py:2674} INFO - 0 downstream tasks scheduled from follow-on schedule check
