[2024-10-23T00:26:01.401+0000] {taskinstance.py:1125} INFO - Dependencies all met for dep_context=non-requeueable deps ti=<TaskInstance: telegram_bot_dag.run_bot_notebook scheduled__2024-10-23T00:25:00+00:00 [queued]>
[2024-10-23T00:26:01.408+0000] {taskinstance.py:1125} INFO - Dependencies all met for dep_context=requeueable deps ti=<TaskInstance: telegram_bot_dag.run_bot_notebook scheduled__2024-10-23T00:25:00+00:00 [queued]>
[2024-10-23T00:26:01.408+0000] {taskinstance.py:1331} INFO - Starting attempt 1 of 2
[2024-10-23T00:26:01.416+0000] {taskinstance.py:1350} INFO - Executing <Task(PythonOperator): run_bot_notebook> on 2024-10-23 00:25:00+00:00
[2024-10-23T00:26:01.420+0000] {standard_task_runner.py:57} INFO - Started process 387 to run task
[2024-10-23T00:26:01.422+0000] {standard_task_runner.py:84} INFO - Running: ['***', 'tasks', 'run', 'telegram_bot_dag', 'run_bot_notebook', 'scheduled__2024-10-23T00:25:00+00:00', '--job-id', '151', '--raw', '--subdir', 'DAGS_FOLDER/bot_dag.py', '--cfg-path', '/tmp/tmprwrq79ev']
[2024-10-23T00:26:01.424+0000] {standard_task_runner.py:85} INFO - Job 151: Subtask run_bot_notebook
[2024-10-23T00:26:01.461+0000] {task_command.py:410} INFO - Running <TaskInstance: telegram_bot_dag.run_bot_notebook scheduled__2024-10-23T00:25:00+00:00 [running]> on host 1e5799c660d9
[2024-10-23T00:26:01.521+0000] {taskinstance.py:1570} INFO - Exporting env vars: AIRFLOW_CTX_DAG_OWNER='***' AIRFLOW_CTX_DAG_ID='telegram_bot_dag' AIRFLOW_CTX_TASK_ID='run_bot_notebook' AIRFLOW_CTX_EXECUTION_DATE='2024-10-23T00:25:00+00:00' AIRFLOW_CTX_TRY_NUMBER='1' AIRFLOW_CTX_DAG_RUN_ID='scheduled__2024-10-23T00:25:00+00:00'
[2024-10-23T00:26:01.579+0000] {python.py:183} INFO - Done. Returned value was: None
[2024-10-23T00:26:01.588+0000] {taskinstance.py:1373} INFO - Marking task as SUCCESS. dag_id=telegram_bot_dag, task_id=run_bot_notebook, execution_date=20241023T002500, start_date=20241023T002601, end_date=20241023T002601
[2024-10-23T00:26:01.607+0000] {local_task_job_runner.py:232} INFO - Task exited with return code 0
[2024-10-23T00:26:01.620+0000] {taskinstance.py:2674} INFO - 0 downstream tasks scheduled from follow-on schedule check
[2024-10-23T00:37:09.193+0000] {taskinstance.py:1125} INFO - Dependencies all met for dep_context=non-requeueable deps ti=<TaskInstance: telegram_bot_dag.run_bot_notebook scheduled__2024-10-23T00:25:00+00:00 [queued]>
[2024-10-23T00:37:09.205+0000] {taskinstance.py:1125} INFO - Dependencies all met for dep_context=requeueable deps ti=<TaskInstance: telegram_bot_dag.run_bot_notebook scheduled__2024-10-23T00:25:00+00:00 [queued]>
[2024-10-23T00:37:09.208+0000] {taskinstance.py:1331} INFO - Starting attempt 1 of 2
[2024-10-23T00:37:09.219+0000] {taskinstance.py:1350} INFO - Executing <Task(PythonOperator): run_bot_notebook> on 2024-10-23 00:25:00+00:00
[2024-10-23T00:37:09.223+0000] {standard_task_runner.py:57} INFO - Started process 244 to run task
[2024-10-23T00:37:09.225+0000] {standard_task_runner.py:84} INFO - Running: ['***', 'tasks', 'run', 'telegram_bot_dag', 'run_bot_notebook', 'scheduled__2024-10-23T00:25:00+00:00', '--job-id', '192', '--raw', '--subdir', 'DAGS_FOLDER/bot_dag.py', '--cfg-path', '/tmp/tmpoie6oubq']
[2024-10-23T00:37:09.227+0000] {standard_task_runner.py:85} INFO - Job 192: Subtask run_bot_notebook
[2024-10-23T00:37:09.327+0000] {task_command.py:410} INFO - Running <TaskInstance: telegram_bot_dag.run_bot_notebook scheduled__2024-10-23T00:25:00+00:00 [running]> on host bf7c1478f077
[2024-10-23T00:37:09.471+0000] {taskinstance.py:1570} INFO - Exporting env vars: AIRFLOW_CTX_DAG_OWNER='***' AIRFLOW_CTX_DAG_ID='telegram_bot_dag' AIRFLOW_CTX_TASK_ID='run_bot_notebook' AIRFLOW_CTX_EXECUTION_DATE='2024-10-23T00:25:00+00:00' AIRFLOW_CTX_TRY_NUMBER='1' AIRFLOW_CTX_DAG_RUN_ID='scheduled__2024-10-23T00:25:00+00:00'
[2024-10-23T00:37:09.537+0000] {python.py:183} INFO - Done. Returned value was: None
[2024-10-23T00:37:09.563+0000] {taskinstance.py:1373} INFO - Marking task as SUCCESS. dag_id=telegram_bot_dag, task_id=run_bot_notebook, execution_date=20241023T002500, start_date=20241023T003709, end_date=20241023T003709
[2024-10-23T00:37:09.585+0000] {local_task_job_runner.py:232} INFO - Task exited with return code 0
[2024-10-23T00:37:09.609+0000] {taskinstance.py:2674} INFO - 0 downstream tasks scheduled from follow-on schedule check
