[2024-10-23T00:35:01.089+0000] {taskinstance.py:1125} INFO - Dependencies all met for dep_context=non-requeueable deps ti=<TaskInstance: telegram_bot_dag.run_bot_notebook scheduled__2024-10-23T00:34:00+00:00 [queued]>
[2024-10-23T00:35:01.095+0000] {taskinstance.py:1125} INFO - Dependencies all met for dep_context=requeueable deps ti=<TaskInstance: telegram_bot_dag.run_bot_notebook scheduled__2024-10-23T00:34:00+00:00 [queued]>
[2024-10-23T00:35:01.095+0000] {taskinstance.py:1331} INFO - Starting attempt 1 of 2
[2024-10-23T00:35:01.108+0000] {taskinstance.py:1350} INFO - Executing <Task(PythonOperator): run_bot_notebook> on 2024-10-23 00:34:00+00:00
[2024-10-23T00:35:01.111+0000] {standard_task_runner.py:57} INFO - Started process 258 to run task
[2024-10-23T00:35:01.114+0000] {standard_task_runner.py:84} INFO - Running: ['***', 'tasks', 'run', 'telegram_bot_dag', 'run_bot_notebook', 'scheduled__2024-10-23T00:34:00+00:00', '--job-id', '164', '--raw', '--subdir', 'DAGS_FOLDER/bot_dag.py', '--cfg-path', '/tmp/tmp0fp4oioy']
[2024-10-23T00:35:01.115+0000] {standard_task_runner.py:85} INFO - Job 164: Subtask run_bot_notebook
[2024-10-23T00:35:01.152+0000] {task_command.py:410} INFO - Running <TaskInstance: telegram_bot_dag.run_bot_notebook scheduled__2024-10-23T00:34:00+00:00 [running]> on host 34f05a89433a
[2024-10-23T00:35:01.219+0000] {taskinstance.py:1570} INFO - Exporting env vars: AIRFLOW_CTX_DAG_OWNER='***' AIRFLOW_CTX_DAG_ID='telegram_bot_dag' AIRFLOW_CTX_TASK_ID='run_bot_notebook' AIRFLOW_CTX_EXECUTION_DATE='2024-10-23T00:34:00+00:00' AIRFLOW_CTX_TRY_NUMBER='1' AIRFLOW_CTX_DAG_RUN_ID='scheduled__2024-10-23T00:34:00+00:00'
[2024-10-23T00:35:01.318+0000] {python.py:183} INFO - Done. Returned value was: None
[2024-10-23T00:35:01.354+0000] {taskinstance.py:1373} INFO - Marking task as SUCCESS. dag_id=telegram_bot_dag, task_id=run_bot_notebook, execution_date=20241023T003400, start_date=20241023T003501, end_date=20241023T003501
[2024-10-23T00:35:01.424+0000] {local_task_job_runner.py:232} INFO - Task exited with return code 0
[2024-10-23T00:35:01.469+0000] {taskinstance.py:2674} INFO - 0 downstream tasks scheduled from follow-on schedule check
[2024-10-23T00:37:13.503+0000] {taskinstance.py:1125} INFO - Dependencies all met for dep_context=non-requeueable deps ti=<TaskInstance: telegram_bot_dag.run_bot_notebook scheduled__2024-10-23T00:34:00+00:00 [queued]>
[2024-10-23T00:37:13.513+0000] {taskinstance.py:1125} INFO - Dependencies all met for dep_context=requeueable deps ti=<TaskInstance: telegram_bot_dag.run_bot_notebook scheduled__2024-10-23T00:34:00+00:00 [queued]>
[2024-10-23T00:37:13.514+0000] {taskinstance.py:1331} INFO - Starting attempt 1 of 2
[2024-10-23T00:37:13.534+0000] {taskinstance.py:1350} INFO - Executing <Task(PythonOperator): run_bot_notebook> on 2024-10-23 00:34:00+00:00
[2024-10-23T00:37:13.538+0000] {standard_task_runner.py:57} INFO - Started process 270 to run task
[2024-10-23T00:37:13.542+0000] {standard_task_runner.py:84} INFO - Running: ['***', 'tasks', 'run', 'telegram_bot_dag', 'run_bot_notebook', 'scheduled__2024-10-23T00:34:00+00:00', '--job-id', '201', '--raw', '--subdir', 'DAGS_FOLDER/bot_dag.py', '--cfg-path', '/tmp/tmp_59u8jrh']
[2024-10-23T00:37:13.546+0000] {standard_task_runner.py:85} INFO - Job 201: Subtask run_bot_notebook
[2024-10-23T00:37:13.644+0000] {task_command.py:410} INFO - Running <TaskInstance: telegram_bot_dag.run_bot_notebook scheduled__2024-10-23T00:34:00+00:00 [running]> on host bf7c1478f077
[2024-10-23T00:37:13.800+0000] {taskinstance.py:1570} INFO - Exporting env vars: AIRFLOW_CTX_DAG_OWNER='***' AIRFLOW_CTX_DAG_ID='telegram_bot_dag' AIRFLOW_CTX_TASK_ID='run_bot_notebook' AIRFLOW_CTX_EXECUTION_DATE='2024-10-23T00:34:00+00:00' AIRFLOW_CTX_TRY_NUMBER='1' AIRFLOW_CTX_DAG_RUN_ID='scheduled__2024-10-23T00:34:00+00:00'
[2024-10-23T00:37:13.872+0000] {python.py:183} INFO - Done. Returned value was: None
[2024-10-23T00:37:13.885+0000] {taskinstance.py:1373} INFO - Marking task as SUCCESS. dag_id=telegram_bot_dag, task_id=run_bot_notebook, execution_date=20241023T003400, start_date=20241023T003713, end_date=20241023T003713
[2024-10-23T00:37:13.929+0000] {local_task_job_runner.py:232} INFO - Task exited with return code 0
[2024-10-23T00:37:13.943+0000] {taskinstance.py:2674} INFO - 0 downstream tasks scheduled from follow-on schedule check
