[2024-10-23T00:13:01.267+0000] {taskinstance.py:1125} INFO - Dependencies all met for dep_context=non-requeueable deps ti=<TaskInstance: telegram_bot_dag.run_bot_notebook scheduled__2024-10-23T00:12:00+00:00 [queued]>
[2024-10-23T00:13:01.271+0000] {taskinstance.py:1125} INFO - Dependencies all met for dep_context=requeueable deps ti=<TaskInstance: telegram_bot_dag.run_bot_notebook scheduled__2024-10-23T00:12:00+00:00 [queued]>
[2024-10-23T00:13:01.271+0000] {taskinstance.py:1331} INFO - Starting attempt 1 of 2
[2024-10-23T00:13:01.278+0000] {taskinstance.py:1350} INFO - Executing <Task(PythonOperator): run_bot_notebook> on 2024-10-23 00:12:00+00:00
[2024-10-23T00:13:01.281+0000] {standard_task_runner.py:57} INFO - Started process 182 to run task
[2024-10-23T00:13:01.283+0000] {standard_task_runner.py:84} INFO - Running: ['***', 'tasks', 'run', 'telegram_bot_dag', 'run_bot_notebook', 'scheduled__2024-10-23T00:12:00+00:00', '--job-id', '126', '--raw', '--subdir', 'DAGS_FOLDER/bot_dag.py', '--cfg-path', '/tmp/tmp0tqyo39u']
[2024-10-23T00:13:01.284+0000] {standard_task_runner.py:85} INFO - Job 126: Subtask run_bot_notebook
[2024-10-23T00:13:01.321+0000] {task_command.py:410} INFO - Running <TaskInstance: telegram_bot_dag.run_bot_notebook scheduled__2024-10-23T00:12:00+00:00 [running]> on host 1e5799c660d9
[2024-10-23T00:13:01.377+0000] {taskinstance.py:1570} INFO - Exporting env vars: AIRFLOW_CTX_DAG_OWNER='***' AIRFLOW_CTX_DAG_ID='telegram_bot_dag' AIRFLOW_CTX_TASK_ID='run_bot_notebook' AIRFLOW_CTX_EXECUTION_DATE='2024-10-23T00:12:00+00:00' AIRFLOW_CTX_TRY_NUMBER='1' AIRFLOW_CTX_DAG_RUN_ID='scheduled__2024-10-23T00:12:00+00:00'
[2024-10-23T00:13:01.432+0000] {python.py:183} INFO - Done. Returned value was: None
[2024-10-23T00:13:01.442+0000] {taskinstance.py:1373} INFO - Marking task as SUCCESS. dag_id=telegram_bot_dag, task_id=run_bot_notebook, execution_date=20241023T001200, start_date=20241023T001301, end_date=20241023T001301
[2024-10-23T00:13:01.469+0000] {local_task_job_runner.py:232} INFO - Task exited with return code 0
[2024-10-23T00:13:01.483+0000] {taskinstance.py:2674} INFO - 0 downstream tasks scheduled from follow-on schedule check
[2024-10-23T00:13:32.066+0000] {taskinstance.py:1125} INFO - Dependencies all met for dep_context=non-requeueable deps ti=<TaskInstance: telegram_bot_dag.run_bot_notebook scheduled__2024-10-23T00:12:00+00:00 [queued]>
[2024-10-23T00:13:32.077+0000] {taskinstance.py:1125} INFO - Dependencies all met for dep_context=requeueable deps ti=<TaskInstance: telegram_bot_dag.run_bot_notebook scheduled__2024-10-23T00:12:00+00:00 [queued]>
[2024-10-23T00:13:32.077+0000] {taskinstance.py:1331} INFO - Starting attempt 1 of 2
[2024-10-23T00:13:32.094+0000] {taskinstance.py:1350} INFO - Executing <Task(PythonOperator): run_bot_notebook> on 2024-10-23 00:12:00+00:00
[2024-10-23T00:13:32.099+0000] {standard_task_runner.py:57} INFO - Started process 211 to run task
[2024-10-23T00:13:32.101+0000] {standard_task_runner.py:84} INFO - Running: ['***', 'tasks', 'run', 'telegram_bot_dag', 'run_bot_notebook', 'scheduled__2024-10-23T00:12:00+00:00', '--job-id', '135', '--raw', '--subdir', 'DAGS_FOLDER/bot_dag.py', '--cfg-path', '/tmp/tmp2jfxwab9']
[2024-10-23T00:13:32.103+0000] {standard_task_runner.py:85} INFO - Job 135: Subtask run_bot_notebook
[2024-10-23T00:13:32.209+0000] {task_command.py:410} INFO - Running <TaskInstance: telegram_bot_dag.run_bot_notebook scheduled__2024-10-23T00:12:00+00:00 [running]> on host 1e5799c660d9
[2024-10-23T00:13:32.330+0000] {taskinstance.py:1570} INFO - Exporting env vars: AIRFLOW_CTX_DAG_OWNER='***' AIRFLOW_CTX_DAG_ID='telegram_bot_dag' AIRFLOW_CTX_TASK_ID='run_bot_notebook' AIRFLOW_CTX_EXECUTION_DATE='2024-10-23T00:12:00+00:00' AIRFLOW_CTX_TRY_NUMBER='1' AIRFLOW_CTX_DAG_RUN_ID='scheduled__2024-10-23T00:12:00+00:00'
[2024-10-23T00:13:32.381+0000] {python.py:183} INFO - Done. Returned value was: None
[2024-10-23T00:13:32.389+0000] {taskinstance.py:1373} INFO - Marking task as SUCCESS. dag_id=telegram_bot_dag, task_id=run_bot_notebook, execution_date=20241023T001200, start_date=20241023T001332, end_date=20241023T001332
[2024-10-23T00:13:32.411+0000] {local_task_job_runner.py:232} INFO - Task exited with return code 0
[2024-10-23T00:13:32.424+0000] {taskinstance.py:2674} INFO - 0 downstream tasks scheduled from follow-on schedule check
[2024-10-23T00:37:04.581+0000] {taskinstance.py:1125} INFO - Dependencies all met for dep_context=non-requeueable deps ti=<TaskInstance: telegram_bot_dag.run_bot_notebook scheduled__2024-10-23T00:12:00+00:00 [queued]>
[2024-10-23T00:37:04.612+0000] {taskinstance.py:1125} INFO - Dependencies all met for dep_context=requeueable deps ti=<TaskInstance: telegram_bot_dag.run_bot_notebook scheduled__2024-10-23T00:12:00+00:00 [queued]>
[2024-10-23T00:37:04.613+0000] {taskinstance.py:1331} INFO - Starting attempt 1 of 2
[2024-10-23T00:37:04.660+0000] {taskinstance.py:1350} INFO - Executing <Task(PythonOperator): run_bot_notebook> on 2024-10-23 00:12:00+00:00
[2024-10-23T00:37:04.662+0000] {standard_task_runner.py:57} INFO - Started process 205 to run task
[2024-10-23T00:37:04.679+0000] {standard_task_runner.py:84} INFO - Running: ['***', 'tasks', 'run', 'telegram_bot_dag', 'run_bot_notebook', 'scheduled__2024-10-23T00:12:00+00:00', '--job-id', '179', '--raw', '--subdir', 'DAGS_FOLDER/bot_dag.py', '--cfg-path', '/tmp/tmpj130c0lm']
[2024-10-23T00:37:04.687+0000] {standard_task_runner.py:85} INFO - Job 179: Subtask run_bot_notebook
[2024-10-23T00:37:04.846+0000] {task_command.py:410} INFO - Running <TaskInstance: telegram_bot_dag.run_bot_notebook scheduled__2024-10-23T00:12:00+00:00 [running]> on host bf7c1478f077
[2024-10-23T00:37:04.969+0000] {taskinstance.py:1570} INFO - Exporting env vars: AIRFLOW_CTX_DAG_OWNER='***' AIRFLOW_CTX_DAG_ID='telegram_bot_dag' AIRFLOW_CTX_TASK_ID='run_bot_notebook' AIRFLOW_CTX_EXECUTION_DATE='2024-10-23T00:12:00+00:00' AIRFLOW_CTX_TRY_NUMBER='1' AIRFLOW_CTX_DAG_RUN_ID='scheduled__2024-10-23T00:12:00+00:00'
[2024-10-23T00:37:05.024+0000] {python.py:183} INFO - Done. Returned value was: None
[2024-10-23T00:37:05.036+0000] {taskinstance.py:1373} INFO - Marking task as SUCCESS. dag_id=telegram_bot_dag, task_id=run_bot_notebook, execution_date=20241023T001200, start_date=20241023T003704, end_date=20241023T003705
[2024-10-23T00:37:05.058+0000] {local_task_job_runner.py:232} INFO - Task exited with return code 0
[2024-10-23T00:37:05.075+0000] {taskinstance.py:2674} INFO - 0 downstream tasks scheduled from follow-on schedule check
