[2024-10-23T00:22:01.444+0000] {taskinstance.py:1125} INFO - Dependencies all met for dep_context=non-requeueable deps ti=<TaskInstance: telegram_bot_dag.run_bot_notebook scheduled__2024-10-23T00:21:00+00:00 [queued]>
[2024-10-23T00:22:01.448+0000] {taskinstance.py:1125} INFO - Dependencies all met for dep_context=requeueable deps ti=<TaskInstance: telegram_bot_dag.run_bot_notebook scheduled__2024-10-23T00:21:00+00:00 [queued]>
[2024-10-23T00:22:01.448+0000] {taskinstance.py:1331} INFO - Starting attempt 1 of 2
[2024-10-23T00:22:01.456+0000] {taskinstance.py:1350} INFO - Executing <Task(PythonOperator): run_bot_notebook> on 2024-10-23 00:21:00+00:00
[2024-10-23T00:22:01.459+0000] {standard_task_runner.py:57} INFO - Started process 335 to run task
[2024-10-23T00:22:01.461+0000] {standard_task_runner.py:84} INFO - Running: ['***', 'tasks', 'run', 'telegram_bot_dag', 'run_bot_notebook', 'scheduled__2024-10-23T00:21:00+00:00', '--job-id', '147', '--raw', '--subdir', 'DAGS_FOLDER/bot_dag.py', '--cfg-path', '/tmp/tmpsicq476j']
[2024-10-23T00:22:01.463+0000] {standard_task_runner.py:85} INFO - Job 147: Subtask run_bot_notebook
[2024-10-23T00:22:01.502+0000] {task_command.py:410} INFO - Running <TaskInstance: telegram_bot_dag.run_bot_notebook scheduled__2024-10-23T00:21:00+00:00 [running]> on host 1e5799c660d9
[2024-10-23T00:22:01.562+0000] {taskinstance.py:1570} INFO - Exporting env vars: AIRFLOW_CTX_DAG_OWNER='***' AIRFLOW_CTX_DAG_ID='telegram_bot_dag' AIRFLOW_CTX_TASK_ID='run_bot_notebook' AIRFLOW_CTX_EXECUTION_DATE='2024-10-23T00:21:00+00:00' AIRFLOW_CTX_TRY_NUMBER='1' AIRFLOW_CTX_DAG_RUN_ID='scheduled__2024-10-23T00:21:00+00:00'
[2024-10-23T00:22:01.618+0000] {python.py:183} INFO - Done. Returned value was: None
[2024-10-23T00:22:01.627+0000] {taskinstance.py:1373} INFO - Marking task as SUCCESS. dag_id=telegram_bot_dag, task_id=run_bot_notebook, execution_date=20241023T002100, start_date=20241023T002201, end_date=20241023T002201
[2024-10-23T00:22:01.645+0000] {local_task_job_runner.py:232} INFO - Task exited with return code 0
[2024-10-23T00:22:01.657+0000] {taskinstance.py:2674} INFO - 0 downstream tasks scheduled from follow-on schedule check
[2024-10-23T00:37:07.893+0000] {taskinstance.py:1125} INFO - Dependencies all met for dep_context=non-requeueable deps ti=<TaskInstance: telegram_bot_dag.run_bot_notebook scheduled__2024-10-23T00:21:00+00:00 [queued]>
[2024-10-23T00:37:07.908+0000] {taskinstance.py:1125} INFO - Dependencies all met for dep_context=requeueable deps ti=<TaskInstance: telegram_bot_dag.run_bot_notebook scheduled__2024-10-23T00:21:00+00:00 [queued]>
[2024-10-23T00:37:07.911+0000] {taskinstance.py:1331} INFO - Starting attempt 1 of 2
[2024-10-23T00:37:08.057+0000] {taskinstance.py:1350} INFO - Executing <Task(PythonOperator): run_bot_notebook> on 2024-10-23 00:21:00+00:00
[2024-10-23T00:37:08.066+0000] {standard_task_runner.py:57} INFO - Started process 230 to run task
[2024-10-23T00:37:08.079+0000] {standard_task_runner.py:84} INFO - Running: ['***', 'tasks', 'run', 'telegram_bot_dag', 'run_bot_notebook', 'scheduled__2024-10-23T00:21:00+00:00', '--job-id', '188', '--raw', '--subdir', 'DAGS_FOLDER/bot_dag.py', '--cfg-path', '/tmp/tmpz95ju_nz']
[2024-10-23T00:37:08.090+0000] {standard_task_runner.py:85} INFO - Job 188: Subtask run_bot_notebook
[2024-10-23T00:37:08.413+0000] {task_command.py:410} INFO - Running <TaskInstance: telegram_bot_dag.run_bot_notebook scheduled__2024-10-23T00:21:00+00:00 [running]> on host bf7c1478f077
[2024-10-23T00:37:08.861+0000] {taskinstance.py:1570} INFO - Exporting env vars: AIRFLOW_CTX_DAG_OWNER='***' AIRFLOW_CTX_DAG_ID='telegram_bot_dag' AIRFLOW_CTX_TASK_ID='run_bot_notebook' AIRFLOW_CTX_EXECUTION_DATE='2024-10-23T00:21:00+00:00' AIRFLOW_CTX_TRY_NUMBER='1' AIRFLOW_CTX_DAG_RUN_ID='scheduled__2024-10-23T00:21:00+00:00'
[2024-10-23T00:37:08.937+0000] {python.py:183} INFO - Done. Returned value was: None
[2024-10-23T00:37:09.006+0000] {taskinstance.py:1373} INFO - Marking task as SUCCESS. dag_id=telegram_bot_dag, task_id=run_bot_notebook, execution_date=20241023T002100, start_date=20241023T003707, end_date=20241023T003709
[2024-10-23T00:37:09.056+0000] {local_task_job_runner.py:232} INFO - Task exited with return code 0
[2024-10-23T00:37:09.115+0000] {taskinstance.py:2674} INFO - 0 downstream tasks scheduled from follow-on schedule check
