[2024-10-22T23:51:18.301+0000] {taskinstance.py:1125} INFO - Dependencies all met for dep_context=non-requeueable deps ti=<TaskInstance: telegram_bot_dag.run_bot_notebook scheduled__2024-10-22T00:19:00+00:00 [queued]>
[2024-10-22T23:51:18.313+0000] {taskinstance.py:1125} INFO - Dependencies all met for dep_context=requeueable deps ti=<TaskInstance: telegram_bot_dag.run_bot_notebook scheduled__2024-10-22T00:19:00+00:00 [queued]>
[2024-10-22T23:51:18.314+0000] {taskinstance.py:1331} INFO - Starting attempt 2 of 2
[2024-10-22T23:51:18.351+0000] {taskinstance.py:1350} INFO - Executing <Task(PythonOperator): run_bot_notebook> on 2024-10-22 00:19:00+00:00
[2024-10-22T23:51:18.355+0000] {standard_task_runner.py:57} INFO - Started process 334 to run task
[2024-10-22T23:51:18.364+0000] {standard_task_runner.py:84} INFO - Running: ['***', 'tasks', 'run', 'telegram_bot_dag', 'run_bot_notebook', 'scheduled__2024-10-22T00:19:00+00:00', '--job-id', '59', '--raw', '--subdir', 'DAGS_FOLDER/bot_dag.py', '--cfg-path', '/tmp/tmpng066j14']
[2024-10-22T23:51:18.368+0000] {standard_task_runner.py:85} INFO - Job 59: Subtask run_bot_notebook
[2024-10-22T23:51:18.510+0000] {task_command.py:410} INFO - Running <TaskInstance: telegram_bot_dag.run_bot_notebook scheduled__2024-10-22T00:19:00+00:00 [running]> on host d27db8213558
[2024-10-22T23:51:19.405+0000] {taskinstance.py:1570} INFO - Exporting env vars: AIRFLOW_CTX_DAG_OWNER='***' AIRFLOW_CTX_DAG_ID='telegram_bot_dag' AIRFLOW_CTX_TASK_ID='run_bot_notebook' AIRFLOW_CTX_EXECUTION_DATE='2024-10-22T00:19:00+00:00' AIRFLOW_CTX_TRY_NUMBER='2' AIRFLOW_CTX_DAG_RUN_ID='scheduled__2024-10-22T00:19:00+00:00'
[2024-10-22T23:51:19.414+0000] {taskinstance.py:1847} ERROR - Task failed with exception
Traceback (most recent call last):
  File "/home/airflow/.local/lib/python3.7/site-packages/airflow/operators/python.py", line 181, in execute
    return_value = self.execute_callable()
  File "/home/airflow/.local/lib/python3.7/site-packages/airflow/operators/python.py", line 198, in execute_callable
    return self.python_callable(*self.op_args, **self.op_kwargs)
  File "/opt/airflow/dags/bot_dag.py", line 8, in run_bot_notebook
    subprocess.run(["jupyter", "nbconvert", "--to", "script", "/path/to/your/notebook/pbot.ipynb"])
  File "/usr/local/lib/python3.7/subprocess.py", line 488, in run
    with Popen(*popenargs, **kwargs) as process:
  File "/usr/local/lib/python3.7/subprocess.py", line 800, in __init__
    restore_signals, start_new_session)
  File "/usr/local/lib/python3.7/subprocess.py", line 1551, in _execute_child
    raise child_exception_type(errno_num, err_msg, err_filename)
PermissionError: [Errno 13] Permission denied: 'jupyter'
[2024-10-22T23:51:19.476+0000] {taskinstance.py:1373} INFO - Marking task as FAILED. dag_id=telegram_bot_dag, task_id=run_bot_notebook, execution_date=20241022T001900, start_date=20241022T235118, end_date=20241022T235119
[2024-10-22T23:51:19.520+0000] {standard_task_runner.py:109} ERROR - Failed to execute job 59 for task run_bot_notebook ([Errno 13] Permission denied: 'jupyter'; 334)
[2024-10-22T23:51:19.553+0000] {local_task_job_runner.py:232} INFO - Task exited with return code 1
[2024-10-22T23:51:19.733+0000] {taskinstance.py:2674} INFO - 0 downstream tasks scheduled from follow-on schedule check
