[2024-10-23T00:08:01.284+0000] {taskinstance.py:1125} INFO - Dependencies all met for dep_context=non-requeueable deps ti=<TaskInstance: telegram_bot_dag.run_bot_notebook scheduled__2024-10-23T00:07:00+00:00 [queued]>
[2024-10-23T00:08:01.289+0000] {taskinstance.py:1125} INFO - Dependencies all met for dep_context=requeueable deps ti=<TaskInstance: telegram_bot_dag.run_bot_notebook scheduled__2024-10-23T00:07:00+00:00 [queued]>
[2024-10-23T00:08:01.289+0000] {taskinstance.py:1331} INFO - Starting attempt 1 of 2
[2024-10-23T00:08:01.296+0000] {taskinstance.py:1350} INFO - Executing <Task(PythonOperator): run_bot_notebook> on 2024-10-23 00:07:00+00:00
[2024-10-23T00:08:01.298+0000] {standard_task_runner.py:57} INFO - Started process 173 to run task
[2024-10-23T00:08:01.300+0000] {standard_task_runner.py:84} INFO - Running: ['***', 'tasks', 'run', 'telegram_bot_dag', 'run_bot_notebook', 'scheduled__2024-10-23T00:07:00+00:00', '--job-id', '119', '--raw', '--subdir', 'DAGS_FOLDER/bot_dag.py', '--cfg-path', '/tmp/tmpab1_wluj']
[2024-10-23T00:08:01.301+0000] {standard_task_runner.py:85} INFO - Job 119: Subtask run_bot_notebook
[2024-10-23T00:08:01.332+0000] {task_command.py:410} INFO - Running <TaskInstance: telegram_bot_dag.run_bot_notebook scheduled__2024-10-23T00:07:00+00:00 [running]> on host a810a84a5c8b
[2024-10-23T00:08:01.393+0000] {taskinstance.py:1570} INFO - Exporting env vars: AIRFLOW_CTX_DAG_OWNER='***' AIRFLOW_CTX_DAG_ID='telegram_bot_dag' AIRFLOW_CTX_TASK_ID='run_bot_notebook' AIRFLOW_CTX_EXECUTION_DATE='2024-10-23T00:07:00+00:00' AIRFLOW_CTX_TRY_NUMBER='1' AIRFLOW_CTX_DAG_RUN_ID='scheduled__2024-10-23T00:07:00+00:00'
[2024-10-23T00:08:01.445+0000] {python.py:183} INFO - Done. Returned value was: None
[2024-10-23T00:08:01.454+0000] {taskinstance.py:1373} INFO - Marking task as SUCCESS. dag_id=telegram_bot_dag, task_id=run_bot_notebook, execution_date=20241023T000700, start_date=20241023T000801, end_date=20241023T000801
[2024-10-23T00:08:01.479+0000] {local_task_job_runner.py:232} INFO - Task exited with return code 0
[2024-10-23T00:08:01.492+0000] {taskinstance.py:2674} INFO - 0 downstream tasks scheduled from follow-on schedule check
[2024-10-23T00:13:31.327+0000] {taskinstance.py:1125} INFO - Dependencies all met for dep_context=non-requeueable deps ti=<TaskInstance: telegram_bot_dag.run_bot_notebook scheduled__2024-10-23T00:07:00+00:00 [queued]>
[2024-10-23T00:13:31.342+0000] {taskinstance.py:1125} INFO - Dependencies all met for dep_context=requeueable deps ti=<TaskInstance: telegram_bot_dag.run_bot_notebook scheduled__2024-10-23T00:07:00+00:00 [queued]>
[2024-10-23T00:13:31.346+0000] {taskinstance.py:1331} INFO - Starting attempt 1 of 2
[2024-10-23T00:13:31.424+0000] {taskinstance.py:1350} INFO - Executing <Task(PythonOperator): run_bot_notebook> on 2024-10-23 00:07:00+00:00
[2024-10-23T00:13:31.426+0000] {standard_task_runner.py:57} INFO - Started process 201 to run task
[2024-10-23T00:13:31.429+0000] {standard_task_runner.py:84} INFO - Running: ['***', 'tasks', 'run', 'telegram_bot_dag', 'run_bot_notebook', 'scheduled__2024-10-23T00:07:00+00:00', '--job-id', '130', '--raw', '--subdir', 'DAGS_FOLDER/bot_dag.py', '--cfg-path', '/tmp/tmpy1ayskkf']
[2024-10-23T00:13:31.436+0000] {standard_task_runner.py:85} INFO - Job 130: Subtask run_bot_notebook
[2024-10-23T00:13:31.682+0000] {task_command.py:410} INFO - Running <TaskInstance: telegram_bot_dag.run_bot_notebook scheduled__2024-10-23T00:07:00+00:00 [running]> on host 1e5799c660d9
[2024-10-23T00:13:31.999+0000] {taskinstance.py:1570} INFO - Exporting env vars: AIRFLOW_CTX_DAG_OWNER='***' AIRFLOW_CTX_DAG_ID='telegram_bot_dag' AIRFLOW_CTX_TASK_ID='run_bot_notebook' AIRFLOW_CTX_EXECUTION_DATE='2024-10-23T00:07:00+00:00' AIRFLOW_CTX_TRY_NUMBER='1' AIRFLOW_CTX_DAG_RUN_ID='scheduled__2024-10-23T00:07:00+00:00'
[2024-10-23T00:13:32.058+0000] {python.py:183} INFO - Done. Returned value was: None
[2024-10-23T00:13:32.084+0000] {taskinstance.py:1373} INFO - Marking task as SUCCESS. dag_id=telegram_bot_dag, task_id=run_bot_notebook, execution_date=20241023T000700, start_date=20241023T001331, end_date=20241023T001332
[2024-10-23T00:13:32.135+0000] {local_task_job_runner.py:232} INFO - Task exited with return code 0
[2024-10-23T00:13:32.168+0000] {taskinstance.py:2674} INFO - 0 downstream tasks scheduled from follow-on schedule check
[2024-10-23T00:37:03.253+0000] {taskinstance.py:1125} INFO - Dependencies all met for dep_context=non-requeueable deps ti=<TaskInstance: telegram_bot_dag.run_bot_notebook scheduled__2024-10-23T00:07:00+00:00 [queued]>
[2024-10-23T00:37:03.282+0000] {taskinstance.py:1125} INFO - Dependencies all met for dep_context=requeueable deps ti=<TaskInstance: telegram_bot_dag.run_bot_notebook scheduled__2024-10-23T00:07:00+00:00 [queued]>
[2024-10-23T00:37:03.282+0000] {taskinstance.py:1331} INFO - Starting attempt 1 of 2
[2024-10-23T00:37:03.323+0000] {taskinstance.py:1350} INFO - Executing <Task(PythonOperator): run_bot_notebook> on 2024-10-23 00:07:00+00:00
[2024-10-23T00:37:03.339+0000] {standard_task_runner.py:57} INFO - Started process 186 to run task
[2024-10-23T00:37:03.354+0000] {standard_task_runner.py:84} INFO - Running: ['***', 'tasks', 'run', 'telegram_bot_dag', 'run_bot_notebook', 'scheduled__2024-10-23T00:07:00+00:00', '--job-id', '174', '--raw', '--subdir', 'DAGS_FOLDER/bot_dag.py', '--cfg-path', '/tmp/tmpvmp1qxyy']
[2024-10-23T00:37:03.368+0000] {standard_task_runner.py:85} INFO - Job 174: Subtask run_bot_notebook
[2024-10-23T00:37:03.781+0000] {task_command.py:410} INFO - Running <TaskInstance: telegram_bot_dag.run_bot_notebook scheduled__2024-10-23T00:07:00+00:00 [running]> on host bf7c1478f077
[2024-10-23T00:37:04.418+0000] {taskinstance.py:1570} INFO - Exporting env vars: AIRFLOW_CTX_DAG_OWNER='***' AIRFLOW_CTX_DAG_ID='telegram_bot_dag' AIRFLOW_CTX_TASK_ID='run_bot_notebook' AIRFLOW_CTX_EXECUTION_DATE='2024-10-23T00:07:00+00:00' AIRFLOW_CTX_TRY_NUMBER='1' AIRFLOW_CTX_DAG_RUN_ID='scheduled__2024-10-23T00:07:00+00:00'
[2024-10-23T00:37:04.618+0000] {python.py:183} INFO - Done. Returned value was: None
[2024-10-23T00:37:04.684+0000] {taskinstance.py:1373} INFO - Marking task as SUCCESS. dag_id=telegram_bot_dag, task_id=run_bot_notebook, execution_date=20241023T000700, start_date=20241023T003703, end_date=20241023T003704
[2024-10-23T00:37:04.732+0000] {local_task_job_runner.py:232} INFO - Task exited with return code 0
[2024-10-23T00:37:04.805+0000] {taskinstance.py:2674} INFO - 0 downstream tasks scheduled from follow-on schedule check
