[2024-10-23T00:34:01.084+0000] {taskinstance.py:1125} INFO - Dependencies all met for dep_context=non-requeueable deps ti=<TaskInstance: telegram_bot_dag.run_bot_notebook scheduled__2024-10-23T00:33:00+00:00 [queued]>
[2024-10-23T00:34:01.088+0000] {taskinstance.py:1125} INFO - Dependencies all met for dep_context=requeueable deps ti=<TaskInstance: telegram_bot_dag.run_bot_notebook scheduled__2024-10-23T00:33:00+00:00 [queued]>
[2024-10-23T00:34:01.088+0000] {taskinstance.py:1331} INFO - Starting attempt 1 of 2
[2024-10-23T00:34:01.095+0000] {taskinstance.py:1350} INFO - Executing <Task(PythonOperator): run_bot_notebook> on 2024-10-23 00:33:00+00:00
[2024-10-23T00:34:01.097+0000] {standard_task_runner.py:57} INFO - Started process 245 to run task
[2024-10-23T00:34:01.101+0000] {standard_task_runner.py:84} INFO - Running: ['***', 'tasks', 'run', 'telegram_bot_dag', 'run_bot_notebook', 'scheduled__2024-10-23T00:33:00+00:00', '--job-id', '163', '--raw', '--subdir', 'DAGS_FOLDER/bot_dag.py', '--cfg-path', '/tmp/tmpjcms2ez8']
[2024-10-23T00:34:01.102+0000] {standard_task_runner.py:85} INFO - Job 163: Subtask run_bot_notebook
[2024-10-23T00:34:01.138+0000] {task_command.py:410} INFO - Running <TaskInstance: telegram_bot_dag.run_bot_notebook scheduled__2024-10-23T00:33:00+00:00 [running]> on host 34f05a89433a
[2024-10-23T00:34:01.270+0000] {taskinstance.py:1570} INFO - Exporting env vars: AIRFLOW_CTX_DAG_OWNER='***' AIRFLOW_CTX_DAG_ID='telegram_bot_dag' AIRFLOW_CTX_TASK_ID='run_bot_notebook' AIRFLOW_CTX_EXECUTION_DATE='2024-10-23T00:33:00+00:00' AIRFLOW_CTX_TRY_NUMBER='1' AIRFLOW_CTX_DAG_RUN_ID='scheduled__2024-10-23T00:33:00+00:00'
[2024-10-23T00:34:01.339+0000] {python.py:183} INFO - Done. Returned value was: None
[2024-10-23T00:34:01.354+0000] {taskinstance.py:1373} INFO - Marking task as SUCCESS. dag_id=telegram_bot_dag, task_id=run_bot_notebook, execution_date=20241023T003300, start_date=20241023T003401, end_date=20241023T003401
[2024-10-23T00:34:01.404+0000] {local_task_job_runner.py:232} INFO - Task exited with return code 0
[2024-10-23T00:34:01.418+0000] {taskinstance.py:2674} INFO - 0 downstream tasks scheduled from follow-on schedule check
[2024-10-23T00:37:13.455+0000] {taskinstance.py:1125} INFO - Dependencies all met for dep_context=non-requeueable deps ti=<TaskInstance: telegram_bot_dag.run_bot_notebook scheduled__2024-10-23T00:33:00+00:00 [queued]>
[2024-10-23T00:37:13.466+0000] {taskinstance.py:1125} INFO - Dependencies all met for dep_context=requeueable deps ti=<TaskInstance: telegram_bot_dag.run_bot_notebook scheduled__2024-10-23T00:33:00+00:00 [queued]>
[2024-10-23T00:37:13.466+0000] {taskinstance.py:1331} INFO - Starting attempt 1 of 2
[2024-10-23T00:37:13.483+0000] {taskinstance.py:1350} INFO - Executing <Task(PythonOperator): run_bot_notebook> on 2024-10-23 00:33:00+00:00
[2024-10-23T00:37:13.486+0000] {standard_task_runner.py:57} INFO - Started process 267 to run task
[2024-10-23T00:37:13.489+0000] {standard_task_runner.py:84} INFO - Running: ['***', 'tasks', 'run', 'telegram_bot_dag', 'run_bot_notebook', 'scheduled__2024-10-23T00:33:00+00:00', '--job-id', '200', '--raw', '--subdir', 'DAGS_FOLDER/bot_dag.py', '--cfg-path', '/tmp/tmpi4ac_sqq']
[2024-10-23T00:37:13.493+0000] {standard_task_runner.py:85} INFO - Job 200: Subtask run_bot_notebook
[2024-10-23T00:37:13.608+0000] {task_command.py:410} INFO - Running <TaskInstance: telegram_bot_dag.run_bot_notebook scheduled__2024-10-23T00:33:00+00:00 [running]> on host bf7c1478f077
[2024-10-23T00:37:13.773+0000] {taskinstance.py:1570} INFO - Exporting env vars: AIRFLOW_CTX_DAG_OWNER='***' AIRFLOW_CTX_DAG_ID='telegram_bot_dag' AIRFLOW_CTX_TASK_ID='run_bot_notebook' AIRFLOW_CTX_EXECUTION_DATE='2024-10-23T00:33:00+00:00' AIRFLOW_CTX_TRY_NUMBER='1' AIRFLOW_CTX_DAG_RUN_ID='scheduled__2024-10-23T00:33:00+00:00'
[2024-10-23T00:37:13.855+0000] {python.py:183} INFO - Done. Returned value was: None
[2024-10-23T00:37:13.867+0000] {taskinstance.py:1373} INFO - Marking task as SUCCESS. dag_id=telegram_bot_dag, task_id=run_bot_notebook, execution_date=20241023T003300, start_date=20241023T003713, end_date=20241023T003713
[2024-10-23T00:37:13.880+0000] {local_task_job_runner.py:232} INFO - Task exited with return code 0
[2024-10-23T00:37:13.899+0000] {taskinstance.py:2674} INFO - 0 downstream tasks scheduled from follow-on schedule check
