[2024-10-23T00:23:00.612+0000] {taskinstance.py:1125} INFO - Dependencies all met for dep_context=non-requeueable deps ti=<TaskInstance: telegram_bot_dag.run_bot_notebook scheduled__2024-10-23T00:22:00+00:00 [queued]>
[2024-10-23T00:23:00.617+0000] {taskinstance.py:1125} INFO - Dependencies all met for dep_context=requeueable deps ti=<TaskInstance: telegram_bot_dag.run_bot_notebook scheduled__2024-10-23T00:22:00+00:00 [queued]>
[2024-10-23T00:23:00.617+0000] {taskinstance.py:1331} INFO - Starting attempt 1 of 2
[2024-10-23T00:23:00.626+0000] {taskinstance.py:1350} INFO - Executing <Task(PythonOperator): run_bot_notebook> on 2024-10-23 00:22:00+00:00
[2024-10-23T00:23:00.629+0000] {standard_task_runner.py:57} INFO - Started process 348 to run task
[2024-10-23T00:23:00.630+0000] {standard_task_runner.py:84} INFO - Running: ['***', 'tasks', 'run', 'telegram_bot_dag', 'run_bot_notebook', 'scheduled__2024-10-23T00:22:00+00:00', '--job-id', '148', '--raw', '--subdir', 'DAGS_FOLDER/bot_dag.py', '--cfg-path', '/tmp/tmp462vltzk']
[2024-10-23T00:23:00.632+0000] {standard_task_runner.py:85} INFO - Job 148: Subtask run_bot_notebook
[2024-10-23T00:23:00.691+0000] {task_command.py:410} INFO - Running <TaskInstance: telegram_bot_dag.run_bot_notebook scheduled__2024-10-23T00:22:00+00:00 [running]> on host 1e5799c660d9
[2024-10-23T00:23:00.756+0000] {taskinstance.py:1570} INFO - Exporting env vars: AIRFLOW_CTX_DAG_OWNER='***' AIRFLOW_CTX_DAG_ID='telegram_bot_dag' AIRFLOW_CTX_TASK_ID='run_bot_notebook' AIRFLOW_CTX_EXECUTION_DATE='2024-10-23T00:22:00+00:00' AIRFLOW_CTX_TRY_NUMBER='1' AIRFLOW_CTX_DAG_RUN_ID='scheduled__2024-10-23T00:22:00+00:00'
[2024-10-23T00:23:00.813+0000] {python.py:183} INFO - Done. Returned value was: None
[2024-10-23T00:23:00.821+0000] {taskinstance.py:1373} INFO - Marking task as SUCCESS. dag_id=telegram_bot_dag, task_id=run_bot_notebook, execution_date=20241023T002200, start_date=20241023T002300, end_date=20241023T002300
[2024-10-23T00:23:00.853+0000] {local_task_job_runner.py:232} INFO - Task exited with return code 0
[2024-10-23T00:23:00.866+0000] {taskinstance.py:2674} INFO - 0 downstream tasks scheduled from follow-on schedule check
[2024-10-23T00:37:08.509+0000] {taskinstance.py:1125} INFO - Dependencies all met for dep_context=non-requeueable deps ti=<TaskInstance: telegram_bot_dag.run_bot_notebook scheduled__2024-10-23T00:22:00+00:00 [queued]>
[2024-10-23T00:37:08.543+0000] {taskinstance.py:1125} INFO - Dependencies all met for dep_context=requeueable deps ti=<TaskInstance: telegram_bot_dag.run_bot_notebook scheduled__2024-10-23T00:22:00+00:00 [queued]>
[2024-10-23T00:37:08.551+0000] {taskinstance.py:1331} INFO - Starting attempt 1 of 2
[2024-10-23T00:37:08.633+0000] {taskinstance.py:1350} INFO - Executing <Task(PythonOperator): run_bot_notebook> on 2024-10-23 00:22:00+00:00
[2024-10-23T00:37:08.678+0000] {standard_task_runner.py:57} INFO - Started process 238 to run task
[2024-10-23T00:37:08.684+0000] {standard_task_runner.py:84} INFO - Running: ['***', 'tasks', 'run', 'telegram_bot_dag', 'run_bot_notebook', 'scheduled__2024-10-23T00:22:00+00:00', '--job-id', '189', '--raw', '--subdir', 'DAGS_FOLDER/bot_dag.py', '--cfg-path', '/tmp/tmptua_xwa8']
[2024-10-23T00:37:08.685+0000] {standard_task_runner.py:85} INFO - Job 189: Subtask run_bot_notebook
[2024-10-23T00:37:09.008+0000] {task_command.py:410} INFO - Running <TaskInstance: telegram_bot_dag.run_bot_notebook scheduled__2024-10-23T00:22:00+00:00 [running]> on host bf7c1478f077
[2024-10-23T00:37:09.226+0000] {taskinstance.py:1570} INFO - Exporting env vars: AIRFLOW_CTX_DAG_OWNER='***' AIRFLOW_CTX_DAG_ID='telegram_bot_dag' AIRFLOW_CTX_TASK_ID='run_bot_notebook' AIRFLOW_CTX_EXECUTION_DATE='2024-10-23T00:22:00+00:00' AIRFLOW_CTX_TRY_NUMBER='1' AIRFLOW_CTX_DAG_RUN_ID='scheduled__2024-10-23T00:22:00+00:00'
[2024-10-23T00:37:09.295+0000] {python.py:183} INFO - Done. Returned value was: None
[2024-10-23T00:37:09.317+0000] {taskinstance.py:1373} INFO - Marking task as SUCCESS. dag_id=telegram_bot_dag, task_id=run_bot_notebook, execution_date=20241023T002200, start_date=20241023T003708, end_date=20241023T003709
[2024-10-23T00:37:09.376+0000] {local_task_job_runner.py:232} INFO - Task exited with return code 0
[2024-10-23T00:37:09.410+0000] {taskinstance.py:2674} INFO - 0 downstream tasks scheduled from follow-on schedule check
