[2024-10-22T23:38:33.411+0000] {taskinstance.py:1125} INFO - Dependencies all met for dep_context=non-requeueable deps ti=<TaskInstance: telegram_bot_dag.run_bot_notebook scheduled__2024-10-22T00:14:00+00:00 [queued]>
[2024-10-22T23:38:33.419+0000] {taskinstance.py:1125} INFO - Dependencies all met for dep_context=requeueable deps ti=<TaskInstance: telegram_bot_dag.run_bot_notebook scheduled__2024-10-22T00:14:00+00:00 [queued]>
[2024-10-22T23:38:33.420+0000] {taskinstance.py:1331} INFO - Starting attempt 1 of 2
[2024-10-22T23:38:33.436+0000] {taskinstance.py:1350} INFO - Executing <Task(PythonOperator): run_bot_notebook> on 2024-10-22 00:14:00+00:00
[2024-10-22T23:38:33.440+0000] {standard_task_runner.py:57} INFO - Started process 333 to run task
[2024-10-22T23:38:33.443+0000] {standard_task_runner.py:84} INFO - Running: ['***', 'tasks', 'run', 'telegram_bot_dag', 'run_bot_notebook', 'scheduled__2024-10-22T00:14:00+00:00', '--job-id', '20', '--raw', '--subdir', 'DAGS_FOLDER/bot_dag.py', '--cfg-path', '/tmp/tmpfav23hoq']
[2024-10-22T23:38:33.445+0000] {standard_task_runner.py:85} INFO - Job 20: Subtask run_bot_notebook
[2024-10-22T23:38:33.602+0000] {task_command.py:410} INFO - Running <TaskInstance: telegram_bot_dag.run_bot_notebook scheduled__2024-10-22T00:14:00+00:00 [running]> on host 0e60a5d73421
[2024-10-22T23:38:33.722+0000] {taskinstance.py:1570} INFO - Exporting env vars: AIRFLOW_CTX_DAG_OWNER='***' AIRFLOW_CTX_DAG_ID='telegram_bot_dag' AIRFLOW_CTX_TASK_ID='run_bot_notebook' AIRFLOW_CTX_EXECUTION_DATE='2024-10-22T00:14:00+00:00' AIRFLOW_CTX_TRY_NUMBER='1' AIRFLOW_CTX_DAG_RUN_ID='scheduled__2024-10-22T00:14:00+00:00'
[2024-10-22T23:38:33.727+0000] {taskinstance.py:1847} ERROR - Task failed with exception
Traceback (most recent call last):
  File "/home/airflow/.local/lib/python3.7/site-packages/airflow/operators/python.py", line 181, in execute
    return_value = self.execute_callable()
  File "/home/airflow/.local/lib/python3.7/site-packages/airflow/operators/python.py", line 198, in execute_callable
    return self.python_callable(*self.op_args, **self.op_kwargs)
  File "/opt/airflow/dags/bot_dag.py", line 8, in run_bot_notebook
    subprocess.run(["jupyter", "nbconvert", "--to", "script", "/path/to/your/notebook/pbot.ipynb"])
  File "/usr/local/lib/python3.7/subprocess.py", line 488, in run
    with Popen(*popenargs, **kwargs) as process:
  File "/usr/local/lib/python3.7/subprocess.py", line 800, in __init__
    restore_signals, start_new_session)
  File "/usr/local/lib/python3.7/subprocess.py", line 1551, in _execute_child
    raise child_exception_type(errno_num, err_msg, err_filename)
PermissionError: [Errno 13] Permission denied: 'jupyter'
[2024-10-22T23:38:33.736+0000] {taskinstance.py:1373} INFO - Marking task as UP_FOR_RETRY. dag_id=telegram_bot_dag, task_id=run_bot_notebook, execution_date=20241022T001400, start_date=20241022T233833, end_date=20241022T233833
[2024-10-22T23:38:33.744+0000] {standard_task_runner.py:109} ERROR - Failed to execute job 20 for task run_bot_notebook ([Errno 13] Permission denied: 'jupyter'; 333)
[2024-10-22T23:38:33.749+0000] {local_task_job_runner.py:232} INFO - Task exited with return code 1
[2024-10-22T23:38:33.763+0000] {taskinstance.py:2674} INFO - 0 downstream tasks scheduled from follow-on schedule check
