[2024-10-23T00:02:00.999+0000] {taskinstance.py:1125} INFO - Dependencies all met for dep_context=non-requeueable deps ti=<TaskInstance: telegram_bot_dag.run_bot_notebook scheduled__2024-10-23T00:01:00+00:00 [queued]>
[2024-10-23T00:02:01.003+0000] {taskinstance.py:1125} INFO - Dependencies all met for dep_context=requeueable deps ti=<TaskInstance: telegram_bot_dag.run_bot_notebook scheduled__2024-10-23T00:01:00+00:00 [queued]>
[2024-10-23T00:02:01.003+0000] {taskinstance.py:1331} INFO - Starting attempt 1 of 2
[2024-10-23T00:02:01.012+0000] {taskinstance.py:1350} INFO - Executing <Task(PythonOperator): run_bot_notebook> on 2024-10-23 00:01:00+00:00
[2024-10-23T00:02:01.021+0000] {standard_task_runner.py:57} INFO - Started process 212 to run task
[2024-10-23T00:02:01.026+0000] {standard_task_runner.py:84} INFO - Running: ['***', 'tasks', 'run', 'telegram_bot_dag', 'run_bot_notebook', 'scheduled__2024-10-23T00:01:00+00:00', '--job-id', '111', '--raw', '--subdir', 'DAGS_FOLDER/bot_dag.py', '--cfg-path', '/tmp/tmpmh1fiv84']
[2024-10-23T00:02:01.028+0000] {standard_task_runner.py:85} INFO - Job 111: Subtask run_bot_notebook
[2024-10-23T00:02:01.064+0000] {task_command.py:410} INFO - Running <TaskInstance: telegram_bot_dag.run_bot_notebook scheduled__2024-10-23T00:01:00+00:00 [running]> on host 941f55a3084b
[2024-10-23T00:02:01.120+0000] {taskinstance.py:1570} INFO - Exporting env vars: AIRFLOW_CTX_DAG_OWNER='***' AIRFLOW_CTX_DAG_ID='telegram_bot_dag' AIRFLOW_CTX_TASK_ID='run_bot_notebook' AIRFLOW_CTX_EXECUTION_DATE='2024-10-23T00:01:00+00:00' AIRFLOW_CTX_TRY_NUMBER='1' AIRFLOW_CTX_DAG_RUN_ID='scheduled__2024-10-23T00:01:00+00:00'
[2024-10-23T00:02:01.175+0000] {python.py:183} INFO - Done. Returned value was: None
[2024-10-23T00:02:01.184+0000] {taskinstance.py:1373} INFO - Marking task as SUCCESS. dag_id=telegram_bot_dag, task_id=run_bot_notebook, execution_date=20241023T000100, start_date=20241023T000200, end_date=20241023T000201
[2024-10-23T00:02:01.208+0000] {local_task_job_runner.py:232} INFO - Task exited with return code 0
[2024-10-23T00:02:01.222+0000] {taskinstance.py:2674} INFO - 0 downstream tasks scheduled from follow-on schedule check
[2024-10-23T00:37:03.154+0000] {taskinstance.py:1125} INFO - Dependencies all met for dep_context=non-requeueable deps ti=<TaskInstance: telegram_bot_dag.run_bot_notebook scheduled__2024-10-23T00:01:00+00:00 [queued]>
[2024-10-23T00:37:03.177+0000] {taskinstance.py:1125} INFO - Dependencies all met for dep_context=requeueable deps ti=<TaskInstance: telegram_bot_dag.run_bot_notebook scheduled__2024-10-23T00:01:00+00:00 [queued]>
[2024-10-23T00:37:03.178+0000] {taskinstance.py:1331} INFO - Starting attempt 1 of 2
[2024-10-23T00:37:03.367+0000] {taskinstance.py:1350} INFO - Executing <Task(PythonOperator): run_bot_notebook> on 2024-10-23 00:01:00+00:00
[2024-10-23T00:37:03.376+0000] {standard_task_runner.py:57} INFO - Started process 188 to run task
[2024-10-23T00:37:03.382+0000] {standard_task_runner.py:84} INFO - Running: ['***', 'tasks', 'run', 'telegram_bot_dag', 'run_bot_notebook', 'scheduled__2024-10-23T00:01:00+00:00', '--job-id', '172', '--raw', '--subdir', 'DAGS_FOLDER/bot_dag.py', '--cfg-path', '/tmp/tmpqkldve4p']
[2024-10-23T00:37:03.385+0000] {standard_task_runner.py:85} INFO - Job 172: Subtask run_bot_notebook
[2024-10-23T00:37:03.698+0000] {task_command.py:410} INFO - Running <TaskInstance: telegram_bot_dag.run_bot_notebook scheduled__2024-10-23T00:01:00+00:00 [running]> on host bf7c1478f077
[2024-10-23T00:37:04.405+0000] {taskinstance.py:1570} INFO - Exporting env vars: AIRFLOW_CTX_DAG_OWNER='***' AIRFLOW_CTX_DAG_ID='telegram_bot_dag' AIRFLOW_CTX_TASK_ID='run_bot_notebook' AIRFLOW_CTX_EXECUTION_DATE='2024-10-23T00:01:00+00:00' AIRFLOW_CTX_TRY_NUMBER='1' AIRFLOW_CTX_DAG_RUN_ID='scheduled__2024-10-23T00:01:00+00:00'
[2024-10-23T00:37:04.609+0000] {python.py:183} INFO - Done. Returned value was: None
[2024-10-23T00:37:04.647+0000] {taskinstance.py:1373} INFO - Marking task as SUCCESS. dag_id=telegram_bot_dag, task_id=run_bot_notebook, execution_date=20241023T000100, start_date=20241023T003703, end_date=20241023T003704
[2024-10-23T00:37:04.691+0000] {local_task_job_runner.py:232} INFO - Task exited with return code 0
[2024-10-23T00:37:04.766+0000] {taskinstance.py:2674} INFO - 0 downstream tasks scheduled from follow-on schedule check
