[2024-10-23T00:36:00.579+0000] {taskinstance.py:1125} INFO - Dependencies all met for dep_context=non-requeueable deps ti=<TaskInstance: telegram_bot_dag.run_bot_notebook scheduled__2024-10-23T00:35:00+00:00 [queued]>
[2024-10-23T00:36:00.584+0000] {taskinstance.py:1125} INFO - Dependencies all met for dep_context=requeueable deps ti=<TaskInstance: telegram_bot_dag.run_bot_notebook scheduled__2024-10-23T00:35:00+00:00 [queued]>
[2024-10-23T00:36:00.584+0000] {taskinstance.py:1331} INFO - Starting attempt 1 of 2
[2024-10-23T00:36:00.591+0000] {taskinstance.py:1350} INFO - Executing <Task(PythonOperator): run_bot_notebook> on 2024-10-23 00:35:00+00:00
[2024-10-23T00:36:00.594+0000] {standard_task_runner.py:57} INFO - Started process 271 to run task
[2024-10-23T00:36:00.597+0000] {standard_task_runner.py:84} INFO - Running: ['***', 'tasks', 'run', 'telegram_bot_dag', 'run_bot_notebook', 'scheduled__2024-10-23T00:35:00+00:00', '--job-id', '165', '--raw', '--subdir', 'DAGS_FOLDER/bot_dag.py', '--cfg-path', '/tmp/tmpk_66vdzr']
[2024-10-23T00:36:00.598+0000] {standard_task_runner.py:85} INFO - Job 165: Subtask run_bot_notebook
[2024-10-23T00:36:00.655+0000] {task_command.py:410} INFO - Running <TaskInstance: telegram_bot_dag.run_bot_notebook scheduled__2024-10-23T00:35:00+00:00 [running]> on host 34f05a89433a
[2024-10-23T00:36:00.724+0000] {taskinstance.py:1570} INFO - Exporting env vars: AIRFLOW_CTX_DAG_OWNER='***' AIRFLOW_CTX_DAG_ID='telegram_bot_dag' AIRFLOW_CTX_TASK_ID='run_bot_notebook' AIRFLOW_CTX_EXECUTION_DATE='2024-10-23T00:35:00+00:00' AIRFLOW_CTX_TRY_NUMBER='1' AIRFLOW_CTX_DAG_RUN_ID='scheduled__2024-10-23T00:35:00+00:00'
[2024-10-23T00:36:00.783+0000] {python.py:183} INFO - Done. Returned value was: None
[2024-10-23T00:36:00.793+0000] {taskinstance.py:1373} INFO - Marking task as SUCCESS. dag_id=telegram_bot_dag, task_id=run_bot_notebook, execution_date=20241023T003500, start_date=20241023T003600, end_date=20241023T003600
[2024-10-23T00:36:00.818+0000] {local_task_job_runner.py:232} INFO - Task exited with return code 0
[2024-10-23T00:36:00.832+0000] {taskinstance.py:2674} INFO - 0 downstream tasks scheduled from follow-on schedule check
[2024-10-23T00:37:13.556+0000] {taskinstance.py:1125} INFO - Dependencies all met for dep_context=non-requeueable deps ti=<TaskInstance: telegram_bot_dag.run_bot_notebook scheduled__2024-10-23T00:35:00+00:00 [queued]>
[2024-10-23T00:37:13.569+0000] {taskinstance.py:1125} INFO - Dependencies all met for dep_context=requeueable deps ti=<TaskInstance: telegram_bot_dag.run_bot_notebook scheduled__2024-10-23T00:35:00+00:00 [queued]>
[2024-10-23T00:37:13.569+0000] {taskinstance.py:1331} INFO - Starting attempt 1 of 2
[2024-10-23T00:37:13.581+0000] {taskinstance.py:1350} INFO - Executing <Task(PythonOperator): run_bot_notebook> on 2024-10-23 00:35:00+00:00
[2024-10-23T00:37:13.584+0000] {standard_task_runner.py:57} INFO - Started process 272 to run task
[2024-10-23T00:37:13.587+0000] {standard_task_runner.py:84} INFO - Running: ['***', 'tasks', 'run', 'telegram_bot_dag', 'run_bot_notebook', 'scheduled__2024-10-23T00:35:00+00:00', '--job-id', '202', '--raw', '--subdir', 'DAGS_FOLDER/bot_dag.py', '--cfg-path', '/tmp/tmpawm_vujt']
[2024-10-23T00:37:13.588+0000] {standard_task_runner.py:85} INFO - Job 202: Subtask run_bot_notebook
[2024-10-23T00:37:13.671+0000] {task_command.py:410} INFO - Running <TaskInstance: telegram_bot_dag.run_bot_notebook scheduled__2024-10-23T00:35:00+00:00 [running]> on host bf7c1478f077
[2024-10-23T00:37:13.823+0000] {taskinstance.py:1570} INFO - Exporting env vars: AIRFLOW_CTX_DAG_OWNER='***' AIRFLOW_CTX_DAG_ID='telegram_bot_dag' AIRFLOW_CTX_TASK_ID='run_bot_notebook' AIRFLOW_CTX_EXECUTION_DATE='2024-10-23T00:35:00+00:00' AIRFLOW_CTX_TRY_NUMBER='1' AIRFLOW_CTX_DAG_RUN_ID='scheduled__2024-10-23T00:35:00+00:00'
[2024-10-23T00:37:13.886+0000] {python.py:183} INFO - Done. Returned value was: None
[2024-10-23T00:37:13.899+0000] {taskinstance.py:1373} INFO - Marking task as SUCCESS. dag_id=telegram_bot_dag, task_id=run_bot_notebook, execution_date=20241023T003500, start_date=20241023T003713, end_date=20241023T003713
[2024-10-23T00:37:13.933+0000] {local_task_job_runner.py:232} INFO - Task exited with return code 0
[2024-10-23T00:37:13.947+0000] {taskinstance.py:2674} INFO - 0 downstream tasks scheduled from follow-on schedule check
