[2024-10-23T00:09:00.699+0000] {taskinstance.py:1125} INFO - Dependencies all met for dep_context=non-requeueable deps ti=<TaskInstance: telegram_bot_dag.run_bot_notebook scheduled__2024-10-23T00:08:00+00:00 [queued]>
[2024-10-23T00:09:00.703+0000] {taskinstance.py:1125} INFO - Dependencies all met for dep_context=requeueable deps ti=<TaskInstance: telegram_bot_dag.run_bot_notebook scheduled__2024-10-23T00:08:00+00:00 [queued]>
[2024-10-23T00:09:00.703+0000] {taskinstance.py:1331} INFO - Starting attempt 1 of 2
[2024-10-23T00:09:00.710+0000] {taskinstance.py:1350} INFO - Executing <Task(PythonOperator): run_bot_notebook> on 2024-10-23 00:08:00+00:00
[2024-10-23T00:09:00.713+0000] {standard_task_runner.py:57} INFO - Started process 181 to run task
[2024-10-23T00:09:00.715+0000] {standard_task_runner.py:84} INFO - Running: ['***', 'tasks', 'run', 'telegram_bot_dag', 'run_bot_notebook', 'scheduled__2024-10-23T00:08:00+00:00', '--job-id', '120', '--raw', '--subdir', 'DAGS_FOLDER/bot_dag.py', '--cfg-path', '/tmp/tmp0xp5l7di']
[2024-10-23T00:09:00.716+0000] {standard_task_runner.py:85} INFO - Job 120: Subtask run_bot_notebook
[2024-10-23T00:09:00.755+0000] {task_command.py:410} INFO - Running <TaskInstance: telegram_bot_dag.run_bot_notebook scheduled__2024-10-23T00:08:00+00:00 [running]> on host a810a84a5c8b
[2024-10-23T00:09:00.811+0000] {taskinstance.py:1570} INFO - Exporting env vars: AIRFLOW_CTX_DAG_OWNER='***' AIRFLOW_CTX_DAG_ID='telegram_bot_dag' AIRFLOW_CTX_TASK_ID='run_bot_notebook' AIRFLOW_CTX_EXECUTION_DATE='2024-10-23T00:08:00+00:00' AIRFLOW_CTX_TRY_NUMBER='1' AIRFLOW_CTX_DAG_RUN_ID='scheduled__2024-10-23T00:08:00+00:00'
[2024-10-23T00:09:00.860+0000] {python.py:183} INFO - Done. Returned value was: None
[2024-10-23T00:09:00.869+0000] {taskinstance.py:1373} INFO - Marking task as SUCCESS. dag_id=telegram_bot_dag, task_id=run_bot_notebook, execution_date=20241023T000800, start_date=20241023T000900, end_date=20241023T000900
[2024-10-23T00:09:00.900+0000] {local_task_job_runner.py:232} INFO - Task exited with return code 0
[2024-10-23T00:09:00.914+0000] {taskinstance.py:2674} INFO - 0 downstream tasks scheduled from follow-on schedule check
[2024-10-23T00:13:31.568+0000] {taskinstance.py:1125} INFO - Dependencies all met for dep_context=non-requeueable deps ti=<TaskInstance: telegram_bot_dag.run_bot_notebook scheduled__2024-10-23T00:08:00+00:00 [queued]>
[2024-10-23T00:13:31.585+0000] {taskinstance.py:1125} INFO - Dependencies all met for dep_context=requeueable deps ti=<TaskInstance: telegram_bot_dag.run_bot_notebook scheduled__2024-10-23T00:08:00+00:00 [queued]>
[2024-10-23T00:13:31.586+0000] {taskinstance.py:1331} INFO - Starting attempt 1 of 2
[2024-10-23T00:13:31.632+0000] {taskinstance.py:1350} INFO - Executing <Task(PythonOperator): run_bot_notebook> on 2024-10-23 00:08:00+00:00
[2024-10-23T00:13:31.637+0000] {standard_task_runner.py:57} INFO - Started process 202 to run task
[2024-10-23T00:13:31.644+0000] {standard_task_runner.py:84} INFO - Running: ['***', 'tasks', 'run', 'telegram_bot_dag', 'run_bot_notebook', 'scheduled__2024-10-23T00:08:00+00:00', '--job-id', '131', '--raw', '--subdir', 'DAGS_FOLDER/bot_dag.py', '--cfg-path', '/tmp/tmpdj8q6wu9']
[2024-10-23T00:13:31.655+0000] {standard_task_runner.py:85} INFO - Job 131: Subtask run_bot_notebook
[2024-10-23T00:13:31.867+0000] {task_command.py:410} INFO - Running <TaskInstance: telegram_bot_dag.run_bot_notebook scheduled__2024-10-23T00:08:00+00:00 [running]> on host 1e5799c660d9
[2024-10-23T00:13:32.090+0000] {taskinstance.py:1570} INFO - Exporting env vars: AIRFLOW_CTX_DAG_OWNER='***' AIRFLOW_CTX_DAG_ID='telegram_bot_dag' AIRFLOW_CTX_TASK_ID='run_bot_notebook' AIRFLOW_CTX_EXECUTION_DATE='2024-10-23T00:08:00+00:00' AIRFLOW_CTX_TRY_NUMBER='1' AIRFLOW_CTX_DAG_RUN_ID='scheduled__2024-10-23T00:08:00+00:00'
[2024-10-23T00:13:32.163+0000] {python.py:183} INFO - Done. Returned value was: None
[2024-10-23T00:13:32.189+0000] {taskinstance.py:1373} INFO - Marking task as SUCCESS. dag_id=telegram_bot_dag, task_id=run_bot_notebook, execution_date=20241023T000800, start_date=20241023T001331, end_date=20241023T001332
[2024-10-23T00:13:32.219+0000] {local_task_job_runner.py:232} INFO - Task exited with return code 0
[2024-10-23T00:13:32.260+0000] {taskinstance.py:2674} INFO - 0 downstream tasks scheduled from follow-on schedule check
[2024-10-23T00:37:03.278+0000] {taskinstance.py:1125} INFO - Dependencies all met for dep_context=non-requeueable deps ti=<TaskInstance: telegram_bot_dag.run_bot_notebook scheduled__2024-10-23T00:08:00+00:00 [queued]>
[2024-10-23T00:37:03.311+0000] {taskinstance.py:1125} INFO - Dependencies all met for dep_context=requeueable deps ti=<TaskInstance: telegram_bot_dag.run_bot_notebook scheduled__2024-10-23T00:08:00+00:00 [queued]>
[2024-10-23T00:37:03.314+0000] {taskinstance.py:1331} INFO - Starting attempt 1 of 2
[2024-10-23T00:37:03.381+0000] {taskinstance.py:1350} INFO - Executing <Task(PythonOperator): run_bot_notebook> on 2024-10-23 00:08:00+00:00
[2024-10-23T00:37:03.389+0000] {standard_task_runner.py:57} INFO - Started process 189 to run task
[2024-10-23T00:37:03.409+0000] {standard_task_runner.py:84} INFO - Running: ['***', 'tasks', 'run', 'telegram_bot_dag', 'run_bot_notebook', 'scheduled__2024-10-23T00:08:00+00:00', '--job-id', '175', '--raw', '--subdir', 'DAGS_FOLDER/bot_dag.py', '--cfg-path', '/tmp/tmpsb0fmnzf']
[2024-10-23T00:37:03.434+0000] {standard_task_runner.py:85} INFO - Job 175: Subtask run_bot_notebook
[2024-10-23T00:37:03.769+0000] {task_command.py:410} INFO - Running <TaskInstance: telegram_bot_dag.run_bot_notebook scheduled__2024-10-23T00:08:00+00:00 [running]> on host bf7c1478f077
[2024-10-23T00:37:04.394+0000] {taskinstance.py:1570} INFO - Exporting env vars: AIRFLOW_CTX_DAG_OWNER='***' AIRFLOW_CTX_DAG_ID='telegram_bot_dag' AIRFLOW_CTX_TASK_ID='run_bot_notebook' AIRFLOW_CTX_EXECUTION_DATE='2024-10-23T00:08:00+00:00' AIRFLOW_CTX_TRY_NUMBER='1' AIRFLOW_CTX_DAG_RUN_ID='scheduled__2024-10-23T00:08:00+00:00'
[2024-10-23T00:37:04.605+0000] {python.py:183} INFO - Done. Returned value was: None
[2024-10-23T00:37:04.688+0000] {taskinstance.py:1373} INFO - Marking task as SUCCESS. dag_id=telegram_bot_dag, task_id=run_bot_notebook, execution_date=20241023T000800, start_date=20241023T003703, end_date=20241023T003704
[2024-10-23T00:37:04.737+0000] {local_task_job_runner.py:232} INFO - Task exited with return code 0
[2024-10-23T00:37:04.816+0000] {taskinstance.py:2674} INFO - 0 downstream tasks scheduled from follow-on schedule check
