[2024-10-22T23:09:26.302+0000] {processor.py:156} INFO - Started process (PID=162) to work on /opt/airflow/dags/bot_dag.py
[2024-10-22T23:09:26.303+0000] {processor.py:799} INFO - Processing file /opt/airflow/dags/bot_dag.py for tasks to queue
[2024-10-22T23:09:26.303+0000] {logging_mixin.py:149} INFO - [2024-10-22T23:09:26.303+0000] {dagbag.py:541} INFO - Filling up the DagBag from /opt/airflow/dags/bot_dag.py
[2024-10-22T23:09:26.316+0000] {processor.py:809} INFO - DAG(s) dict_keys(['telegram_bot_dag']) retrieved from /opt/airflow/dags/bot_dag.py
[2024-10-22T23:09:26.424+0000] {logging_mixin.py:149} INFO - [2024-10-22T23:09:26.424+0000] {manager.py:504} INFO - Created Permission View: can delete on DAG:telegram_bot_dag
[2024-10-22T23:09:26.427+0000] {logging_mixin.py:149} INFO - [2024-10-22T23:09:26.427+0000] {manager.py:504} INFO - Created Permission View: can read on DAG:telegram_bot_dag
[2024-10-22T23:09:26.430+0000] {logging_mixin.py:149} INFO - [2024-10-22T23:09:26.430+0000] {manager.py:504} INFO - Created Permission View: can edit on DAG:telegram_bot_dag
[2024-10-22T23:09:26.430+0000] {logging_mixin.py:149} INFO - [2024-10-22T23:09:26.430+0000] {dag.py:2726} INFO - Sync 1 DAGs
[2024-10-22T23:09:26.438+0000] {logging_mixin.py:149} INFO - [2024-10-22T23:09:26.438+0000] {dag.py:2747} INFO - Creating ORM DAG for telegram_bot_dag
[2024-10-22T23:09:26.445+0000] {logging_mixin.py:149} INFO - [2024-10-22T23:09:26.445+0000] {dag.py:3490} INFO - Setting next_dagrun for telegram_bot_dag to 2024-10-23T00:00:00+00:00, run_after=2024-10-23T00:01:00+00:00
[2024-10-22T23:09:26.455+0000] {processor.py:178} INFO - Processing /opt/airflow/dags/bot_dag.py took 0.154 seconds
[2024-10-22T23:09:56.578+0000] {processor.py:156} INFO - Started process (PID=168) to work on /opt/airflow/dags/bot_dag.py
[2024-10-22T23:09:56.582+0000] {processor.py:799} INFO - Processing file /opt/airflow/dags/bot_dag.py for tasks to queue
[2024-10-22T23:09:56.583+0000] {logging_mixin.py:149} INFO - [2024-10-22T23:09:56.583+0000] {dagbag.py:541} INFO - Filling up the DagBag from /opt/airflow/dags/bot_dag.py
[2024-10-22T23:09:56.600+0000] {processor.py:809} INFO - DAG(s) dict_keys(['telegram_bot_dag']) retrieved from /opt/airflow/dags/bot_dag.py
[2024-10-22T23:09:56.644+0000] {logging_mixin.py:149} INFO - [2024-10-22T23:09:56.644+0000] {dag.py:2726} INFO - Sync 1 DAGs
[2024-10-22T23:09:56.665+0000] {logging_mixin.py:149} INFO - [2024-10-22T23:09:56.665+0000] {dag.py:3490} INFO - Setting next_dagrun for telegram_bot_dag to 2024-10-23T00:00:00+00:00, run_after=2024-10-23T00:01:00+00:00
[2024-10-22T23:09:56.688+0000] {processor.py:178} INFO - Processing /opt/airflow/dags/bot_dag.py took 0.115 seconds
[2024-10-22T23:10:26.964+0000] {processor.py:156} INFO - Started process (PID=173) to work on /opt/airflow/dags/bot_dag.py
[2024-10-22T23:10:26.965+0000] {processor.py:799} INFO - Processing file /opt/airflow/dags/bot_dag.py for tasks to queue
[2024-10-22T23:10:26.966+0000] {logging_mixin.py:149} INFO - [2024-10-22T23:10:26.966+0000] {dagbag.py:541} INFO - Filling up the DagBag from /opt/airflow/dags/bot_dag.py
[2024-10-22T23:10:26.992+0000] {processor.py:809} INFO - DAG(s) dict_keys(['telegram_bot_dag']) retrieved from /opt/airflow/dags/bot_dag.py
[2024-10-22T23:10:27.022+0000] {logging_mixin.py:149} INFO - [2024-10-22T23:10:27.022+0000] {dag.py:2726} INFO - Sync 1 DAGs
[2024-10-22T23:10:27.057+0000] {logging_mixin.py:149} INFO - [2024-10-22T23:10:27.057+0000] {dag.py:3490} INFO - Setting next_dagrun for telegram_bot_dag to 2024-10-23T00:00:00+00:00, run_after=2024-10-23T00:01:00+00:00
[2024-10-22T23:10:27.070+0000] {processor.py:178} INFO - Processing /opt/airflow/dags/bot_dag.py took 0.112 seconds
[2024-10-22T23:10:57.238+0000] {processor.py:156} INFO - Started process (PID=178) to work on /opt/airflow/dags/bot_dag.py
[2024-10-22T23:10:57.238+0000] {processor.py:799} INFO - Processing file /opt/airflow/dags/bot_dag.py for tasks to queue
[2024-10-22T23:10:57.239+0000] {logging_mixin.py:149} INFO - [2024-10-22T23:10:57.239+0000] {dagbag.py:541} INFO - Filling up the DagBag from /opt/airflow/dags/bot_dag.py
[2024-10-22T23:10:57.248+0000] {processor.py:809} INFO - DAG(s) dict_keys(['telegram_bot_dag']) retrieved from /opt/airflow/dags/bot_dag.py
[2024-10-22T23:10:57.275+0000] {logging_mixin.py:149} INFO - [2024-10-22T23:10:57.275+0000] {dag.py:2726} INFO - Sync 1 DAGs
[2024-10-22T23:10:57.293+0000] {logging_mixin.py:149} INFO - [2024-10-22T23:10:57.292+0000] {dag.py:3490} INFO - Setting next_dagrun for telegram_bot_dag to 2024-10-23T00:00:00+00:00, run_after=2024-10-23T00:01:00+00:00
[2024-10-22T23:10:57.306+0000] {processor.py:178} INFO - Processing /opt/airflow/dags/bot_dag.py took 0.070 seconds
[2024-10-22T23:11:27.603+0000] {processor.py:156} INFO - Started process (PID=183) to work on /opt/airflow/dags/bot_dag.py
[2024-10-22T23:11:27.604+0000] {processor.py:799} INFO - Processing file /opt/airflow/dags/bot_dag.py for tasks to queue
[2024-10-22T23:11:27.605+0000] {logging_mixin.py:149} INFO - [2024-10-22T23:11:27.605+0000] {dagbag.py:541} INFO - Filling up the DagBag from /opt/airflow/dags/bot_dag.py
[2024-10-22T23:11:27.621+0000] {processor.py:809} INFO - DAG(s) dict_keys(['telegram_bot_dag']) retrieved from /opt/airflow/dags/bot_dag.py
[2024-10-22T23:11:27.649+0000] {logging_mixin.py:149} INFO - [2024-10-22T23:11:27.649+0000] {dag.py:2726} INFO - Sync 1 DAGs
[2024-10-22T23:11:27.667+0000] {logging_mixin.py:149} INFO - [2024-10-22T23:11:27.667+0000] {dag.py:3490} INFO - Setting next_dagrun for telegram_bot_dag to 2024-10-23T00:00:00+00:00, run_after=2024-10-23T00:01:00+00:00
[2024-10-22T23:11:27.679+0000] {processor.py:178} INFO - Processing /opt/airflow/dags/bot_dag.py took 0.081 seconds
[2024-10-22T23:11:57.901+0000] {processor.py:156} INFO - Started process (PID=188) to work on /opt/airflow/dags/bot_dag.py
[2024-10-22T23:11:57.902+0000] {processor.py:799} INFO - Processing file /opt/airflow/dags/bot_dag.py for tasks to queue
[2024-10-22T23:11:57.903+0000] {logging_mixin.py:149} INFO - [2024-10-22T23:11:57.903+0000] {dagbag.py:541} INFO - Filling up the DagBag from /opt/airflow/dags/bot_dag.py
[2024-10-22T23:11:57.924+0000] {processor.py:809} INFO - DAG(s) dict_keys(['telegram_bot_dag']) retrieved from /opt/airflow/dags/bot_dag.py
[2024-10-22T23:11:57.970+0000] {logging_mixin.py:149} INFO - [2024-10-22T23:11:57.970+0000] {dag.py:2726} INFO - Sync 1 DAGs
[2024-10-22T23:11:57.995+0000] {logging_mixin.py:149} INFO - [2024-10-22T23:11:57.995+0000] {dag.py:3490} INFO - Setting next_dagrun for telegram_bot_dag to 2024-10-23T00:00:00+00:00, run_after=2024-10-23T00:01:00+00:00
[2024-10-22T23:11:58.009+0000] {processor.py:178} INFO - Processing /opt/airflow/dags/bot_dag.py took 0.112 seconds
[2024-10-22T23:12:28.211+0000] {processor.py:156} INFO - Started process (PID=193) to work on /opt/airflow/dags/bot_dag.py
[2024-10-22T23:12:28.212+0000] {processor.py:799} INFO - Processing file /opt/airflow/dags/bot_dag.py for tasks to queue
[2024-10-22T23:12:28.213+0000] {logging_mixin.py:149} INFO - [2024-10-22T23:12:28.213+0000] {dagbag.py:541} INFO - Filling up the DagBag from /opt/airflow/dags/bot_dag.py
[2024-10-22T23:12:28.232+0000] {processor.py:809} INFO - DAG(s) dict_keys(['telegram_bot_dag']) retrieved from /opt/airflow/dags/bot_dag.py
[2024-10-22T23:12:28.261+0000] {logging_mixin.py:149} INFO - [2024-10-22T23:12:28.261+0000] {dag.py:2726} INFO - Sync 1 DAGs
[2024-10-22T23:12:28.281+0000] {logging_mixin.py:149} INFO - [2024-10-22T23:12:28.281+0000] {dag.py:3490} INFO - Setting next_dagrun for telegram_bot_dag to 2024-10-23T00:00:00+00:00, run_after=2024-10-23T00:01:00+00:00
[2024-10-22T23:12:28.292+0000] {processor.py:178} INFO - Processing /opt/airflow/dags/bot_dag.py took 0.087 seconds
[2024-10-22T23:12:58.515+0000] {processor.py:156} INFO - Started process (PID=198) to work on /opt/airflow/dags/bot_dag.py
[2024-10-22T23:12:58.516+0000] {processor.py:799} INFO - Processing file /opt/airflow/dags/bot_dag.py for tasks to queue
[2024-10-22T23:12:58.517+0000] {logging_mixin.py:149} INFO - [2024-10-22T23:12:58.517+0000] {dagbag.py:541} INFO - Filling up the DagBag from /opt/airflow/dags/bot_dag.py
[2024-10-22T23:12:58.533+0000] {processor.py:809} INFO - DAG(s) dict_keys(['telegram_bot_dag']) retrieved from /opt/airflow/dags/bot_dag.py
[2024-10-22T23:12:58.570+0000] {logging_mixin.py:149} INFO - [2024-10-22T23:12:58.569+0000] {dag.py:2726} INFO - Sync 1 DAGs
[2024-10-22T23:12:58.591+0000] {logging_mixin.py:149} INFO - [2024-10-22T23:12:58.591+0000] {dag.py:3490} INFO - Setting next_dagrun for telegram_bot_dag to 2024-10-23T00:00:00+00:00, run_after=2024-10-23T00:01:00+00:00
[2024-10-22T23:12:58.603+0000] {processor.py:178} INFO - Processing /opt/airflow/dags/bot_dag.py took 0.092 seconds
[2024-10-22T23:13:28.830+0000] {processor.py:156} INFO - Started process (PID=203) to work on /opt/airflow/dags/bot_dag.py
[2024-10-22T23:13:28.831+0000] {processor.py:799} INFO - Processing file /opt/airflow/dags/bot_dag.py for tasks to queue
[2024-10-22T23:13:28.832+0000] {logging_mixin.py:149} INFO - [2024-10-22T23:13:28.832+0000] {dagbag.py:541} INFO - Filling up the DagBag from /opt/airflow/dags/bot_dag.py
[2024-10-22T23:13:28.851+0000] {processor.py:809} INFO - DAG(s) dict_keys(['telegram_bot_dag']) retrieved from /opt/airflow/dags/bot_dag.py
[2024-10-22T23:13:28.882+0000] {logging_mixin.py:149} INFO - [2024-10-22T23:13:28.882+0000] {dag.py:2726} INFO - Sync 1 DAGs
[2024-10-22T23:13:28.902+0000] {logging_mixin.py:149} INFO - [2024-10-22T23:13:28.902+0000] {dag.py:3490} INFO - Setting next_dagrun for telegram_bot_dag to 2024-10-23T00:00:00+00:00, run_after=2024-10-23T00:01:00+00:00
[2024-10-22T23:13:28.915+0000] {processor.py:178} INFO - Processing /opt/airflow/dags/bot_dag.py took 0.090 seconds
[2024-10-22T23:13:42.614+0000] {processor.py:156} INFO - Started process (PID=161) to work on /opt/airflow/dags/bot_dag.py
[2024-10-22T23:13:42.616+0000] {processor.py:799} INFO - Processing file /opt/airflow/dags/bot_dag.py for tasks to queue
[2024-10-22T23:13:42.618+0000] {logging_mixin.py:149} INFO - [2024-10-22T23:13:42.618+0000] {dagbag.py:541} INFO - Filling up the DagBag from /opt/airflow/dags/bot_dag.py
[2024-10-22T23:13:42.632+0000] {processor.py:809} INFO - DAG(s) dict_keys(['telegram_bot_dag']) retrieved from /opt/airflow/dags/bot_dag.py
[2024-10-22T23:13:42.661+0000] {logging_mixin.py:149} INFO - [2024-10-22T23:13:42.661+0000] {dag.py:2726} INFO - Sync 1 DAGs
[2024-10-22T23:13:42.677+0000] {logging_mixin.py:149} INFO - [2024-10-22T23:13:42.677+0000] {dag.py:3490} INFO - Setting next_dagrun for telegram_bot_dag to 2024-10-23T00:00:00+00:00, run_after=2024-10-23T00:01:00+00:00
[2024-10-22T23:13:42.689+0000] {processor.py:178} INFO - Processing /opt/airflow/dags/bot_dag.py took 0.079 seconds
[2024-10-22T23:14:12.915+0000] {processor.py:156} INFO - Started process (PID=167) to work on /opt/airflow/dags/bot_dag.py
[2024-10-22T23:14:12.916+0000] {processor.py:799} INFO - Processing file /opt/airflow/dags/bot_dag.py for tasks to queue
[2024-10-22T23:14:12.917+0000] {logging_mixin.py:149} INFO - [2024-10-22T23:14:12.917+0000] {dagbag.py:541} INFO - Filling up the DagBag from /opt/airflow/dags/bot_dag.py
[2024-10-22T23:14:12.945+0000] {processor.py:809} INFO - DAG(s) dict_keys(['telegram_bot_dag']) retrieved from /opt/airflow/dags/bot_dag.py
[2024-10-22T23:14:12.964+0000] {logging_mixin.py:149} INFO - [2024-10-22T23:14:12.964+0000] {dag.py:2726} INFO - Sync 1 DAGs
[2024-10-22T23:14:12.987+0000] {logging_mixin.py:149} INFO - [2024-10-22T23:14:12.987+0000] {dag.py:3490} INFO - Setting next_dagrun for telegram_bot_dag to 2024-10-23T00:00:00+00:00, run_after=2024-10-23T00:01:00+00:00
[2024-10-22T23:14:12.999+0000] {processor.py:178} INFO - Processing /opt/airflow/dags/bot_dag.py took 0.088 seconds
[2024-10-22T23:14:43.176+0000] {processor.py:156} INFO - Started process (PID=172) to work on /opt/airflow/dags/bot_dag.py
[2024-10-22T23:14:43.177+0000] {processor.py:799} INFO - Processing file /opt/airflow/dags/bot_dag.py for tasks to queue
[2024-10-22T23:14:43.177+0000] {logging_mixin.py:149} INFO - [2024-10-22T23:14:43.177+0000] {dagbag.py:541} INFO - Filling up the DagBag from /opt/airflow/dags/bot_dag.py
[2024-10-22T23:14:43.189+0000] {processor.py:809} INFO - DAG(s) dict_keys(['telegram_bot_dag']) retrieved from /opt/airflow/dags/bot_dag.py
[2024-10-22T23:14:43.216+0000] {logging_mixin.py:149} INFO - [2024-10-22T23:14:43.216+0000] {dag.py:2726} INFO - Sync 1 DAGs
[2024-10-22T23:14:43.235+0000] {logging_mixin.py:149} INFO - [2024-10-22T23:14:43.235+0000] {dag.py:3490} INFO - Setting next_dagrun for telegram_bot_dag to 2024-10-23T00:00:00+00:00, run_after=2024-10-23T00:01:00+00:00
[2024-10-22T23:14:43.247+0000] {processor.py:178} INFO - Processing /opt/airflow/dags/bot_dag.py took 0.074 seconds
[2024-10-22T23:15:13.531+0000] {processor.py:156} INFO - Started process (PID=177) to work on /opt/airflow/dags/bot_dag.py
[2024-10-22T23:15:13.532+0000] {processor.py:799} INFO - Processing file /opt/airflow/dags/bot_dag.py for tasks to queue
[2024-10-22T23:15:13.533+0000] {logging_mixin.py:149} INFO - [2024-10-22T23:15:13.533+0000] {dagbag.py:541} INFO - Filling up the DagBag from /opt/airflow/dags/bot_dag.py
[2024-10-22T23:15:13.552+0000] {processor.py:809} INFO - DAG(s) dict_keys(['telegram_bot_dag']) retrieved from /opt/airflow/dags/bot_dag.py
[2024-10-22T23:15:13.581+0000] {logging_mixin.py:149} INFO - [2024-10-22T23:15:13.581+0000] {dag.py:2726} INFO - Sync 1 DAGs
[2024-10-22T23:15:13.600+0000] {logging_mixin.py:149} INFO - [2024-10-22T23:15:13.600+0000] {dag.py:3490} INFO - Setting next_dagrun for telegram_bot_dag to 2024-10-23T00:00:00+00:00, run_after=2024-10-23T00:01:00+00:00
[2024-10-22T23:15:13.612+0000] {processor.py:178} INFO - Processing /opt/airflow/dags/bot_dag.py took 0.087 seconds
[2024-10-22T23:15:43.793+0000] {processor.py:156} INFO - Started process (PID=182) to work on /opt/airflow/dags/bot_dag.py
[2024-10-22T23:15:43.794+0000] {processor.py:799} INFO - Processing file /opt/airflow/dags/bot_dag.py for tasks to queue
[2024-10-22T23:15:43.795+0000] {logging_mixin.py:149} INFO - [2024-10-22T23:15:43.794+0000] {dagbag.py:541} INFO - Filling up the DagBag from /opt/airflow/dags/bot_dag.py
[2024-10-22T23:15:43.810+0000] {processor.py:809} INFO - DAG(s) dict_keys(['telegram_bot_dag']) retrieved from /opt/airflow/dags/bot_dag.py
[2024-10-22T23:15:43.843+0000] {logging_mixin.py:149} INFO - [2024-10-22T23:15:43.843+0000] {dag.py:2726} INFO - Sync 1 DAGs
[2024-10-22T23:15:43.864+0000] {logging_mixin.py:149} INFO - [2024-10-22T23:15:43.864+0000] {dag.py:3490} INFO - Setting next_dagrun for telegram_bot_dag to 2024-10-23T00:00:00+00:00, run_after=2024-10-23T00:01:00+00:00
[2024-10-22T23:15:43.877+0000] {processor.py:178} INFO - Processing /opt/airflow/dags/bot_dag.py took 0.089 seconds
[2024-10-22T23:16:14.083+0000] {processor.py:156} INFO - Started process (PID=187) to work on /opt/airflow/dags/bot_dag.py
[2024-10-22T23:16:14.084+0000] {processor.py:799} INFO - Processing file /opt/airflow/dags/bot_dag.py for tasks to queue
[2024-10-22T23:16:14.084+0000] {logging_mixin.py:149} INFO - [2024-10-22T23:16:14.084+0000] {dagbag.py:541} INFO - Filling up the DagBag from /opt/airflow/dags/bot_dag.py
[2024-10-22T23:16:14.100+0000] {processor.py:809} INFO - DAG(s) dict_keys(['telegram_bot_dag']) retrieved from /opt/airflow/dags/bot_dag.py
[2024-10-22T23:16:14.125+0000] {logging_mixin.py:149} INFO - [2024-10-22T23:16:14.124+0000] {dag.py:2726} INFO - Sync 1 DAGs
[2024-10-22T23:16:14.143+0000] {logging_mixin.py:149} INFO - [2024-10-22T23:16:14.142+0000] {dag.py:3490} INFO - Setting next_dagrun for telegram_bot_dag to 2024-10-23T00:00:00+00:00, run_after=2024-10-23T00:01:00+00:00
[2024-10-22T23:16:14.154+0000] {processor.py:178} INFO - Processing /opt/airflow/dags/bot_dag.py took 0.075 seconds
[2024-10-22T23:16:44.373+0000] {processor.py:156} INFO - Started process (PID=192) to work on /opt/airflow/dags/bot_dag.py
[2024-10-22T23:16:44.375+0000] {processor.py:799} INFO - Processing file /opt/airflow/dags/bot_dag.py for tasks to queue
[2024-10-22T23:16:44.376+0000] {logging_mixin.py:149} INFO - [2024-10-22T23:16:44.376+0000] {dagbag.py:541} INFO - Filling up the DagBag from /opt/airflow/dags/bot_dag.py
[2024-10-22T23:16:44.393+0000] {processor.py:809} INFO - DAG(s) dict_keys(['telegram_bot_dag']) retrieved from /opt/airflow/dags/bot_dag.py
[2024-10-22T23:16:44.432+0000] {logging_mixin.py:149} INFO - [2024-10-22T23:16:44.432+0000] {dag.py:2726} INFO - Sync 1 DAGs
[2024-10-22T23:16:44.620+0000] {logging_mixin.py:149} INFO - [2024-10-22T23:16:44.620+0000] {dag.py:3490} INFO - Setting next_dagrun for telegram_bot_dag to 2024-10-23T00:00:00+00:00, run_after=2024-10-23T00:01:00+00:00
[2024-10-22T23:16:44.650+0000] {processor.py:178} INFO - Processing /opt/airflow/dags/bot_dag.py took 0.281 seconds
[2024-10-22T23:17:14.858+0000] {processor.py:156} INFO - Started process (PID=197) to work on /opt/airflow/dags/bot_dag.py
[2024-10-22T23:17:14.859+0000] {processor.py:799} INFO - Processing file /opt/airflow/dags/bot_dag.py for tasks to queue
[2024-10-22T23:17:14.860+0000] {logging_mixin.py:149} INFO - [2024-10-22T23:17:14.860+0000] {dagbag.py:541} INFO - Filling up the DagBag from /opt/airflow/dags/bot_dag.py
[2024-10-22T23:17:14.881+0000] {processor.py:809} INFO - DAG(s) dict_keys(['telegram_bot_dag']) retrieved from /opt/airflow/dags/bot_dag.py
[2024-10-22T23:17:14.927+0000] {logging_mixin.py:149} INFO - [2024-10-22T23:17:14.927+0000] {dag.py:2726} INFO - Sync 1 DAGs
[2024-10-22T23:17:15.026+0000] {logging_mixin.py:149} INFO - [2024-10-22T23:17:15.026+0000] {dag.py:3490} INFO - Setting next_dagrun for telegram_bot_dag to 2024-10-23T00:00:00+00:00, run_after=2024-10-23T00:01:00+00:00
[2024-10-22T23:17:15.037+0000] {processor.py:178} INFO - Processing /opt/airflow/dags/bot_dag.py took 0.187 seconds
[2024-10-22T23:17:31.215+0000] {processor.py:156} INFO - Started process (PID=162) to work on /opt/airflow/dags/bot_dag.py
[2024-10-22T23:17:31.216+0000] {processor.py:799} INFO - Processing file /opt/airflow/dags/bot_dag.py for tasks to queue
[2024-10-22T23:17:31.216+0000] {logging_mixin.py:149} INFO - [2024-10-22T23:17:31.216+0000] {dagbag.py:541} INFO - Filling up the DagBag from /opt/airflow/dags/bot_dag.py
[2024-10-22T23:17:31.229+0000] {processor.py:809} INFO - DAG(s) dict_keys(['telegram_bot_dag']) retrieved from /opt/airflow/dags/bot_dag.py
[2024-10-22T23:17:31.257+0000] {logging_mixin.py:149} INFO - [2024-10-22T23:17:31.257+0000] {dag.py:2726} INFO - Sync 1 DAGs
[2024-10-22T23:17:31.272+0000] {logging_mixin.py:149} INFO - [2024-10-22T23:17:31.272+0000] {dag.py:3490} INFO - Setting next_dagrun for telegram_bot_dag to 2024-10-23T00:00:00+00:00, run_after=2024-10-23T00:01:00+00:00
[2024-10-22T23:17:31.285+0000] {processor.py:178} INFO - Processing /opt/airflow/dags/bot_dag.py took 0.072 seconds
[2024-10-22T23:18:01.476+0000] {processor.py:156} INFO - Started process (PID=168) to work on /opt/airflow/dags/bot_dag.py
[2024-10-22T23:18:01.478+0000] {processor.py:799} INFO - Processing file /opt/airflow/dags/bot_dag.py for tasks to queue
[2024-10-22T23:18:01.478+0000] {logging_mixin.py:149} INFO - [2024-10-22T23:18:01.478+0000] {dagbag.py:541} INFO - Filling up the DagBag from /opt/airflow/dags/bot_dag.py
[2024-10-22T23:18:01.495+0000] {processor.py:809} INFO - DAG(s) dict_keys(['telegram_bot_dag']) retrieved from /opt/airflow/dags/bot_dag.py
[2024-10-22T23:18:01.524+0000] {logging_mixin.py:149} INFO - [2024-10-22T23:18:01.524+0000] {dag.py:2726} INFO - Sync 1 DAGs
[2024-10-22T23:18:01.546+0000] {logging_mixin.py:149} INFO - [2024-10-22T23:18:01.546+0000] {dag.py:3490} INFO - Setting next_dagrun for telegram_bot_dag to 2024-10-23T00:00:00+00:00, run_after=2024-10-23T00:01:00+00:00
[2024-10-22T23:18:01.557+0000] {processor.py:178} INFO - Processing /opt/airflow/dags/bot_dag.py took 0.086 seconds
[2024-10-22T23:18:31.771+0000] {processor.py:156} INFO - Started process (PID=173) to work on /opt/airflow/dags/bot_dag.py
[2024-10-22T23:18:31.772+0000] {processor.py:799} INFO - Processing file /opt/airflow/dags/bot_dag.py for tasks to queue
[2024-10-22T23:18:31.772+0000] {logging_mixin.py:149} INFO - [2024-10-22T23:18:31.772+0000] {dagbag.py:541} INFO - Filling up the DagBag from /opt/airflow/dags/bot_dag.py
[2024-10-22T23:18:31.781+0000] {processor.py:809} INFO - DAG(s) dict_keys(['telegram_bot_dag']) retrieved from /opt/airflow/dags/bot_dag.py
[2024-10-22T23:18:31.813+0000] {logging_mixin.py:149} INFO - [2024-10-22T23:18:31.813+0000] {dag.py:2726} INFO - Sync 1 DAGs
[2024-10-22T23:18:31.833+0000] {logging_mixin.py:149} INFO - [2024-10-22T23:18:31.833+0000] {dag.py:3490} INFO - Setting next_dagrun for telegram_bot_dag to 2024-10-23T00:00:00+00:00, run_after=2024-10-23T00:01:00+00:00
[2024-10-22T23:18:31.845+0000] {processor.py:178} INFO - Processing /opt/airflow/dags/bot_dag.py took 0.076 seconds
[2024-10-22T23:19:02.023+0000] {processor.py:156} INFO - Started process (PID=178) to work on /opt/airflow/dags/bot_dag.py
[2024-10-22T23:19:02.024+0000] {processor.py:799} INFO - Processing file /opt/airflow/dags/bot_dag.py for tasks to queue
[2024-10-22T23:19:02.026+0000] {logging_mixin.py:149} INFO - [2024-10-22T23:19:02.026+0000] {dagbag.py:541} INFO - Filling up the DagBag from /opt/airflow/dags/bot_dag.py
[2024-10-22T23:19:02.051+0000] {processor.py:809} INFO - DAG(s) dict_keys(['telegram_bot_dag']) retrieved from /opt/airflow/dags/bot_dag.py
[2024-10-22T23:19:02.081+0000] {logging_mixin.py:149} INFO - [2024-10-22T23:19:02.081+0000] {dag.py:2726} INFO - Sync 1 DAGs
[2024-10-22T23:19:02.120+0000] {logging_mixin.py:149} INFO - [2024-10-22T23:19:02.120+0000] {dag.py:3490} INFO - Setting next_dagrun for telegram_bot_dag to 2024-10-23T00:00:00+00:00, run_after=2024-10-23T00:01:00+00:00
[2024-10-22T23:19:02.135+0000] {processor.py:178} INFO - Processing /opt/airflow/dags/bot_dag.py took 0.120 seconds
[2024-10-22T23:19:32.323+0000] {processor.py:156} INFO - Started process (PID=183) to work on /opt/airflow/dags/bot_dag.py
[2024-10-22T23:19:32.324+0000] {processor.py:799} INFO - Processing file /opt/airflow/dags/bot_dag.py for tasks to queue
[2024-10-22T23:19:32.325+0000] {logging_mixin.py:149} INFO - [2024-10-22T23:19:32.325+0000] {dagbag.py:541} INFO - Filling up the DagBag from /opt/airflow/dags/bot_dag.py
[2024-10-22T23:19:32.338+0000] {processor.py:809} INFO - DAG(s) dict_keys(['telegram_bot_dag']) retrieved from /opt/airflow/dags/bot_dag.py
[2024-10-22T23:19:32.368+0000] {logging_mixin.py:149} INFO - [2024-10-22T23:19:32.368+0000] {dag.py:2726} INFO - Sync 1 DAGs
[2024-10-22T23:19:32.386+0000] {logging_mixin.py:149} INFO - [2024-10-22T23:19:32.386+0000] {dag.py:3490} INFO - Setting next_dagrun for telegram_bot_dag to 2024-10-23T00:00:00+00:00, run_after=2024-10-23T00:01:00+00:00
[2024-10-22T23:19:32.398+0000] {processor.py:178} INFO - Processing /opt/airflow/dags/bot_dag.py took 0.079 seconds
[2024-10-22T23:20:02.649+0000] {processor.py:156} INFO - Started process (PID=188) to work on /opt/airflow/dags/bot_dag.py
[2024-10-22T23:20:02.650+0000] {processor.py:799} INFO - Processing file /opt/airflow/dags/bot_dag.py for tasks to queue
[2024-10-22T23:20:02.651+0000] {logging_mixin.py:149} INFO - [2024-10-22T23:20:02.651+0000] {dagbag.py:541} INFO - Filling up the DagBag from /opt/airflow/dags/bot_dag.py
[2024-10-22T23:20:02.681+0000] {processor.py:809} INFO - DAG(s) dict_keys(['telegram_bot_dag']) retrieved from /opt/airflow/dags/bot_dag.py
[2024-10-22T23:20:02.710+0000] {logging_mixin.py:149} INFO - [2024-10-22T23:20:02.710+0000] {dag.py:2726} INFO - Sync 1 DAGs
[2024-10-22T23:20:02.728+0000] {logging_mixin.py:149} INFO - [2024-10-22T23:20:02.728+0000] {dag.py:3490} INFO - Setting next_dagrun for telegram_bot_dag to 2024-10-23T00:00:00+00:00, run_after=2024-10-23T00:01:00+00:00
[2024-10-22T23:20:02.740+0000] {processor.py:178} INFO - Processing /opt/airflow/dags/bot_dag.py took 0.096 seconds
[2024-10-22T23:20:32.935+0000] {processor.py:156} INFO - Started process (PID=193) to work on /opt/airflow/dags/bot_dag.py
[2024-10-22T23:20:32.936+0000] {processor.py:799} INFO - Processing file /opt/airflow/dags/bot_dag.py for tasks to queue
[2024-10-22T23:20:32.937+0000] {logging_mixin.py:149} INFO - [2024-10-22T23:20:32.937+0000] {dagbag.py:541} INFO - Filling up the DagBag from /opt/airflow/dags/bot_dag.py
[2024-10-22T23:20:32.950+0000] {processor.py:809} INFO - DAG(s) dict_keys(['telegram_bot_dag']) retrieved from /opt/airflow/dags/bot_dag.py
[2024-10-22T23:20:32.975+0000] {logging_mixin.py:149} INFO - [2024-10-22T23:20:32.975+0000] {dag.py:2726} INFO - Sync 1 DAGs
[2024-10-22T23:20:33.096+0000] {logging_mixin.py:149} INFO - [2024-10-22T23:20:33.096+0000] {dag.py:3490} INFO - Setting next_dagrun for telegram_bot_dag to 2024-10-23T00:00:00+00:00, run_after=2024-10-23T00:01:00+00:00
[2024-10-22T23:20:33.106+0000] {processor.py:178} INFO - Processing /opt/airflow/dags/bot_dag.py took 0.175 seconds
[2024-10-22T23:21:03.210+0000] {processor.py:156} INFO - Started process (PID=198) to work on /opt/airflow/dags/bot_dag.py
[2024-10-22T23:21:03.211+0000] {processor.py:799} INFO - Processing file /opt/airflow/dags/bot_dag.py for tasks to queue
[2024-10-22T23:21:03.212+0000] {logging_mixin.py:149} INFO - [2024-10-22T23:21:03.212+0000] {dagbag.py:541} INFO - Filling up the DagBag from /opt/airflow/dags/bot_dag.py
[2024-10-22T23:21:03.230+0000] {processor.py:809} INFO - DAG(s) dict_keys(['telegram_bot_dag']) retrieved from /opt/airflow/dags/bot_dag.py
[2024-10-22T23:21:03.258+0000] {logging_mixin.py:149} INFO - [2024-10-22T23:21:03.257+0000] {dag.py:2726} INFO - Sync 1 DAGs
[2024-10-22T23:21:03.373+0000] {logging_mixin.py:149} INFO - [2024-10-22T23:21:03.372+0000] {dag.py:3490} INFO - Setting next_dagrun for telegram_bot_dag to 2024-10-23T00:00:00+00:00, run_after=2024-10-23T00:01:00+00:00
[2024-10-22T23:21:03.382+0000] {processor.py:178} INFO - Processing /opt/airflow/dags/bot_dag.py took 0.178 seconds
[2024-10-22T23:21:33.615+0000] {processor.py:156} INFO - Started process (PID=203) to work on /opt/airflow/dags/bot_dag.py
[2024-10-22T23:21:33.617+0000] {processor.py:799} INFO - Processing file /opt/airflow/dags/bot_dag.py for tasks to queue
[2024-10-22T23:21:33.619+0000] {logging_mixin.py:149} INFO - [2024-10-22T23:21:33.618+0000] {dagbag.py:541} INFO - Filling up the DagBag from /opt/airflow/dags/bot_dag.py
[2024-10-22T23:21:33.638+0000] {processor.py:809} INFO - DAG(s) dict_keys(['telegram_bot_dag']) retrieved from /opt/airflow/dags/bot_dag.py
[2024-10-22T23:21:33.667+0000] {logging_mixin.py:149} INFO - [2024-10-22T23:21:33.667+0000] {dag.py:2726} INFO - Sync 1 DAGs
[2024-10-22T23:21:33.814+0000] {logging_mixin.py:149} INFO - [2024-10-22T23:21:33.814+0000] {dag.py:3490} INFO - Setting next_dagrun for telegram_bot_dag to 2024-10-23T00:00:00+00:00, run_after=2024-10-23T00:01:00+00:00
[2024-10-22T23:21:33.826+0000] {processor.py:178} INFO - Processing /opt/airflow/dags/bot_dag.py took 0.219 seconds
[2024-10-22T23:22:03.883+0000] {processor.py:156} INFO - Started process (PID=208) to work on /opt/airflow/dags/bot_dag.py
[2024-10-22T23:22:03.884+0000] {processor.py:799} INFO - Processing file /opt/airflow/dags/bot_dag.py for tasks to queue
[2024-10-22T23:22:03.885+0000] {logging_mixin.py:149} INFO - [2024-10-22T23:22:03.885+0000] {dagbag.py:541} INFO - Filling up the DagBag from /opt/airflow/dags/bot_dag.py
[2024-10-22T23:22:03.907+0000] {processor.py:809} INFO - DAG(s) dict_keys(['telegram_bot_dag']) retrieved from /opt/airflow/dags/bot_dag.py
[2024-10-22T23:22:04.014+0000] {logging_mixin.py:149} INFO - [2024-10-22T23:22:04.014+0000] {dag.py:2726} INFO - Sync 1 DAGs
[2024-10-22T23:22:04.028+0000] {logging_mixin.py:149} INFO - [2024-10-22T23:22:04.027+0000] {dag.py:3490} INFO - Setting next_dagrun for telegram_bot_dag to 2024-10-23T00:00:00+00:00, run_after=2024-10-23T00:01:00+00:00
[2024-10-22T23:22:04.038+0000] {processor.py:178} INFO - Processing /opt/airflow/dags/bot_dag.py took 0.162 seconds
[2024-10-22T23:22:34.159+0000] {processor.py:156} INFO - Started process (PID=213) to work on /opt/airflow/dags/bot_dag.py
[2024-10-22T23:22:34.160+0000] {processor.py:799} INFO - Processing file /opt/airflow/dags/bot_dag.py for tasks to queue
[2024-10-22T23:22:34.161+0000] {logging_mixin.py:149} INFO - [2024-10-22T23:22:34.161+0000] {dagbag.py:541} INFO - Filling up the DagBag from /opt/airflow/dags/bot_dag.py
[2024-10-22T23:22:34.304+0000] {processor.py:809} INFO - DAG(s) dict_keys(['telegram_bot_dag']) retrieved from /opt/airflow/dags/bot_dag.py
[2024-10-22T23:22:34.321+0000] {logging_mixin.py:149} INFO - [2024-10-22T23:22:34.321+0000] {dag.py:2726} INFO - Sync 1 DAGs
[2024-10-22T23:22:34.334+0000] {logging_mixin.py:149} INFO - [2024-10-22T23:22:34.334+0000] {dag.py:3490} INFO - Setting next_dagrun for telegram_bot_dag to 2024-10-23T00:00:00+00:00, run_after=2024-10-23T00:01:00+00:00
[2024-10-22T23:22:34.343+0000] {processor.py:178} INFO - Processing /opt/airflow/dags/bot_dag.py took 0.191 seconds
[2024-10-22T23:23:04.550+0000] {processor.py:156} INFO - Started process (PID=218) to work on /opt/airflow/dags/bot_dag.py
[2024-10-22T23:23:04.551+0000] {processor.py:799} INFO - Processing file /opt/airflow/dags/bot_dag.py for tasks to queue
[2024-10-22T23:23:04.552+0000] {logging_mixin.py:149} INFO - [2024-10-22T23:23:04.552+0000] {dagbag.py:541} INFO - Filling up the DagBag from /opt/airflow/dags/bot_dag.py
[2024-10-22T23:23:04.566+0000] {processor.py:809} INFO - DAG(s) dict_keys(['telegram_bot_dag']) retrieved from /opt/airflow/dags/bot_dag.py
[2024-10-22T23:23:04.594+0000] {logging_mixin.py:149} INFO - [2024-10-22T23:23:04.594+0000] {dag.py:2726} INFO - Sync 1 DAGs
[2024-10-22T23:23:04.611+0000] {logging_mixin.py:149} INFO - [2024-10-22T23:23:04.611+0000] {dag.py:3490} INFO - Setting next_dagrun for telegram_bot_dag to 2024-10-23T00:00:00+00:00, run_after=2024-10-23T00:01:00+00:00
[2024-10-22T23:23:04.623+0000] {processor.py:178} INFO - Processing /opt/airflow/dags/bot_dag.py took 0.077 seconds
[2024-10-22T23:23:34.855+0000] {processor.py:156} INFO - Started process (PID=223) to work on /opt/airflow/dags/bot_dag.py
[2024-10-22T23:23:34.856+0000] {processor.py:799} INFO - Processing file /opt/airflow/dags/bot_dag.py for tasks to queue
[2024-10-22T23:23:34.857+0000] {logging_mixin.py:149} INFO - [2024-10-22T23:23:34.857+0000] {dagbag.py:541} INFO - Filling up the DagBag from /opt/airflow/dags/bot_dag.py
[2024-10-22T23:23:34.875+0000] {processor.py:809} INFO - DAG(s) dict_keys(['telegram_bot_dag']) retrieved from /opt/airflow/dags/bot_dag.py
[2024-10-22T23:23:34.908+0000] {logging_mixin.py:149} INFO - [2024-10-22T23:23:34.908+0000] {dag.py:2726} INFO - Sync 1 DAGs
[2024-10-22T23:23:34.929+0000] {logging_mixin.py:149} INFO - [2024-10-22T23:23:34.929+0000] {dag.py:3490} INFO - Setting next_dagrun for telegram_bot_dag to 2024-10-23T00:00:00+00:00, run_after=2024-10-23T00:01:00+00:00
[2024-10-22T23:23:34.941+0000] {processor.py:178} INFO - Processing /opt/airflow/dags/bot_dag.py took 0.097 seconds
[2024-10-22T23:24:05.158+0000] {processor.py:156} INFO - Started process (PID=228) to work on /opt/airflow/dags/bot_dag.py
[2024-10-22T23:24:05.160+0000] {processor.py:799} INFO - Processing file /opt/airflow/dags/bot_dag.py for tasks to queue
[2024-10-22T23:24:05.163+0000] {logging_mixin.py:149} INFO - [2024-10-22T23:24:05.162+0000] {dagbag.py:541} INFO - Filling up the DagBag from /opt/airflow/dags/bot_dag.py
[2024-10-22T23:24:05.192+0000] {processor.py:809} INFO - DAG(s) dict_keys(['telegram_bot_dag']) retrieved from /opt/airflow/dags/bot_dag.py
[2024-10-22T23:24:05.238+0000] {logging_mixin.py:149} INFO - [2024-10-22T23:24:05.238+0000] {dag.py:2726} INFO - Sync 1 DAGs
[2024-10-22T23:24:05.263+0000] {logging_mixin.py:149} INFO - [2024-10-22T23:24:05.262+0000] {dag.py:3490} INFO - Setting next_dagrun for telegram_bot_dag to 2024-10-23T00:00:00+00:00, run_after=2024-10-23T00:01:00+00:00
[2024-10-22T23:24:05.274+0000] {processor.py:178} INFO - Processing /opt/airflow/dags/bot_dag.py took 0.127 seconds
[2024-10-22T23:24:21.369+0000] {processor.py:156} INFO - Started process (PID=233) to work on /opt/airflow/dags/bot_dag.py
[2024-10-22T23:24:21.370+0000] {processor.py:799} INFO - Processing file /opt/airflow/dags/bot_dag.py for tasks to queue
[2024-10-22T23:24:21.371+0000] {logging_mixin.py:149} INFO - [2024-10-22T23:24:21.371+0000] {dagbag.py:541} INFO - Filling up the DagBag from /opt/airflow/dags/bot_dag.py
[2024-10-22T23:24:21.396+0000] {processor.py:809} INFO - DAG(s) dict_keys(['telegram_bot_dag']) retrieved from /opt/airflow/dags/bot_dag.py
[2024-10-22T23:24:21.460+0000] {logging_mixin.py:149} INFO - [2024-10-22T23:24:21.460+0000] {dag.py:2726} INFO - Sync 1 DAGs
[2024-10-22T23:24:21.475+0000] {logging_mixin.py:149} INFO - [2024-10-22T23:24:21.475+0000] {dag.py:3490} INFO - Setting next_dagrun for telegram_bot_dag to 2024-10-23T23:25:00+00:00, run_after=2024-10-24T23:25:00+00:00
[2024-10-22T23:24:21.487+0000] {processor.py:178} INFO - Processing /opt/airflow/dags/bot_dag.py took 0.122 seconds
[2024-10-22T23:24:23.499+0000] {processor.py:156} INFO - Started process (PID=238) to work on /opt/airflow/dags/bot_dag.py
[2024-10-22T23:24:23.500+0000] {processor.py:799} INFO - Processing file /opt/airflow/dags/bot_dag.py for tasks to queue
[2024-10-22T23:24:23.500+0000] {logging_mixin.py:149} INFO - [2024-10-22T23:24:23.500+0000] {dagbag.py:541} INFO - Filling up the DagBag from /opt/airflow/dags/bot_dag.py
[2024-10-22T23:24:23.521+0000] {processor.py:809} INFO - DAG(s) dict_keys(['telegram_bot_dag']) retrieved from /opt/airflow/dags/bot_dag.py
[2024-10-22T23:24:23.535+0000] {logging_mixin.py:149} INFO - [2024-10-22T23:24:23.535+0000] {dag.py:2726} INFO - Sync 1 DAGs
[2024-10-22T23:24:23.555+0000] {logging_mixin.py:149} INFO - [2024-10-22T23:24:23.555+0000] {dag.py:3490} INFO - Setting next_dagrun for telegram_bot_dag to 2024-10-23T23:25:00+00:00, run_after=2024-10-24T23:25:00+00:00
[2024-10-22T23:24:23.569+0000] {processor.py:178} INFO - Processing /opt/airflow/dags/bot_dag.py took 0.094 seconds
[2024-10-22T23:24:33.396+0000] {processor.py:156} INFO - Started process (PID=162) to work on /opt/airflow/dags/bot_dag.py
[2024-10-22T23:24:33.397+0000] {processor.py:799} INFO - Processing file /opt/airflow/dags/bot_dag.py for tasks to queue
[2024-10-22T23:24:33.398+0000] {logging_mixin.py:149} INFO - [2024-10-22T23:24:33.398+0000] {dagbag.py:541} INFO - Filling up the DagBag from /opt/airflow/dags/bot_dag.py
[2024-10-22T23:24:33.417+0000] {processor.py:809} INFO - DAG(s) dict_keys(['telegram_bot_dag']) retrieved from /opt/airflow/dags/bot_dag.py
[2024-10-22T23:24:33.438+0000] {logging_mixin.py:149} INFO - [2024-10-22T23:24:33.438+0000] {dag.py:2726} INFO - Sync 1 DAGs
[2024-10-22T23:24:33.456+0000] {logging_mixin.py:149} INFO - [2024-10-22T23:24:33.455+0000] {dag.py:3490} INFO - Setting next_dagrun for telegram_bot_dag to 2024-10-23T23:25:00+00:00, run_after=2024-10-24T23:25:00+00:00
[2024-10-22T23:24:33.469+0000] {processor.py:178} INFO - Processing /opt/airflow/dags/bot_dag.py took 0.075 seconds
[2024-10-22T23:25:03.734+0000] {processor.py:156} INFO - Started process (PID=168) to work on /opt/airflow/dags/bot_dag.py
[2024-10-22T23:25:03.735+0000] {processor.py:799} INFO - Processing file /opt/airflow/dags/bot_dag.py for tasks to queue
[2024-10-22T23:25:03.736+0000] {logging_mixin.py:149} INFO - [2024-10-22T23:25:03.736+0000] {dagbag.py:541} INFO - Filling up the DagBag from /opt/airflow/dags/bot_dag.py
[2024-10-22T23:25:03.757+0000] {processor.py:809} INFO - DAG(s) dict_keys(['telegram_bot_dag']) retrieved from /opt/airflow/dags/bot_dag.py
[2024-10-22T23:25:03.772+0000] {logging_mixin.py:149} INFO - [2024-10-22T23:25:03.772+0000] {dag.py:2726} INFO - Sync 1 DAGs
[2024-10-22T23:25:03.794+0000] {logging_mixin.py:149} INFO - [2024-10-22T23:25:03.794+0000] {dag.py:3490} INFO - Setting next_dagrun for telegram_bot_dag to 2024-10-23T23:25:00+00:00, run_after=2024-10-24T23:25:00+00:00
[2024-10-22T23:25:03.805+0000] {processor.py:178} INFO - Processing /opt/airflow/dags/bot_dag.py took 0.077 seconds
[2024-10-22T23:25:34.109+0000] {processor.py:156} INFO - Started process (PID=173) to work on /opt/airflow/dags/bot_dag.py
[2024-10-22T23:25:34.110+0000] {processor.py:799} INFO - Processing file /opt/airflow/dags/bot_dag.py for tasks to queue
[2024-10-22T23:25:34.112+0000] {logging_mixin.py:149} INFO - [2024-10-22T23:25:34.111+0000] {dagbag.py:541} INFO - Filling up the DagBag from /opt/airflow/dags/bot_dag.py
[2024-10-22T23:25:34.135+0000] {processor.py:809} INFO - DAG(s) dict_keys(['telegram_bot_dag']) retrieved from /opt/airflow/dags/bot_dag.py
[2024-10-22T23:25:34.190+0000] {logging_mixin.py:149} INFO - [2024-10-22T23:25:34.190+0000] {dag.py:2726} INFO - Sync 1 DAGs
[2024-10-22T23:25:34.211+0000] {logging_mixin.py:149} INFO - [2024-10-22T23:25:34.211+0000] {dag.py:3490} INFO - Setting next_dagrun for telegram_bot_dag to 2024-10-23T23:25:00+00:00, run_after=2024-10-24T23:25:00+00:00
[2024-10-22T23:25:34.222+0000] {processor.py:178} INFO - Processing /opt/airflow/dags/bot_dag.py took 0.118 seconds
[2024-10-22T23:26:04.353+0000] {processor.py:156} INFO - Started process (PID=178) to work on /opt/airflow/dags/bot_dag.py
[2024-10-22T23:26:04.354+0000] {processor.py:799} INFO - Processing file /opt/airflow/dags/bot_dag.py for tasks to queue
[2024-10-22T23:26:04.355+0000] {logging_mixin.py:149} INFO - [2024-10-22T23:26:04.355+0000] {dagbag.py:541} INFO - Filling up the DagBag from /opt/airflow/dags/bot_dag.py
[2024-10-22T23:26:04.371+0000] {processor.py:809} INFO - DAG(s) dict_keys(['telegram_bot_dag']) retrieved from /opt/airflow/dags/bot_dag.py
[2024-10-22T23:26:04.397+0000] {logging_mixin.py:149} INFO - [2024-10-22T23:26:04.397+0000] {dag.py:2726} INFO - Sync 1 DAGs
[2024-10-22T23:26:04.417+0000] {logging_mixin.py:149} INFO - [2024-10-22T23:26:04.417+0000] {dag.py:3490} INFO - Setting next_dagrun for telegram_bot_dag to 2024-10-23T23:25:00+00:00, run_after=2024-10-24T23:25:00+00:00
[2024-10-22T23:26:04.430+0000] {processor.py:178} INFO - Processing /opt/airflow/dags/bot_dag.py took 0.081 seconds
[2024-10-22T23:26:28.647+0000] {processor.py:156} INFO - Started process (PID=183) to work on /opt/airflow/dags/bot_dag.py
[2024-10-22T23:26:28.648+0000] {processor.py:799} INFO - Processing file /opt/airflow/dags/bot_dag.py for tasks to queue
[2024-10-22T23:26:28.649+0000] {logging_mixin.py:149} INFO - [2024-10-22T23:26:28.649+0000] {dagbag.py:541} INFO - Filling up the DagBag from /opt/airflow/dags/bot_dag.py
[2024-10-22T23:26:28.668+0000] {processor.py:809} INFO - DAG(s) dict_keys(['telegram_bot_dag']) retrieved from /opt/airflow/dags/bot_dag.py
[2024-10-22T23:26:28.718+0000] {logging_mixin.py:149} INFO - [2024-10-22T23:26:28.718+0000] {dag.py:2726} INFO - Sync 1 DAGs
[2024-10-22T23:26:28.845+0000] {logging_mixin.py:149} INFO - [2024-10-22T23:26:28.845+0000] {dag.py:3490} INFO - Setting next_dagrun for telegram_bot_dag to 2024-10-23T00:00:00+00:00, run_after=2024-10-23T00:01:00+00:00
[2024-10-22T23:26:28.858+0000] {processor.py:178} INFO - Processing /opt/airflow/dags/bot_dag.py took 0.216 seconds
[2024-10-22T23:26:37.244+0000] {processor.py:156} INFO - Started process (PID=161) to work on /opt/airflow/dags/bot_dag.py
[2024-10-22T23:26:37.245+0000] {processor.py:799} INFO - Processing file /opt/airflow/dags/bot_dag.py for tasks to queue
[2024-10-22T23:26:37.245+0000] {logging_mixin.py:149} INFO - [2024-10-22T23:26:37.245+0000] {dagbag.py:541} INFO - Filling up the DagBag from /opt/airflow/dags/bot_dag.py
[2024-10-22T23:26:37.258+0000] {processor.py:809} INFO - DAG(s) dict_keys(['telegram_bot_dag']) retrieved from /opt/airflow/dags/bot_dag.py
[2024-10-22T23:26:37.273+0000] {logging_mixin.py:149} INFO - [2024-10-22T23:26:37.272+0000] {dag.py:2726} INFO - Sync 1 DAGs
[2024-10-22T23:26:37.287+0000] {logging_mixin.py:149} INFO - [2024-10-22T23:26:37.287+0000] {dag.py:3490} INFO - Setting next_dagrun for telegram_bot_dag to 2024-10-23T00:00:00+00:00, run_after=2024-10-23T00:01:00+00:00
[2024-10-22T23:26:37.297+0000] {processor.py:178} INFO - Processing /opt/airflow/dags/bot_dag.py took 0.055 seconds
[2024-10-22T23:27:07.509+0000] {processor.py:156} INFO - Started process (PID=167) to work on /opt/airflow/dags/bot_dag.py
[2024-10-22T23:27:07.510+0000] {processor.py:799} INFO - Processing file /opt/airflow/dags/bot_dag.py for tasks to queue
[2024-10-22T23:27:07.511+0000] {logging_mixin.py:149} INFO - [2024-10-22T23:27:07.511+0000] {dagbag.py:541} INFO - Filling up the DagBag from /opt/airflow/dags/bot_dag.py
[2024-10-22T23:27:07.528+0000] {processor.py:809} INFO - DAG(s) dict_keys(['telegram_bot_dag']) retrieved from /opt/airflow/dags/bot_dag.py
[2024-10-22T23:27:07.541+0000] {logging_mixin.py:149} INFO - [2024-10-22T23:27:07.541+0000] {dag.py:2726} INFO - Sync 1 DAGs
[2024-10-22T23:27:07.561+0000] {logging_mixin.py:149} INFO - [2024-10-22T23:27:07.561+0000] {dag.py:3490} INFO - Setting next_dagrun for telegram_bot_dag to 2024-10-23T00:00:00+00:00, run_after=2024-10-23T00:01:00+00:00
[2024-10-22T23:27:07.571+0000] {processor.py:178} INFO - Processing /opt/airflow/dags/bot_dag.py took 0.066 seconds
[2024-10-22T23:27:37.795+0000] {processor.py:156} INFO - Started process (PID=172) to work on /opt/airflow/dags/bot_dag.py
[2024-10-22T23:27:37.796+0000] {processor.py:799} INFO - Processing file /opt/airflow/dags/bot_dag.py for tasks to queue
[2024-10-22T23:27:37.797+0000] {logging_mixin.py:149} INFO - [2024-10-22T23:27:37.797+0000] {dagbag.py:541} INFO - Filling up the DagBag from /opt/airflow/dags/bot_dag.py
[2024-10-22T23:27:37.816+0000] {processor.py:809} INFO - DAG(s) dict_keys(['telegram_bot_dag']) retrieved from /opt/airflow/dags/bot_dag.py
[2024-10-22T23:27:37.858+0000] {logging_mixin.py:149} INFO - [2024-10-22T23:27:37.858+0000] {dag.py:2726} INFO - Sync 1 DAGs
[2024-10-22T23:27:37.877+0000] {logging_mixin.py:149} INFO - [2024-10-22T23:27:37.877+0000] {dag.py:3490} INFO - Setting next_dagrun for telegram_bot_dag to 2024-10-23T00:00:00+00:00, run_after=2024-10-23T00:01:00+00:00
[2024-10-22T23:27:37.888+0000] {processor.py:178} INFO - Processing /opt/airflow/dags/bot_dag.py took 0.097 seconds
[2024-10-22T23:28:08.077+0000] {processor.py:156} INFO - Started process (PID=177) to work on /opt/airflow/dags/bot_dag.py
[2024-10-22T23:28:08.078+0000] {processor.py:799} INFO - Processing file /opt/airflow/dags/bot_dag.py for tasks to queue
[2024-10-22T23:28:08.079+0000] {logging_mixin.py:149} INFO - [2024-10-22T23:28:08.079+0000] {dagbag.py:541} INFO - Filling up the DagBag from /opt/airflow/dags/bot_dag.py
[2024-10-22T23:28:08.094+0000] {processor.py:809} INFO - DAG(s) dict_keys(['telegram_bot_dag']) retrieved from /opt/airflow/dags/bot_dag.py
[2024-10-22T23:28:08.120+0000] {logging_mixin.py:149} INFO - [2024-10-22T23:28:08.120+0000] {dag.py:2726} INFO - Sync 1 DAGs
[2024-10-22T23:28:08.138+0000] {logging_mixin.py:149} INFO - [2024-10-22T23:28:08.138+0000] {dag.py:3490} INFO - Setting next_dagrun for telegram_bot_dag to 2024-10-23T00:00:00+00:00, run_after=2024-10-23T00:01:00+00:00
[2024-10-22T23:28:08.148+0000] {processor.py:178} INFO - Processing /opt/airflow/dags/bot_dag.py took 0.074 seconds
[2024-10-22T23:28:11.127+0000] {processor.py:156} INFO - Started process (PID=182) to work on /opt/airflow/dags/bot_dag.py
[2024-10-22T23:28:11.128+0000] {processor.py:799} INFO - Processing file /opt/airflow/dags/bot_dag.py for tasks to queue
[2024-10-22T23:28:11.129+0000] {logging_mixin.py:149} INFO - [2024-10-22T23:28:11.128+0000] {dagbag.py:541} INFO - Filling up the DagBag from /opt/airflow/dags/bot_dag.py
[2024-10-22T23:28:11.148+0000] {processor.py:809} INFO - DAG(s) dict_keys(['telegram_bot_dag']) retrieved from /opt/airflow/dags/bot_dag.py
[2024-10-22T23:28:11.174+0000] {logging_mixin.py:149} INFO - [2024-10-22T23:28:11.174+0000] {dag.py:2726} INFO - Sync 1 DAGs
[2024-10-22T23:28:11.192+0000] {logging_mixin.py:149} INFO - [2024-10-22T23:28:11.192+0000] {dag.py:3490} INFO - Setting next_dagrun for telegram_bot_dag to 2024-10-23T00:00:00+00:00, run_after=2024-10-23T00:01:00+00:00
[2024-10-22T23:28:11.204+0000] {processor.py:178} INFO - Processing /opt/airflow/dags/bot_dag.py took 0.080 seconds
[2024-10-22T23:28:41.480+0000] {processor.py:156} INFO - Started process (PID=187) to work on /opt/airflow/dags/bot_dag.py
[2024-10-22T23:28:41.481+0000] {processor.py:799} INFO - Processing file /opt/airflow/dags/bot_dag.py for tasks to queue
[2024-10-22T23:28:41.482+0000] {logging_mixin.py:149} INFO - [2024-10-22T23:28:41.482+0000] {dagbag.py:541} INFO - Filling up the DagBag from /opt/airflow/dags/bot_dag.py
[2024-10-22T23:28:41.506+0000] {processor.py:809} INFO - DAG(s) dict_keys(['telegram_bot_dag']) retrieved from /opt/airflow/dags/bot_dag.py
[2024-10-22T23:28:41.534+0000] {logging_mixin.py:149} INFO - [2024-10-22T23:28:41.534+0000] {dag.py:2726} INFO - Sync 1 DAGs
[2024-10-22T23:28:41.553+0000] {logging_mixin.py:149} INFO - [2024-10-22T23:28:41.553+0000] {dag.py:3490} INFO - Setting next_dagrun for telegram_bot_dag to 2024-10-23T00:00:00+00:00, run_after=2024-10-23T00:01:00+00:00
[2024-10-22T23:28:41.565+0000] {processor.py:178} INFO - Processing /opt/airflow/dags/bot_dag.py took 0.091 seconds
[2024-10-22T23:29:11.748+0000] {processor.py:156} INFO - Started process (PID=192) to work on /opt/airflow/dags/bot_dag.py
[2024-10-22T23:29:11.749+0000] {processor.py:799} INFO - Processing file /opt/airflow/dags/bot_dag.py for tasks to queue
[2024-10-22T23:29:11.749+0000] {logging_mixin.py:149} INFO - [2024-10-22T23:29:11.749+0000] {dagbag.py:541} INFO - Filling up the DagBag from /opt/airflow/dags/bot_dag.py
[2024-10-22T23:29:11.769+0000] {processor.py:809} INFO - DAG(s) dict_keys(['telegram_bot_dag']) retrieved from /opt/airflow/dags/bot_dag.py
[2024-10-22T23:29:11.795+0000] {logging_mixin.py:149} INFO - [2024-10-22T23:29:11.795+0000] {dag.py:2726} INFO - Sync 1 DAGs
[2024-10-22T23:29:11.814+0000] {logging_mixin.py:149} INFO - [2024-10-22T23:29:11.814+0000] {dag.py:3490} INFO - Setting next_dagrun for telegram_bot_dag to 2024-10-23T00:00:00+00:00, run_after=2024-10-23T00:01:00+00:00
[2024-10-22T23:29:11.939+0000] {processor.py:178} INFO - Processing /opt/airflow/dags/bot_dag.py took 0.196 seconds
[2024-10-22T23:29:42.024+0000] {processor.py:156} INFO - Started process (PID=197) to work on /opt/airflow/dags/bot_dag.py
[2024-10-22T23:29:42.025+0000] {processor.py:799} INFO - Processing file /opt/airflow/dags/bot_dag.py for tasks to queue
[2024-10-22T23:29:42.026+0000] {logging_mixin.py:149} INFO - [2024-10-22T23:29:42.026+0000] {dagbag.py:541} INFO - Filling up the DagBag from /opt/airflow/dags/bot_dag.py
[2024-10-22T23:29:42.059+0000] {processor.py:809} INFO - DAG(s) dict_keys(['telegram_bot_dag']) retrieved from /opt/airflow/dags/bot_dag.py
[2024-10-22T23:29:42.093+0000] {logging_mixin.py:149} INFO - [2024-10-22T23:29:42.093+0000] {dag.py:2726} INFO - Sync 1 DAGs
[2024-10-22T23:29:42.225+0000] {logging_mixin.py:149} INFO - [2024-10-22T23:29:42.225+0000] {dag.py:3490} INFO - Setting next_dagrun for telegram_bot_dag to 2024-10-23T00:00:00+00:00, run_after=2024-10-23T00:01:00+00:00
[2024-10-22T23:29:42.234+0000] {processor.py:178} INFO - Processing /opt/airflow/dags/bot_dag.py took 0.215 seconds
[2024-10-22T23:30:12.466+0000] {processor.py:156} INFO - Started process (PID=202) to work on /opt/airflow/dags/bot_dag.py
[2024-10-22T23:30:12.467+0000] {processor.py:799} INFO - Processing file /opt/airflow/dags/bot_dag.py for tasks to queue
[2024-10-22T23:30:12.468+0000] {logging_mixin.py:149} INFO - [2024-10-22T23:30:12.468+0000] {dagbag.py:541} INFO - Filling up the DagBag from /opt/airflow/dags/bot_dag.py
[2024-10-22T23:30:12.486+0000] {processor.py:809} INFO - DAG(s) dict_keys(['telegram_bot_dag']) retrieved from /opt/airflow/dags/bot_dag.py
[2024-10-22T23:30:12.513+0000] {logging_mixin.py:149} INFO - [2024-10-22T23:30:12.513+0000] {dag.py:2726} INFO - Sync 1 DAGs
[2024-10-22T23:30:12.602+0000] {logging_mixin.py:149} INFO - [2024-10-22T23:30:12.602+0000] {dag.py:3490} INFO - Setting next_dagrun for telegram_bot_dag to 2024-10-23T00:00:00+00:00, run_after=2024-10-23T00:01:00+00:00
[2024-10-22T23:30:12.611+0000] {processor.py:178} INFO - Processing /opt/airflow/dags/bot_dag.py took 0.149 seconds
[2024-10-22T23:30:42.769+0000] {processor.py:156} INFO - Started process (PID=207) to work on /opt/airflow/dags/bot_dag.py
[2024-10-22T23:30:42.771+0000] {processor.py:799} INFO - Processing file /opt/airflow/dags/bot_dag.py for tasks to queue
[2024-10-22T23:30:42.772+0000] {logging_mixin.py:149} INFO - [2024-10-22T23:30:42.772+0000] {dagbag.py:541} INFO - Filling up the DagBag from /opt/airflow/dags/bot_dag.py
[2024-10-22T23:30:42.811+0000] {processor.py:809} INFO - DAG(s) dict_keys(['telegram_bot_dag']) retrieved from /opt/airflow/dags/bot_dag.py
[2024-10-22T23:30:42.965+0000] {logging_mixin.py:149} INFO - [2024-10-22T23:30:42.965+0000] {dag.py:2726} INFO - Sync 1 DAGs
[2024-10-22T23:30:42.980+0000] {logging_mixin.py:149} INFO - [2024-10-22T23:30:42.980+0000] {dag.py:3490} INFO - Setting next_dagrun for telegram_bot_dag to 2024-10-23T00:00:00+00:00, run_after=2024-10-23T00:01:00+00:00
[2024-10-22T23:30:42.990+0000] {processor.py:178} INFO - Processing /opt/airflow/dags/bot_dag.py took 0.228 seconds
[2024-10-22T23:31:13.130+0000] {processor.py:156} INFO - Started process (PID=212) to work on /opt/airflow/dags/bot_dag.py
[2024-10-22T23:31:13.131+0000] {processor.py:799} INFO - Processing file /opt/airflow/dags/bot_dag.py for tasks to queue
[2024-10-22T23:31:13.132+0000] {logging_mixin.py:149} INFO - [2024-10-22T23:31:13.132+0000] {dagbag.py:541} INFO - Filling up the DagBag from /opt/airflow/dags/bot_dag.py
[2024-10-22T23:31:13.151+0000] {processor.py:809} INFO - DAG(s) dict_keys(['telegram_bot_dag']) retrieved from /opt/airflow/dags/bot_dag.py
[2024-10-22T23:31:13.259+0000] {logging_mixin.py:149} INFO - [2024-10-22T23:31:13.259+0000] {dag.py:2726} INFO - Sync 1 DAGs
[2024-10-22T23:31:13.272+0000] {logging_mixin.py:149} INFO - [2024-10-22T23:31:13.272+0000] {dag.py:3490} INFO - Setting next_dagrun for telegram_bot_dag to 2024-10-23T00:00:00+00:00, run_after=2024-10-23T00:01:00+00:00
[2024-10-22T23:31:13.282+0000] {processor.py:178} INFO - Processing /opt/airflow/dags/bot_dag.py took 0.162 seconds
[2024-10-22T23:31:43.562+0000] {processor.py:156} INFO - Started process (PID=217) to work on /opt/airflow/dags/bot_dag.py
[2024-10-22T23:31:43.565+0000] {processor.py:799} INFO - Processing file /opt/airflow/dags/bot_dag.py for tasks to queue
[2024-10-22T23:31:43.566+0000] {logging_mixin.py:149} INFO - [2024-10-22T23:31:43.566+0000] {dagbag.py:541} INFO - Filling up the DagBag from /opt/airflow/dags/bot_dag.py
[2024-10-22T23:31:43.721+0000] {processor.py:809} INFO - DAG(s) dict_keys(['telegram_bot_dag']) retrieved from /opt/airflow/dags/bot_dag.py
[2024-10-22T23:31:43.746+0000] {logging_mixin.py:149} INFO - [2024-10-22T23:31:43.745+0000] {dag.py:2726} INFO - Sync 1 DAGs
[2024-10-22T23:31:43.769+0000] {logging_mixin.py:149} INFO - [2024-10-22T23:31:43.769+0000] {dag.py:3490} INFO - Setting next_dagrun for telegram_bot_dag to 2024-10-23T00:00:00+00:00, run_after=2024-10-23T00:01:00+00:00
[2024-10-22T23:31:43.783+0000] {processor.py:178} INFO - Processing /opt/airflow/dags/bot_dag.py took 0.226 seconds
[2024-10-22T23:32:13.844+0000] {processor.py:156} INFO - Started process (PID=222) to work on /opt/airflow/dags/bot_dag.py
[2024-10-22T23:32:13.845+0000] {processor.py:799} INFO - Processing file /opt/airflow/dags/bot_dag.py for tasks to queue
[2024-10-22T23:32:13.846+0000] {logging_mixin.py:149} INFO - [2024-10-22T23:32:13.846+0000] {dagbag.py:541} INFO - Filling up the DagBag from /opt/airflow/dags/bot_dag.py
[2024-10-22T23:32:13.862+0000] {processor.py:809} INFO - DAG(s) dict_keys(['telegram_bot_dag']) retrieved from /opt/airflow/dags/bot_dag.py
[2024-10-22T23:32:13.890+0000] {logging_mixin.py:149} INFO - [2024-10-22T23:32:13.890+0000] {dag.py:2726} INFO - Sync 1 DAGs
[2024-10-22T23:32:13.908+0000] {logging_mixin.py:149} INFO - [2024-10-22T23:32:13.908+0000] {dag.py:3490} INFO - Setting next_dagrun for telegram_bot_dag to 2024-10-23T00:00:00+00:00, run_after=2024-10-23T00:01:00+00:00
[2024-10-22T23:32:13.918+0000] {processor.py:178} INFO - Processing /opt/airflow/dags/bot_dag.py took 0.082 seconds
[2024-10-22T23:32:44.127+0000] {processor.py:156} INFO - Started process (PID=227) to work on /opt/airflow/dags/bot_dag.py
[2024-10-22T23:32:44.129+0000] {processor.py:799} INFO - Processing file /opt/airflow/dags/bot_dag.py for tasks to queue
[2024-10-22T23:32:44.130+0000] {logging_mixin.py:149} INFO - [2024-10-22T23:32:44.130+0000] {dagbag.py:541} INFO - Filling up the DagBag from /opt/airflow/dags/bot_dag.py
[2024-10-22T23:32:44.155+0000] {processor.py:809} INFO - DAG(s) dict_keys(['telegram_bot_dag']) retrieved from /opt/airflow/dags/bot_dag.py
[2024-10-22T23:32:44.191+0000] {logging_mixin.py:149} INFO - [2024-10-22T23:32:44.191+0000] {dag.py:2726} INFO - Sync 1 DAGs
[2024-10-22T23:32:44.214+0000] {logging_mixin.py:149} INFO - [2024-10-22T23:32:44.214+0000] {dag.py:3490} INFO - Setting next_dagrun for telegram_bot_dag to 2024-10-23T00:00:00+00:00, run_after=2024-10-23T00:01:00+00:00
[2024-10-22T23:32:44.228+0000] {processor.py:178} INFO - Processing /opt/airflow/dags/bot_dag.py took 0.108 seconds
[2024-10-22T23:33:14.444+0000] {processor.py:156} INFO - Started process (PID=232) to work on /opt/airflow/dags/bot_dag.py
[2024-10-22T23:33:14.445+0000] {processor.py:799} INFO - Processing file /opt/airflow/dags/bot_dag.py for tasks to queue
[2024-10-22T23:33:14.446+0000] {logging_mixin.py:149} INFO - [2024-10-22T23:33:14.446+0000] {dagbag.py:541} INFO - Filling up the DagBag from /opt/airflow/dags/bot_dag.py
[2024-10-22T23:33:14.465+0000] {processor.py:809} INFO - DAG(s) dict_keys(['telegram_bot_dag']) retrieved from /opt/airflow/dags/bot_dag.py
[2024-10-22T23:33:14.490+0000] {logging_mixin.py:149} INFO - [2024-10-22T23:33:14.490+0000] {dag.py:2726} INFO - Sync 1 DAGs
[2024-10-22T23:33:14.507+0000] {logging_mixin.py:149} INFO - [2024-10-22T23:33:14.507+0000] {dag.py:3490} INFO - Setting next_dagrun for telegram_bot_dag to 2024-10-23T00:00:00+00:00, run_after=2024-10-23T00:01:00+00:00
[2024-10-22T23:33:14.518+0000] {processor.py:178} INFO - Processing /opt/airflow/dags/bot_dag.py took 0.080 seconds
[2024-10-22T23:33:44.798+0000] {processor.py:156} INFO - Started process (PID=237) to work on /opt/airflow/dags/bot_dag.py
[2024-10-22T23:33:44.800+0000] {processor.py:799} INFO - Processing file /opt/airflow/dags/bot_dag.py for tasks to queue
[2024-10-22T23:33:44.801+0000] {logging_mixin.py:149} INFO - [2024-10-22T23:33:44.801+0000] {dagbag.py:541} INFO - Filling up the DagBag from /opt/airflow/dags/bot_dag.py
[2024-10-22T23:33:44.846+0000] {processor.py:809} INFO - DAG(s) dict_keys(['telegram_bot_dag']) retrieved from /opt/airflow/dags/bot_dag.py
[2024-10-22T23:33:44.893+0000] {logging_mixin.py:149} INFO - [2024-10-22T23:33:44.893+0000] {dag.py:2726} INFO - Sync 1 DAGs
[2024-10-22T23:33:44.927+0000] {logging_mixin.py:149} INFO - [2024-10-22T23:33:44.927+0000] {dag.py:3490} INFO - Setting next_dagrun for telegram_bot_dag to 2024-10-23T00:00:00+00:00, run_after=2024-10-23T00:01:00+00:00
[2024-10-22T23:33:44.947+0000] {processor.py:178} INFO - Processing /opt/airflow/dags/bot_dag.py took 0.156 seconds
[2024-10-22T23:34:15.094+0000] {processor.py:156} INFO - Started process (PID=242) to work on /opt/airflow/dags/bot_dag.py
[2024-10-22T23:34:15.095+0000] {processor.py:799} INFO - Processing file /opt/airflow/dags/bot_dag.py for tasks to queue
[2024-10-22T23:34:15.096+0000] {logging_mixin.py:149} INFO - [2024-10-22T23:34:15.096+0000] {dagbag.py:541} INFO - Filling up the DagBag from /opt/airflow/dags/bot_dag.py
[2024-10-22T23:34:15.115+0000] {processor.py:809} INFO - DAG(s) dict_keys(['telegram_bot_dag']) retrieved from /opt/airflow/dags/bot_dag.py
[2024-10-22T23:34:15.141+0000] {logging_mixin.py:149} INFO - [2024-10-22T23:34:15.141+0000] {dag.py:2726} INFO - Sync 1 DAGs
[2024-10-22T23:34:15.161+0000] {logging_mixin.py:149} INFO - [2024-10-22T23:34:15.161+0000] {dag.py:3490} INFO - Setting next_dagrun for telegram_bot_dag to 2024-10-23T00:00:00+00:00, run_after=2024-10-23T00:01:00+00:00
[2024-10-22T23:34:15.173+0000] {processor.py:178} INFO - Processing /opt/airflow/dags/bot_dag.py took 0.085 seconds
[2024-10-22T23:34:45.347+0000] {processor.py:156} INFO - Started process (PID=247) to work on /opt/airflow/dags/bot_dag.py
[2024-10-22T23:34:45.348+0000] {processor.py:799} INFO - Processing file /opt/airflow/dags/bot_dag.py for tasks to queue
[2024-10-22T23:34:45.349+0000] {logging_mixin.py:149} INFO - [2024-10-22T23:34:45.349+0000] {dagbag.py:541} INFO - Filling up the DagBag from /opt/airflow/dags/bot_dag.py
[2024-10-22T23:34:45.363+0000] {processor.py:809} INFO - DAG(s) dict_keys(['telegram_bot_dag']) retrieved from /opt/airflow/dags/bot_dag.py
[2024-10-22T23:34:45.394+0000] {logging_mixin.py:149} INFO - [2024-10-22T23:34:45.394+0000] {dag.py:2726} INFO - Sync 1 DAGs
[2024-10-22T23:34:45.422+0000] {logging_mixin.py:149} INFO - [2024-10-22T23:34:45.422+0000] {dag.py:3490} INFO - Setting next_dagrun for telegram_bot_dag to 2024-10-23T00:00:00+00:00, run_after=2024-10-23T00:01:00+00:00
[2024-10-22T23:34:45.439+0000] {processor.py:178} INFO - Processing /opt/airflow/dags/bot_dag.py took 0.096 seconds
[2024-10-22T23:35:15.706+0000] {processor.py:156} INFO - Started process (PID=252) to work on /opt/airflow/dags/bot_dag.py
[2024-10-22T23:35:15.707+0000] {processor.py:799} INFO - Processing file /opt/airflow/dags/bot_dag.py for tasks to queue
[2024-10-22T23:35:15.707+0000] {logging_mixin.py:149} INFO - [2024-10-22T23:35:15.707+0000] {dagbag.py:541} INFO - Filling up the DagBag from /opt/airflow/dags/bot_dag.py
[2024-10-22T23:35:15.716+0000] {processor.py:809} INFO - DAG(s) dict_keys(['telegram_bot_dag']) retrieved from /opt/airflow/dags/bot_dag.py
[2024-10-22T23:35:15.736+0000] {logging_mixin.py:149} INFO - [2024-10-22T23:35:15.736+0000] {dag.py:2726} INFO - Sync 1 DAGs
[2024-10-22T23:35:15.756+0000] {logging_mixin.py:149} INFO - [2024-10-22T23:35:15.756+0000] {dag.py:3490} INFO - Setting next_dagrun for telegram_bot_dag to 2024-10-23T00:00:00+00:00, run_after=2024-10-23T00:01:00+00:00
[2024-10-22T23:35:15.768+0000] {processor.py:178} INFO - Processing /opt/airflow/dags/bot_dag.py took 0.065 seconds
[2024-10-22T23:35:45.998+0000] {processor.py:156} INFO - Started process (PID=257) to work on /opt/airflow/dags/bot_dag.py
[2024-10-22T23:35:45.999+0000] {processor.py:799} INFO - Processing file /opt/airflow/dags/bot_dag.py for tasks to queue
[2024-10-22T23:35:46.000+0000] {logging_mixin.py:149} INFO - [2024-10-22T23:35:46.000+0000] {dagbag.py:541} INFO - Filling up the DagBag from /opt/airflow/dags/bot_dag.py
[2024-10-22T23:35:46.016+0000] {processor.py:809} INFO - DAG(s) dict_keys(['telegram_bot_dag']) retrieved from /opt/airflow/dags/bot_dag.py
[2024-10-22T23:35:46.042+0000] {logging_mixin.py:149} INFO - [2024-10-22T23:35:46.041+0000] {dag.py:2726} INFO - Sync 1 DAGs
[2024-10-22T23:35:46.060+0000] {logging_mixin.py:149} INFO - [2024-10-22T23:35:46.060+0000] {dag.py:3490} INFO - Setting next_dagrun for telegram_bot_dag to 2024-10-23T00:00:00+00:00, run_after=2024-10-23T00:01:00+00:00
[2024-10-22T23:35:46.071+0000] {processor.py:178} INFO - Processing /opt/airflow/dags/bot_dag.py took 0.077 seconds
[2024-10-22T23:36:16.296+0000] {processor.py:156} INFO - Started process (PID=262) to work on /opt/airflow/dags/bot_dag.py
[2024-10-22T23:36:16.297+0000] {processor.py:799} INFO - Processing file /opt/airflow/dags/bot_dag.py for tasks to queue
[2024-10-22T23:36:16.297+0000] {logging_mixin.py:149} INFO - [2024-10-22T23:36:16.297+0000] {dagbag.py:541} INFO - Filling up the DagBag from /opt/airflow/dags/bot_dag.py
[2024-10-22T23:36:16.311+0000] {processor.py:809} INFO - DAG(s) dict_keys(['telegram_bot_dag']) retrieved from /opt/airflow/dags/bot_dag.py
[2024-10-22T23:36:16.339+0000] {logging_mixin.py:149} INFO - [2024-10-22T23:36:16.339+0000] {dag.py:2726} INFO - Sync 1 DAGs
[2024-10-22T23:36:16.359+0000] {logging_mixin.py:149} INFO - [2024-10-22T23:36:16.359+0000] {dag.py:3490} INFO - Setting next_dagrun for telegram_bot_dag to 2024-10-23T00:00:00+00:00, run_after=2024-10-23T00:01:00+00:00
[2024-10-22T23:36:16.370+0000] {processor.py:178} INFO - Processing /opt/airflow/dags/bot_dag.py took 0.077 seconds
[2024-10-22T23:36:46.591+0000] {processor.py:156} INFO - Started process (PID=267) to work on /opt/airflow/dags/bot_dag.py
[2024-10-22T23:36:46.593+0000] {processor.py:799} INFO - Processing file /opt/airflow/dags/bot_dag.py for tasks to queue
[2024-10-22T23:36:46.594+0000] {logging_mixin.py:149} INFO - [2024-10-22T23:36:46.593+0000] {dagbag.py:541} INFO - Filling up the DagBag from /opt/airflow/dags/bot_dag.py
[2024-10-22T23:36:46.617+0000] {processor.py:809} INFO - DAG(s) dict_keys(['telegram_bot_dag']) retrieved from /opt/airflow/dags/bot_dag.py
[2024-10-22T23:36:46.645+0000] {logging_mixin.py:149} INFO - [2024-10-22T23:36:46.645+0000] {dag.py:2726} INFO - Sync 1 DAGs
[2024-10-22T23:36:46.664+0000] {logging_mixin.py:149} INFO - [2024-10-22T23:36:46.664+0000] {dag.py:3490} INFO - Setting next_dagrun for telegram_bot_dag to 2024-10-23T00:00:00+00:00, run_after=2024-10-23T00:01:00+00:00
[2024-10-22T23:36:46.675+0000] {processor.py:178} INFO - Processing /opt/airflow/dags/bot_dag.py took 0.089 seconds
[2024-10-22T23:37:16.901+0000] {processor.py:156} INFO - Started process (PID=272) to work on /opt/airflow/dags/bot_dag.py
[2024-10-22T23:37:16.902+0000] {processor.py:799} INFO - Processing file /opt/airflow/dags/bot_dag.py for tasks to queue
[2024-10-22T23:37:16.903+0000] {logging_mixin.py:149} INFO - [2024-10-22T23:37:16.903+0000] {dagbag.py:541} INFO - Filling up the DagBag from /opt/airflow/dags/bot_dag.py
[2024-10-22T23:37:16.926+0000] {processor.py:809} INFO - DAG(s) dict_keys(['telegram_bot_dag']) retrieved from /opt/airflow/dags/bot_dag.py
[2024-10-22T23:37:16.956+0000] {logging_mixin.py:149} INFO - [2024-10-22T23:37:16.956+0000] {dag.py:2726} INFO - Sync 1 DAGs
[2024-10-22T23:37:16.977+0000] {logging_mixin.py:149} INFO - [2024-10-22T23:37:16.977+0000] {dag.py:3490} INFO - Setting next_dagrun for telegram_bot_dag to 2024-10-23T00:00:00+00:00, run_after=2024-10-23T00:01:00+00:00
[2024-10-22T23:37:16.990+0000] {processor.py:178} INFO - Processing /opt/airflow/dags/bot_dag.py took 0.092 seconds
[2024-10-22T23:37:47.258+0000] {processor.py:156} INFO - Started process (PID=277) to work on /opt/airflow/dags/bot_dag.py
[2024-10-22T23:37:47.260+0000] {processor.py:799} INFO - Processing file /opt/airflow/dags/bot_dag.py for tasks to queue
[2024-10-22T23:37:47.261+0000] {logging_mixin.py:149} INFO - [2024-10-22T23:37:47.261+0000] {dagbag.py:541} INFO - Filling up the DagBag from /opt/airflow/dags/bot_dag.py
[2024-10-22T23:37:47.289+0000] {processor.py:809} INFO - DAG(s) dict_keys(['telegram_bot_dag']) retrieved from /opt/airflow/dags/bot_dag.py
[2024-10-22T23:37:47.322+0000] {logging_mixin.py:149} INFO - [2024-10-22T23:37:47.322+0000] {dag.py:2726} INFO - Sync 1 DAGs
[2024-10-22T23:37:47.342+0000] {logging_mixin.py:149} INFO - [2024-10-22T23:37:47.341+0000] {dag.py:3490} INFO - Setting next_dagrun for telegram_bot_dag to 2024-10-23T00:00:00+00:00, run_after=2024-10-23T00:01:00+00:00
[2024-10-22T23:37:47.353+0000] {processor.py:178} INFO - Processing /opt/airflow/dags/bot_dag.py took 0.106 seconds
[2024-10-22T23:38:17.545+0000] {processor.py:156} INFO - Started process (PID=282) to work on /opt/airflow/dags/bot_dag.py
[2024-10-22T23:38:17.546+0000] {processor.py:799} INFO - Processing file /opt/airflow/dags/bot_dag.py for tasks to queue
[2024-10-22T23:38:17.547+0000] {logging_mixin.py:149} INFO - [2024-10-22T23:38:17.547+0000] {dagbag.py:541} INFO - Filling up the DagBag from /opt/airflow/dags/bot_dag.py
[2024-10-22T23:38:17.567+0000] {processor.py:809} INFO - DAG(s) dict_keys(['telegram_bot_dag']) retrieved from /opt/airflow/dags/bot_dag.py
[2024-10-22T23:38:17.594+0000] {logging_mixin.py:149} INFO - [2024-10-22T23:38:17.593+0000] {dag.py:2726} INFO - Sync 1 DAGs
[2024-10-22T23:38:17.611+0000] {logging_mixin.py:149} INFO - [2024-10-22T23:38:17.611+0000] {dag.py:3490} INFO - Setting next_dagrun for telegram_bot_dag to 2024-10-23T00:00:00+00:00, run_after=2024-10-23T00:01:00+00:00
[2024-10-22T23:38:17.621+0000] {processor.py:178} INFO - Processing /opt/airflow/dags/bot_dag.py took 0.083 seconds
[2024-10-22T23:38:29.715+0000] {processor.py:156} INFO - Started process (PID=287) to work on /opt/airflow/dags/bot_dag.py
[2024-10-22T23:38:29.717+0000] {processor.py:799} INFO - Processing file /opt/airflow/dags/bot_dag.py for tasks to queue
[2024-10-22T23:38:29.718+0000] {logging_mixin.py:149} INFO - [2024-10-22T23:38:29.718+0000] {dagbag.py:541} INFO - Filling up the DagBag from /opt/airflow/dags/bot_dag.py
[2024-10-22T23:38:29.744+0000] {processor.py:809} INFO - DAG(s) dict_keys(['telegram_bot_dag']) retrieved from /opt/airflow/dags/bot_dag.py
[2024-10-22T23:38:29.798+0000] {logging_mixin.py:149} INFO - [2024-10-22T23:38:29.798+0000] {dag.py:2726} INFO - Sync 1 DAGs
[2024-10-22T23:38:29.814+0000] {logging_mixin.py:149} INFO - [2024-10-22T23:38:29.814+0000] {dag.py:3490} INFO - Setting next_dagrun for telegram_bot_dag to 2024-10-22T00:00:00+00:00, run_after=2024-10-22T00:01:00+00:00
[2024-10-22T23:38:29.829+0000] {processor.py:178} INFO - Processing /opt/airflow/dags/bot_dag.py took 0.119 seconds
[2024-10-22T23:38:42.051+0000] {processor.py:156} INFO - Started process (PID=162) to work on /opt/airflow/dags/bot_dag.py
[2024-10-22T23:38:42.053+0000] {processor.py:799} INFO - Processing file /opt/airflow/dags/bot_dag.py for tasks to queue
[2024-10-22T23:38:42.054+0000] {logging_mixin.py:149} INFO - [2024-10-22T23:38:42.054+0000] {dagbag.py:541} INFO - Filling up the DagBag from /opt/airflow/dags/bot_dag.py
[2024-10-22T23:38:42.068+0000] {processor.py:809} INFO - DAG(s) dict_keys(['telegram_bot_dag']) retrieved from /opt/airflow/dags/bot_dag.py
[2024-10-22T23:38:42.087+0000] {logging_mixin.py:149} INFO - [2024-10-22T23:38:42.087+0000] {dag.py:2726} INFO - Sync 1 DAGs
[2024-10-22T23:38:42.117+0000] {processor.py:178} INFO - Processing /opt/airflow/dags/bot_dag.py took 0.068 seconds
[2024-10-22T23:39:12.323+0000] {processor.py:156} INFO - Started process (PID=168) to work on /opt/airflow/dags/bot_dag.py
[2024-10-22T23:39:12.324+0000] {processor.py:799} INFO - Processing file /opt/airflow/dags/bot_dag.py for tasks to queue
[2024-10-22T23:39:12.325+0000] {logging_mixin.py:149} INFO - [2024-10-22T23:39:12.325+0000] {dagbag.py:541} INFO - Filling up the DagBag from /opt/airflow/dags/bot_dag.py
[2024-10-22T23:39:12.339+0000] {processor.py:809} INFO - DAG(s) dict_keys(['telegram_bot_dag']) retrieved from /opt/airflow/dags/bot_dag.py
[2024-10-22T23:39:12.352+0000] {logging_mixin.py:149} INFO - [2024-10-22T23:39:12.352+0000] {dag.py:2726} INFO - Sync 1 DAGs
[2024-10-22T23:39:12.390+0000] {processor.py:178} INFO - Processing /opt/airflow/dags/bot_dag.py took 0.070 seconds
[2024-10-22T23:39:42.613+0000] {processor.py:156} INFO - Started process (PID=173) to work on /opt/airflow/dags/bot_dag.py
[2024-10-22T23:39:42.614+0000] {processor.py:799} INFO - Processing file /opt/airflow/dags/bot_dag.py for tasks to queue
[2024-10-22T23:39:42.614+0000] {logging_mixin.py:149} INFO - [2024-10-22T23:39:42.614+0000] {dagbag.py:541} INFO - Filling up the DagBag from /opt/airflow/dags/bot_dag.py
[2024-10-22T23:39:42.626+0000] {processor.py:809} INFO - DAG(s) dict_keys(['telegram_bot_dag']) retrieved from /opt/airflow/dags/bot_dag.py
[2024-10-22T23:39:42.661+0000] {logging_mixin.py:149} INFO - [2024-10-22T23:39:42.660+0000] {dag.py:2726} INFO - Sync 1 DAGs
[2024-10-22T23:39:42.689+0000] {processor.py:178} INFO - Processing /opt/airflow/dags/bot_dag.py took 0.078 seconds
[2024-10-22T23:40:12.854+0000] {processor.py:156} INFO - Started process (PID=178) to work on /opt/airflow/dags/bot_dag.py
[2024-10-22T23:40:12.855+0000] {processor.py:799} INFO - Processing file /opt/airflow/dags/bot_dag.py for tasks to queue
[2024-10-22T23:40:12.856+0000] {logging_mixin.py:149} INFO - [2024-10-22T23:40:12.855+0000] {dagbag.py:541} INFO - Filling up the DagBag from /opt/airflow/dags/bot_dag.py
[2024-10-22T23:40:12.875+0000] {processor.py:809} INFO - DAG(s) dict_keys(['telegram_bot_dag']) retrieved from /opt/airflow/dags/bot_dag.py
[2024-10-22T23:40:12.899+0000] {logging_mixin.py:149} INFO - [2024-10-22T23:40:12.899+0000] {dag.py:2726} INFO - Sync 1 DAGs
[2024-10-22T23:40:12.927+0000] {processor.py:178} INFO - Processing /opt/airflow/dags/bot_dag.py took 0.078 seconds
[2024-10-22T23:40:43.153+0000] {processor.py:156} INFO - Started process (PID=183) to work on /opt/airflow/dags/bot_dag.py
[2024-10-22T23:40:43.153+0000] {processor.py:799} INFO - Processing file /opt/airflow/dags/bot_dag.py for tasks to queue
[2024-10-22T23:40:43.154+0000] {logging_mixin.py:149} INFO - [2024-10-22T23:40:43.154+0000] {dagbag.py:541} INFO - Filling up the DagBag from /opt/airflow/dags/bot_dag.py
[2024-10-22T23:40:43.170+0000] {processor.py:809} INFO - DAG(s) dict_keys(['telegram_bot_dag']) retrieved from /opt/airflow/dags/bot_dag.py
[2024-10-22T23:40:43.200+0000] {logging_mixin.py:149} INFO - [2024-10-22T23:40:43.200+0000] {dag.py:2726} INFO - Sync 1 DAGs
[2024-10-22T23:40:43.227+0000] {processor.py:178} INFO - Processing /opt/airflow/dags/bot_dag.py took 0.078 seconds
[2024-10-22T23:41:13.467+0000] {processor.py:156} INFO - Started process (PID=188) to work on /opt/airflow/dags/bot_dag.py
[2024-10-22T23:41:13.468+0000] {processor.py:799} INFO - Processing file /opt/airflow/dags/bot_dag.py for tasks to queue
[2024-10-22T23:41:13.469+0000] {logging_mixin.py:149} INFO - [2024-10-22T23:41:13.469+0000] {dagbag.py:541} INFO - Filling up the DagBag from /opt/airflow/dags/bot_dag.py
[2024-10-22T23:41:13.488+0000] {processor.py:809} INFO - DAG(s) dict_keys(['telegram_bot_dag']) retrieved from /opt/airflow/dags/bot_dag.py
[2024-10-22T23:41:13.514+0000] {logging_mixin.py:149} INFO - [2024-10-22T23:41:13.514+0000] {dag.py:2726} INFO - Sync 1 DAGs
[2024-10-22T23:41:13.693+0000] {processor.py:178} INFO - Processing /opt/airflow/dags/bot_dag.py took 0.231 seconds
[2024-10-22T23:41:43.758+0000] {processor.py:156} INFO - Started process (PID=193) to work on /opt/airflow/dags/bot_dag.py
[2024-10-22T23:41:43.759+0000] {processor.py:799} INFO - Processing file /opt/airflow/dags/bot_dag.py for tasks to queue
[2024-10-22T23:41:43.760+0000] {logging_mixin.py:149} INFO - [2024-10-22T23:41:43.760+0000] {dagbag.py:541} INFO - Filling up the DagBag from /opt/airflow/dags/bot_dag.py
[2024-10-22T23:41:43.777+0000] {processor.py:809} INFO - DAG(s) dict_keys(['telegram_bot_dag']) retrieved from /opt/airflow/dags/bot_dag.py
[2024-10-22T23:41:43.806+0000] {logging_mixin.py:149} INFO - [2024-10-22T23:41:43.806+0000] {dag.py:2726} INFO - Sync 1 DAGs
[2024-10-22T23:41:43.896+0000] {processor.py:178} INFO - Processing /opt/airflow/dags/bot_dag.py took 0.143 seconds
[2024-10-22T23:42:14.208+0000] {processor.py:156} INFO - Started process (PID=198) to work on /opt/airflow/dags/bot_dag.py
[2024-10-22T23:42:14.209+0000] {processor.py:799} INFO - Processing file /opt/airflow/dags/bot_dag.py for tasks to queue
[2024-10-22T23:42:14.210+0000] {logging_mixin.py:149} INFO - [2024-10-22T23:42:14.210+0000] {dagbag.py:541} INFO - Filling up the DagBag from /opt/airflow/dags/bot_dag.py
[2024-10-22T23:42:14.231+0000] {processor.py:809} INFO - DAG(s) dict_keys(['telegram_bot_dag']) retrieved from /opt/airflow/dags/bot_dag.py
[2024-10-22T23:42:14.261+0000] {logging_mixin.py:149} INFO - [2024-10-22T23:42:14.261+0000] {dag.py:2726} INFO - Sync 1 DAGs
[2024-10-22T23:42:14.414+0000] {processor.py:178} INFO - Processing /opt/airflow/dags/bot_dag.py took 0.213 seconds
[2024-10-22T23:42:44.548+0000] {processor.py:156} INFO - Started process (PID=203) to work on /opt/airflow/dags/bot_dag.py
[2024-10-22T23:42:44.549+0000] {processor.py:799} INFO - Processing file /opt/airflow/dags/bot_dag.py for tasks to queue
[2024-10-22T23:42:44.549+0000] {logging_mixin.py:149} INFO - [2024-10-22T23:42:44.549+0000] {dagbag.py:541} INFO - Filling up the DagBag from /opt/airflow/dags/bot_dag.py
[2024-10-22T23:42:44.558+0000] {processor.py:809} INFO - DAG(s) dict_keys(['telegram_bot_dag']) retrieved from /opt/airflow/dags/bot_dag.py
[2024-10-22T23:42:44.583+0000] {logging_mixin.py:149} INFO - [2024-10-22T23:42:44.582+0000] {dag.py:2726} INFO - Sync 1 DAGs
[2024-10-22T23:42:44.675+0000] {processor.py:178} INFO - Processing /opt/airflow/dags/bot_dag.py took 0.129 seconds
[2024-10-22T23:43:14.984+0000] {processor.py:156} INFO - Started process (PID=208) to work on /opt/airflow/dags/bot_dag.py
[2024-10-22T23:43:14.986+0000] {processor.py:799} INFO - Processing file /opt/airflow/dags/bot_dag.py for tasks to queue
[2024-10-22T23:43:14.987+0000] {logging_mixin.py:149} INFO - [2024-10-22T23:43:14.987+0000] {dagbag.py:541} INFO - Filling up the DagBag from /opt/airflow/dags/bot_dag.py
[2024-10-22T23:43:15.012+0000] {processor.py:809} INFO - DAG(s) dict_keys(['telegram_bot_dag']) retrieved from /opt/airflow/dags/bot_dag.py
[2024-10-22T23:43:15.191+0000] {logging_mixin.py:149} INFO - [2024-10-22T23:43:15.191+0000] {dag.py:2726} INFO - Sync 1 DAGs
[2024-10-22T23:43:15.221+0000] {processor.py:178} INFO - Processing /opt/airflow/dags/bot_dag.py took 0.243 seconds
[2024-10-22T23:43:45.293+0000] {processor.py:156} INFO - Started process (PID=213) to work on /opt/airflow/dags/bot_dag.py
[2024-10-22T23:43:45.294+0000] {processor.py:799} INFO - Processing file /opt/airflow/dags/bot_dag.py for tasks to queue
[2024-10-22T23:43:45.295+0000] {logging_mixin.py:149} INFO - [2024-10-22T23:43:45.295+0000] {dagbag.py:541} INFO - Filling up the DagBag from /opt/airflow/dags/bot_dag.py
[2024-10-22T23:43:45.430+0000] {processor.py:809} INFO - DAG(s) dict_keys(['telegram_bot_dag']) retrieved from /opt/airflow/dags/bot_dag.py
[2024-10-22T23:43:45.447+0000] {logging_mixin.py:149} INFO - [2024-10-22T23:43:45.447+0000] {dag.py:2726} INFO - Sync 1 DAGs
[2024-10-22T23:43:45.469+0000] {processor.py:178} INFO - Processing /opt/airflow/dags/bot_dag.py took 0.181 seconds
[2024-10-22T23:44:15.756+0000] {processor.py:156} INFO - Started process (PID=218) to work on /opt/airflow/dags/bot_dag.py
[2024-10-22T23:44:15.758+0000] {processor.py:799} INFO - Processing file /opt/airflow/dags/bot_dag.py for tasks to queue
[2024-10-22T23:44:15.758+0000] {logging_mixin.py:149} INFO - [2024-10-22T23:44:15.758+0000] {dagbag.py:541} INFO - Filling up the DagBag from /opt/airflow/dags/bot_dag.py
[2024-10-22T23:44:15.779+0000] {processor.py:809} INFO - DAG(s) dict_keys(['telegram_bot_dag']) retrieved from /opt/airflow/dags/bot_dag.py
[2024-10-22T23:44:15.814+0000] {logging_mixin.py:149} INFO - [2024-10-22T23:44:15.814+0000] {dag.py:2726} INFO - Sync 1 DAGs
[2024-10-22T23:44:15.853+0000] {processor.py:178} INFO - Processing /opt/airflow/dags/bot_dag.py took 0.104 seconds
[2024-10-22T23:44:46.008+0000] {processor.py:156} INFO - Started process (PID=223) to work on /opt/airflow/dags/bot_dag.py
[2024-10-22T23:44:46.009+0000] {processor.py:799} INFO - Processing file /opt/airflow/dags/bot_dag.py for tasks to queue
[2024-10-22T23:44:46.010+0000] {logging_mixin.py:149} INFO - [2024-10-22T23:44:46.010+0000] {dagbag.py:541} INFO - Filling up the DagBag from /opt/airflow/dags/bot_dag.py
[2024-10-22T23:44:46.023+0000] {processor.py:809} INFO - DAG(s) dict_keys(['telegram_bot_dag']) retrieved from /opt/airflow/dags/bot_dag.py
[2024-10-22T23:44:46.055+0000] {logging_mixin.py:149} INFO - [2024-10-22T23:44:46.055+0000] {dag.py:2726} INFO - Sync 1 DAGs
[2024-10-22T23:44:46.087+0000] {processor.py:178} INFO - Processing /opt/airflow/dags/bot_dag.py took 0.083 seconds
[2024-10-22T23:45:16.348+0000] {processor.py:156} INFO - Started process (PID=228) to work on /opt/airflow/dags/bot_dag.py
[2024-10-22T23:45:16.349+0000] {processor.py:799} INFO - Processing file /opt/airflow/dags/bot_dag.py for tasks to queue
[2024-10-22T23:45:16.350+0000] {logging_mixin.py:149} INFO - [2024-10-22T23:45:16.350+0000] {dagbag.py:541} INFO - Filling up the DagBag from /opt/airflow/dags/bot_dag.py
[2024-10-22T23:45:16.371+0000] {processor.py:809} INFO - DAG(s) dict_keys(['telegram_bot_dag']) retrieved from /opt/airflow/dags/bot_dag.py
[2024-10-22T23:45:16.400+0000] {logging_mixin.py:149} INFO - [2024-10-22T23:45:16.400+0000] {dag.py:2726} INFO - Sync 1 DAGs
[2024-10-22T23:45:16.429+0000] {processor.py:178} INFO - Processing /opt/airflow/dags/bot_dag.py took 0.087 seconds
[2024-10-22T23:45:42.364+0000] {processor.py:156} INFO - Started process (PID=162) to work on /opt/airflow/dags/bot_dag.py
[2024-10-22T23:45:42.365+0000] {processor.py:799} INFO - Processing file /opt/airflow/dags/bot_dag.py for tasks to queue
[2024-10-22T23:45:42.365+0000] {logging_mixin.py:149} INFO - [2024-10-22T23:45:42.365+0000] {dagbag.py:541} INFO - Filling up the DagBag from /opt/airflow/dags/bot_dag.py
[2024-10-22T23:45:42.378+0000] {processor.py:809} INFO - DAG(s) dict_keys(['telegram_bot_dag']) retrieved from /opt/airflow/dags/bot_dag.py
[2024-10-22T23:45:42.406+0000] {logging_mixin.py:149} INFO - [2024-10-22T23:45:42.405+0000] {dag.py:2726} INFO - Sync 1 DAGs
[2024-10-22T23:45:42.432+0000] {processor.py:178} INFO - Processing /opt/airflow/dags/bot_dag.py took 0.069 seconds
[2024-10-22T23:46:12.691+0000] {processor.py:156} INFO - Started process (PID=184) to work on /opt/airflow/dags/bot_dag.py
[2024-10-22T23:46:12.693+0000] {processor.py:799} INFO - Processing file /opt/airflow/dags/bot_dag.py for tasks to queue
[2024-10-22T23:46:12.695+0000] {logging_mixin.py:149} INFO - [2024-10-22T23:46:12.695+0000] {dagbag.py:541} INFO - Filling up the DagBag from /opt/airflow/dags/bot_dag.py
[2024-10-22T23:46:12.729+0000] {processor.py:809} INFO - DAG(s) dict_keys(['telegram_bot_dag']) retrieved from /opt/airflow/dags/bot_dag.py
[2024-10-22T23:46:12.810+0000] {logging_mixin.py:149} INFO - [2024-10-22T23:46:12.810+0000] {dag.py:2726} INFO - Sync 1 DAGs
[2024-10-22T23:46:12.977+0000] {processor.py:178} INFO - Processing /opt/airflow/dags/bot_dag.py took 0.300 seconds
[2024-10-22T23:46:43.258+0000] {processor.py:156} INFO - Started process (PID=269) to work on /opt/airflow/dags/bot_dag.py
[2024-10-22T23:46:43.259+0000] {processor.py:799} INFO - Processing file /opt/airflow/dags/bot_dag.py for tasks to queue
[2024-10-22T23:46:43.260+0000] {logging_mixin.py:149} INFO - [2024-10-22T23:46:43.260+0000] {dagbag.py:541} INFO - Filling up the DagBag from /opt/airflow/dags/bot_dag.py
[2024-10-22T23:46:43.280+0000] {processor.py:809} INFO - DAG(s) dict_keys(['telegram_bot_dag']) retrieved from /opt/airflow/dags/bot_dag.py
[2024-10-22T23:46:43.329+0000] {logging_mixin.py:149} INFO - [2024-10-22T23:46:43.329+0000] {dag.py:2726} INFO - Sync 1 DAGs
[2024-10-22T23:46:43.356+0000] {logging_mixin.py:149} INFO - [2024-10-22T23:46:43.356+0000] {dag.py:3490} INFO - Setting next_dagrun for telegram_bot_dag to 2024-10-22T00:30:00+00:00, run_after=2024-10-22T00:31:00+00:00
[2024-10-22T23:46:43.373+0000] {processor.py:178} INFO - Processing /opt/airflow/dags/bot_dag.py took 0.120 seconds
[2024-10-22T23:47:13.525+0000] {processor.py:156} INFO - Started process (PID=280) to work on /opt/airflow/dags/bot_dag.py
[2024-10-22T23:47:13.526+0000] {processor.py:799} INFO - Processing file /opt/airflow/dags/bot_dag.py for tasks to queue
[2024-10-22T23:47:13.527+0000] {logging_mixin.py:149} INFO - [2024-10-22T23:47:13.527+0000] {dagbag.py:541} INFO - Filling up the DagBag from /opt/airflow/dags/bot_dag.py
[2024-10-22T23:47:13.550+0000] {processor.py:809} INFO - DAG(s) dict_keys(['telegram_bot_dag']) retrieved from /opt/airflow/dags/bot_dag.py
[2024-10-22T23:47:13.603+0000] {logging_mixin.py:149} INFO - [2024-10-22T23:47:13.603+0000] {dag.py:2726} INFO - Sync 1 DAGs
[2024-10-22T23:47:13.635+0000] {processor.py:178} INFO - Processing /opt/airflow/dags/bot_dag.py took 0.116 seconds
[2024-10-22T23:47:43.874+0000] {processor.py:156} INFO - Started process (PID=285) to work on /opt/airflow/dags/bot_dag.py
[2024-10-22T23:47:43.875+0000] {processor.py:799} INFO - Processing file /opt/airflow/dags/bot_dag.py for tasks to queue
[2024-10-22T23:47:43.875+0000] {logging_mixin.py:149} INFO - [2024-10-22T23:47:43.875+0000] {dagbag.py:541} INFO - Filling up the DagBag from /opt/airflow/dags/bot_dag.py
[2024-10-22T23:47:43.895+0000] {processor.py:809} INFO - DAG(s) dict_keys(['telegram_bot_dag']) retrieved from /opt/airflow/dags/bot_dag.py
[2024-10-22T23:47:43.928+0000] {logging_mixin.py:149} INFO - [2024-10-22T23:47:43.928+0000] {dag.py:2726} INFO - Sync 1 DAGs
[2024-10-22T23:47:43.964+0000] {processor.py:178} INFO - Processing /opt/airflow/dags/bot_dag.py took 0.093 seconds
[2024-10-22T23:48:14.156+0000] {processor.py:156} INFO - Started process (PID=290) to work on /opt/airflow/dags/bot_dag.py
[2024-10-22T23:48:14.157+0000] {processor.py:799} INFO - Processing file /opt/airflow/dags/bot_dag.py for tasks to queue
[2024-10-22T23:48:14.160+0000] {logging_mixin.py:149} INFO - [2024-10-22T23:48:14.159+0000] {dagbag.py:541} INFO - Filling up the DagBag from /opt/airflow/dags/bot_dag.py
[2024-10-22T23:48:14.185+0000] {processor.py:809} INFO - DAG(s) dict_keys(['telegram_bot_dag']) retrieved from /opt/airflow/dags/bot_dag.py
[2024-10-22T23:48:14.250+0000] {logging_mixin.py:149} INFO - [2024-10-22T23:48:14.250+0000] {dag.py:2726} INFO - Sync 1 DAGs
[2024-10-22T23:48:14.423+0000] {processor.py:178} INFO - Processing /opt/airflow/dags/bot_dag.py took 0.278 seconds
[2024-10-22T23:48:44.487+0000] {processor.py:156} INFO - Started process (PID=295) to work on /opt/airflow/dags/bot_dag.py
[2024-10-22T23:48:44.489+0000] {processor.py:799} INFO - Processing file /opt/airflow/dags/bot_dag.py for tasks to queue
[2024-10-22T23:48:44.490+0000] {logging_mixin.py:149} INFO - [2024-10-22T23:48:44.490+0000] {dagbag.py:541} INFO - Filling up the DagBag from /opt/airflow/dags/bot_dag.py
[2024-10-22T23:48:44.514+0000] {processor.py:809} INFO - DAG(s) dict_keys(['telegram_bot_dag']) retrieved from /opt/airflow/dags/bot_dag.py
[2024-10-22T23:48:44.566+0000] {logging_mixin.py:149} INFO - [2024-10-22T23:48:44.566+0000] {dag.py:2726} INFO - Sync 1 DAGs
[2024-10-22T23:48:44.853+0000] {processor.py:178} INFO - Processing /opt/airflow/dags/bot_dag.py took 0.371 seconds
[2024-10-22T23:49:14.990+0000] {processor.py:156} INFO - Started process (PID=300) to work on /opt/airflow/dags/bot_dag.py
[2024-10-22T23:49:14.991+0000] {processor.py:799} INFO - Processing file /opt/airflow/dags/bot_dag.py for tasks to queue
[2024-10-22T23:49:14.992+0000] {logging_mixin.py:149} INFO - [2024-10-22T23:49:14.992+0000] {dagbag.py:541} INFO - Filling up the DagBag from /opt/airflow/dags/bot_dag.py
[2024-10-22T23:49:15.025+0000] {processor.py:809} INFO - DAG(s) dict_keys(['telegram_bot_dag']) retrieved from /opt/airflow/dags/bot_dag.py
[2024-10-22T23:49:15.073+0000] {logging_mixin.py:149} INFO - [2024-10-22T23:49:15.073+0000] {dag.py:2726} INFO - Sync 1 DAGs
[2024-10-22T23:49:15.311+0000] {processor.py:178} INFO - Processing /opt/airflow/dags/bot_dag.py took 0.330 seconds
[2024-10-22T23:49:45.486+0000] {processor.py:156} INFO - Started process (PID=305) to work on /opt/airflow/dags/bot_dag.py
[2024-10-22T23:49:45.489+0000] {processor.py:799} INFO - Processing file /opt/airflow/dags/bot_dag.py for tasks to queue
[2024-10-22T23:49:45.491+0000] {logging_mixin.py:149} INFO - [2024-10-22T23:49:45.491+0000] {dagbag.py:541} INFO - Filling up the DagBag from /opt/airflow/dags/bot_dag.py
[2024-10-22T23:49:45.514+0000] {processor.py:809} INFO - DAG(s) dict_keys(['telegram_bot_dag']) retrieved from /opt/airflow/dags/bot_dag.py
[2024-10-22T23:49:45.548+0000] {logging_mixin.py:149} INFO - [2024-10-22T23:49:45.548+0000] {dag.py:2726} INFO - Sync 1 DAGs
[2024-10-22T23:49:45.725+0000] {processor.py:178} INFO - Processing /opt/airflow/dags/bot_dag.py took 0.254 seconds
[2024-10-22T23:50:15.870+0000] {processor.py:156} INFO - Started process (PID=310) to work on /opt/airflow/dags/bot_dag.py
[2024-10-22T23:50:15.872+0000] {processor.py:799} INFO - Processing file /opt/airflow/dags/bot_dag.py for tasks to queue
[2024-10-22T23:50:15.875+0000] {logging_mixin.py:149} INFO - [2024-10-22T23:50:15.874+0000] {dagbag.py:541} INFO - Filling up the DagBag from /opt/airflow/dags/bot_dag.py
[2024-10-22T23:50:15.891+0000] {processor.py:809} INFO - DAG(s) dict_keys(['telegram_bot_dag']) retrieved from /opt/airflow/dags/bot_dag.py
[2024-10-22T23:50:16.023+0000] {logging_mixin.py:149} INFO - [2024-10-22T23:50:16.023+0000] {dag.py:2726} INFO - Sync 1 DAGs
[2024-10-22T23:50:16.062+0000] {processor.py:178} INFO - Processing /opt/airflow/dags/bot_dag.py took 0.197 seconds
[2024-10-22T23:50:46.241+0000] {processor.py:156} INFO - Started process (PID=315) to work on /opt/airflow/dags/bot_dag.py
[2024-10-22T23:50:46.241+0000] {processor.py:799} INFO - Processing file /opt/airflow/dags/bot_dag.py for tasks to queue
[2024-10-22T23:50:46.242+0000] {logging_mixin.py:149} INFO - [2024-10-22T23:50:46.242+0000] {dagbag.py:541} INFO - Filling up the DagBag from /opt/airflow/dags/bot_dag.py
[2024-10-22T23:50:46.336+0000] {processor.py:809} INFO - DAG(s) dict_keys(['telegram_bot_dag']) retrieved from /opt/airflow/dags/bot_dag.py
[2024-10-22T23:50:46.352+0000] {logging_mixin.py:149} INFO - [2024-10-22T23:50:46.352+0000] {dag.py:2726} INFO - Sync 1 DAGs
[2024-10-22T23:50:46.373+0000] {processor.py:178} INFO - Processing /opt/airflow/dags/bot_dag.py took 0.136 seconds
