[2024-10-23T00:29:00.475+0000] {taskinstance.py:1125} INFO - Dependencies all met for dep_context=non-requeueable deps ti=<TaskInstance: telegram_bot_dag.run_bot_notebook scheduled__2024-10-23T00:28:00+00:00 [queued]>
[2024-10-23T00:29:00.480+0000] {taskinstance.py:1125} INFO - Dependencies all met for dep_context=requeueable deps ti=<TaskInstance: telegram_bot_dag.run_bot_notebook scheduled__2024-10-23T00:28:00+00:00 [queued]>
[2024-10-23T00:29:00.480+0000] {taskinstance.py:1331} INFO - Starting attempt 1 of 2
[2024-10-23T00:29:00.487+0000] {taskinstance.py:1350} INFO - Executing <Task(PythonOperator): run_bot_notebook> on 2024-10-23 00:28:00+00:00
[2024-10-23T00:29:00.494+0000] {standard_task_runner.py:57} INFO - Started process 177 to run task
[2024-10-23T00:29:00.502+0000] {standard_task_runner.py:84} INFO - Running: ['***', 'tasks', 'run', 'telegram_bot_dag', 'run_bot_notebook', 'scheduled__2024-10-23T00:28:00+00:00', '--job-id', '157', '--raw', '--subdir', 'DAGS_FOLDER/bot_dag.py', '--cfg-path', '/tmp/tmpwvinmw6p']
[2024-10-23T00:29:00.512+0000] {standard_task_runner.py:85} INFO - Job 157: Subtask run_bot_notebook
[2024-10-23T00:29:00.553+0000] {task_command.py:410} INFO - Running <TaskInstance: telegram_bot_dag.run_bot_notebook scheduled__2024-10-23T00:28:00+00:00 [running]> on host 34f05a89433a
[2024-10-23T00:29:00.616+0000] {taskinstance.py:1570} INFO - Exporting env vars: AIRFLOW_CTX_DAG_OWNER='***' AIRFLOW_CTX_DAG_ID='telegram_bot_dag' AIRFLOW_CTX_TASK_ID='run_bot_notebook' AIRFLOW_CTX_EXECUTION_DATE='2024-10-23T00:28:00+00:00' AIRFLOW_CTX_TRY_NUMBER='1' AIRFLOW_CTX_DAG_RUN_ID='scheduled__2024-10-23T00:28:00+00:00'
[2024-10-23T00:29:00.669+0000] {python.py:183} INFO - Done. Returned value was: None
[2024-10-23T00:29:00.678+0000] {taskinstance.py:1373} INFO - Marking task as SUCCESS. dag_id=telegram_bot_dag, task_id=run_bot_notebook, execution_date=20241023T002800, start_date=20241023T002900, end_date=20241023T002900
[2024-10-23T00:29:00.691+0000] {local_task_job_runner.py:232} INFO - Task exited with return code 0
[2024-10-23T00:29:00.704+0000] {taskinstance.py:2674} INFO - 0 downstream tasks scheduled from follow-on schedule check
[2024-10-23T00:37:09.490+0000] {taskinstance.py:1125} INFO - Dependencies all met for dep_context=non-requeueable deps ti=<TaskInstance: telegram_bot_dag.run_bot_notebook scheduled__2024-10-23T00:28:00+00:00 [queued]>
[2024-10-23T00:37:09.498+0000] {taskinstance.py:1125} INFO - Dependencies all met for dep_context=requeueable deps ti=<TaskInstance: telegram_bot_dag.run_bot_notebook scheduled__2024-10-23T00:28:00+00:00 [queued]>
[2024-10-23T00:37:09.499+0000] {taskinstance.py:1331} INFO - Starting attempt 1 of 2
[2024-10-23T00:37:09.512+0000] {taskinstance.py:1350} INFO - Executing <Task(PythonOperator): run_bot_notebook> on 2024-10-23 00:28:00+00:00
[2024-10-23T00:37:09.516+0000] {standard_task_runner.py:57} INFO - Started process 251 to run task
[2024-10-23T00:37:09.518+0000] {standard_task_runner.py:84} INFO - Running: ['***', 'tasks', 'run', 'telegram_bot_dag', 'run_bot_notebook', 'scheduled__2024-10-23T00:28:00+00:00', '--job-id', '195', '--raw', '--subdir', 'DAGS_FOLDER/bot_dag.py', '--cfg-path', '/tmp/tmpfokzl61x']
[2024-10-23T00:37:09.523+0000] {standard_task_runner.py:85} INFO - Job 195: Subtask run_bot_notebook
[2024-10-23T00:37:09.585+0000] {task_command.py:410} INFO - Running <TaskInstance: telegram_bot_dag.run_bot_notebook scheduled__2024-10-23T00:28:00+00:00 [running]> on host bf7c1478f077
[2024-10-23T00:37:09.664+0000] {taskinstance.py:1570} INFO - Exporting env vars: AIRFLOW_CTX_DAG_OWNER='***' AIRFLOW_CTX_DAG_ID='telegram_bot_dag' AIRFLOW_CTX_TASK_ID='run_bot_notebook' AIRFLOW_CTX_EXECUTION_DATE='2024-10-23T00:28:00+00:00' AIRFLOW_CTX_TRY_NUMBER='1' AIRFLOW_CTX_DAG_RUN_ID='scheduled__2024-10-23T00:28:00+00:00'
[2024-10-23T00:37:09.717+0000] {python.py:183} INFO - Done. Returned value was: None
[2024-10-23T00:37:09.729+0000] {taskinstance.py:1373} INFO - Marking task as SUCCESS. dag_id=telegram_bot_dag, task_id=run_bot_notebook, execution_date=20241023T002800, start_date=20241023T003709, end_date=20241023T003709
[2024-10-23T00:37:09.745+0000] {local_task_job_runner.py:232} INFO - Task exited with return code 0
[2024-10-23T00:37:09.759+0000] {taskinstance.py:2674} INFO - 0 downstream tasks scheduled from follow-on schedule check
