[2024-10-23T00:05:00.742+0000] {taskinstance.py:1125} INFO - Dependencies all met for dep_context=non-requeueable deps ti=<TaskInstance: telegram_bot_dag.run_bot_notebook scheduled__2024-10-23T00:04:00+00:00 [queued]>
[2024-10-23T00:05:00.747+0000] {taskinstance.py:1125} INFO - Dependencies all met for dep_context=requeueable deps ti=<TaskInstance: telegram_bot_dag.run_bot_notebook scheduled__2024-10-23T00:04:00+00:00 [queued]>
[2024-10-23T00:05:00.747+0000] {taskinstance.py:1331} INFO - Starting attempt 1 of 2
[2024-10-23T00:05:00.754+0000] {taskinstance.py:1350} INFO - Executing <Task(PythonOperator): run_bot_notebook> on 2024-10-23 00:04:00+00:00
[2024-10-23T00:05:00.756+0000] {standard_task_runner.py:57} INFO - Started process 251 to run task
[2024-10-23T00:05:00.758+0000] {standard_task_runner.py:84} INFO - Running: ['***', 'tasks', 'run', 'telegram_bot_dag', 'run_bot_notebook', 'scheduled__2024-10-23T00:04:00+00:00', '--job-id', '114', '--raw', '--subdir', 'DAGS_FOLDER/bot_dag.py', '--cfg-path', '/tmp/tmp_6mc2q79']
[2024-10-23T00:05:00.759+0000] {standard_task_runner.py:85} INFO - Job 114: Subtask run_bot_notebook
[2024-10-23T00:05:00.791+0000] {task_command.py:410} INFO - Running <TaskInstance: telegram_bot_dag.run_bot_notebook scheduled__2024-10-23T00:04:00+00:00 [running]> on host 941f55a3084b
[2024-10-23T00:05:00.845+0000] {taskinstance.py:1570} INFO - Exporting env vars: AIRFLOW_CTX_DAG_OWNER='***' AIRFLOW_CTX_DAG_ID='telegram_bot_dag' AIRFLOW_CTX_TASK_ID='run_bot_notebook' AIRFLOW_CTX_EXECUTION_DATE='2024-10-23T00:04:00+00:00' AIRFLOW_CTX_TRY_NUMBER='1' AIRFLOW_CTX_DAG_RUN_ID='scheduled__2024-10-23T00:04:00+00:00'
[2024-10-23T00:05:00.894+0000] {python.py:183} INFO - Done. Returned value was: None
[2024-10-23T00:05:00.902+0000] {taskinstance.py:1373} INFO - Marking task as SUCCESS. dag_id=telegram_bot_dag, task_id=run_bot_notebook, execution_date=20241023T000400, start_date=20241023T000500, end_date=20241023T000500
[2024-10-23T00:05:00.940+0000] {local_task_job_runner.py:232} INFO - Task exited with return code 0
[2024-10-23T00:05:00.956+0000] {taskinstance.py:2674} INFO - 0 downstream tasks scheduled from follow-on schedule check
[2024-10-23T00:13:31.075+0000] {taskinstance.py:1125} INFO - Dependencies all met for dep_context=non-requeueable deps ti=<TaskInstance: telegram_bot_dag.run_bot_notebook scheduled__2024-10-23T00:04:00+00:00 [queued]>
[2024-10-23T00:13:31.094+0000] {taskinstance.py:1125} INFO - Dependencies all met for dep_context=requeueable deps ti=<TaskInstance: telegram_bot_dag.run_bot_notebook scheduled__2024-10-23T00:04:00+00:00 [queued]>
[2024-10-23T00:13:31.095+0000] {taskinstance.py:1331} INFO - Starting attempt 1 of 2
[2024-10-23T00:13:31.135+0000] {taskinstance.py:1350} INFO - Executing <Task(PythonOperator): run_bot_notebook> on 2024-10-23 00:04:00+00:00
[2024-10-23T00:13:31.145+0000] {standard_task_runner.py:57} INFO - Started process 197 to run task
[2024-10-23T00:13:31.173+0000] {standard_task_runner.py:84} INFO - Running: ['***', 'tasks', 'run', 'telegram_bot_dag', 'run_bot_notebook', 'scheduled__2024-10-23T00:04:00+00:00', '--job-id', '127', '--raw', '--subdir', 'DAGS_FOLDER/bot_dag.py', '--cfg-path', '/tmp/tmp6pot04gw']
[2024-10-23T00:13:31.192+0000] {standard_task_runner.py:85} INFO - Job 127: Subtask run_bot_notebook
[2024-10-23T00:13:31.441+0000] {task_command.py:410} INFO - Running <TaskInstance: telegram_bot_dag.run_bot_notebook scheduled__2024-10-23T00:04:00+00:00 [running]> on host 1e5799c660d9
[2024-10-23T00:13:31.828+0000] {taskinstance.py:1570} INFO - Exporting env vars: AIRFLOW_CTX_DAG_OWNER='***' AIRFLOW_CTX_DAG_ID='telegram_bot_dag' AIRFLOW_CTX_TASK_ID='run_bot_notebook' AIRFLOW_CTX_EXECUTION_DATE='2024-10-23T00:04:00+00:00' AIRFLOW_CTX_TRY_NUMBER='1' AIRFLOW_CTX_DAG_RUN_ID='scheduled__2024-10-23T00:04:00+00:00'
[2024-10-23T00:13:31.905+0000] {python.py:183} INFO - Done. Returned value was: None
[2024-10-23T00:13:31.953+0000] {taskinstance.py:1373} INFO - Marking task as SUCCESS. dag_id=telegram_bot_dag, task_id=run_bot_notebook, execution_date=20241023T000400, start_date=20241023T001331, end_date=20241023T001331
[2024-10-23T00:13:32.014+0000] {local_task_job_runner.py:232} INFO - Task exited with return code 0
[2024-10-23T00:13:32.059+0000] {taskinstance.py:2674} INFO - 0 downstream tasks scheduled from follow-on schedule check
[2024-10-23T00:37:03.126+0000] {taskinstance.py:1125} INFO - Dependencies all met for dep_context=non-requeueable deps ti=<TaskInstance: telegram_bot_dag.run_bot_notebook scheduled__2024-10-23T00:04:00+00:00 [queued]>
[2024-10-23T00:37:03.156+0000] {taskinstance.py:1125} INFO - Dependencies all met for dep_context=requeueable deps ti=<TaskInstance: telegram_bot_dag.run_bot_notebook scheduled__2024-10-23T00:04:00+00:00 [queued]>
[2024-10-23T00:37:03.158+0000] {taskinstance.py:1331} INFO - Starting attempt 1 of 2
[2024-10-23T00:37:03.209+0000] {taskinstance.py:1350} INFO - Executing <Task(PythonOperator): run_bot_notebook> on 2024-10-23 00:04:00+00:00
[2024-10-23T00:37:03.221+0000] {standard_task_runner.py:57} INFO - Started process 182 to run task
[2024-10-23T00:37:03.230+0000] {standard_task_runner.py:84} INFO - Running: ['***', 'tasks', 'run', 'telegram_bot_dag', 'run_bot_notebook', 'scheduled__2024-10-23T00:04:00+00:00', '--job-id', '169', '--raw', '--subdir', 'DAGS_FOLDER/bot_dag.py', '--cfg-path', '/tmp/tmptrmrmr_4']
[2024-10-23T00:37:03.236+0000] {standard_task_runner.py:85} INFO - Job 169: Subtask run_bot_notebook
[2024-10-23T00:37:03.645+0000] {task_command.py:410} INFO - Running <TaskInstance: telegram_bot_dag.run_bot_notebook scheduled__2024-10-23T00:04:00+00:00 [running]> on host bf7c1478f077
[2024-10-23T00:37:04.149+0000] {taskinstance.py:1570} INFO - Exporting env vars: AIRFLOW_CTX_DAG_OWNER='***' AIRFLOW_CTX_DAG_ID='telegram_bot_dag' AIRFLOW_CTX_TASK_ID='run_bot_notebook' AIRFLOW_CTX_EXECUTION_DATE='2024-10-23T00:04:00+00:00' AIRFLOW_CTX_TRY_NUMBER='1' AIRFLOW_CTX_DAG_RUN_ID='scheduled__2024-10-23T00:04:00+00:00'
[2024-10-23T00:37:04.321+0000] {python.py:183} INFO - Done. Returned value was: None
[2024-10-23T00:37:04.416+0000] {taskinstance.py:1373} INFO - Marking task as SUCCESS. dag_id=telegram_bot_dag, task_id=run_bot_notebook, execution_date=20241023T000400, start_date=20241023T003703, end_date=20241023T003704
[2024-10-23T00:37:04.648+0000] {local_task_job_runner.py:232} INFO - Task exited with return code 0
[2024-10-23T00:37:04.705+0000] {taskinstance.py:2674} INFO - 0 downstream tasks scheduled from follow-on schedule check
