[2024-10-23T00:11:01.121+0000] {taskinstance.py:1125} INFO - Dependencies all met for dep_context=non-requeueable deps ti=<TaskInstance: telegram_bot_dag.run_bot_notebook scheduled__2024-10-23T00:10:00+00:00 [queued]>
[2024-10-23T00:11:01.125+0000] {taskinstance.py:1125} INFO - Dependencies all met for dep_context=requeueable deps ti=<TaskInstance: telegram_bot_dag.run_bot_notebook scheduled__2024-10-23T00:10:00+00:00 [queued]>
[2024-10-23T00:11:01.126+0000] {taskinstance.py:1331} INFO - Starting attempt 1 of 2
[2024-10-23T00:11:01.135+0000] {taskinstance.py:1350} INFO - Executing <Task(PythonOperator): run_bot_notebook> on 2024-10-23 00:10:00+00:00
[2024-10-23T00:11:01.138+0000] {standard_task_runner.py:57} INFO - Started process 169 to run task
[2024-10-23T00:11:01.140+0000] {standard_task_runner.py:84} INFO - Running: ['***', 'tasks', 'run', 'telegram_bot_dag', 'run_bot_notebook', 'scheduled__2024-10-23T00:10:00+00:00', '--job-id', '123', '--raw', '--subdir', 'DAGS_FOLDER/bot_dag.py', '--cfg-path', '/tmp/tmpk424rqij']
[2024-10-23T00:11:01.141+0000] {standard_task_runner.py:85} INFO - Job 123: Subtask run_bot_notebook
[2024-10-23T00:11:01.173+0000] {task_command.py:410} INFO - Running <TaskInstance: telegram_bot_dag.run_bot_notebook scheduled__2024-10-23T00:10:00+00:00 [running]> on host 34f133f55534
[2024-10-23T00:11:01.234+0000] {taskinstance.py:1570} INFO - Exporting env vars: AIRFLOW_CTX_DAG_OWNER='***' AIRFLOW_CTX_DAG_ID='telegram_bot_dag' AIRFLOW_CTX_TASK_ID='run_bot_notebook' AIRFLOW_CTX_EXECUTION_DATE='2024-10-23T00:10:00+00:00' AIRFLOW_CTX_TRY_NUMBER='1' AIRFLOW_CTX_DAG_RUN_ID='scheduled__2024-10-23T00:10:00+00:00'
[2024-10-23T00:11:01.284+0000] {python.py:183} INFO - Done. Returned value was: None
[2024-10-23T00:11:01.293+0000] {taskinstance.py:1373} INFO - Marking task as SUCCESS. dag_id=telegram_bot_dag, task_id=run_bot_notebook, execution_date=20241023T001000, start_date=20241023T001101, end_date=20241023T001101
[2024-10-23T00:11:01.328+0000] {local_task_job_runner.py:232} INFO - Task exited with return code 0
[2024-10-23T00:11:01.342+0000] {taskinstance.py:2674} INFO - 0 downstream tasks scheduled from follow-on schedule check
[2024-10-23T00:13:31.843+0000] {taskinstance.py:1125} INFO - Dependencies all met for dep_context=non-requeueable deps ti=<TaskInstance: telegram_bot_dag.run_bot_notebook scheduled__2024-10-23T00:10:00+00:00 [queued]>
[2024-10-23T00:13:31.852+0000] {taskinstance.py:1125} INFO - Dependencies all met for dep_context=requeueable deps ti=<TaskInstance: telegram_bot_dag.run_bot_notebook scheduled__2024-10-23T00:10:00+00:00 [queued]>
[2024-10-23T00:13:31.853+0000] {taskinstance.py:1331} INFO - Starting attempt 1 of 2
[2024-10-23T00:13:31.878+0000] {taskinstance.py:1350} INFO - Executing <Task(PythonOperator): run_bot_notebook> on 2024-10-23 00:10:00+00:00
[2024-10-23T00:13:31.881+0000] {standard_task_runner.py:57} INFO - Started process 206 to run task
[2024-10-23T00:13:31.884+0000] {standard_task_runner.py:84} INFO - Running: ['***', 'tasks', 'run', 'telegram_bot_dag', 'run_bot_notebook', 'scheduled__2024-10-23T00:10:00+00:00', '--job-id', '133', '--raw', '--subdir', 'DAGS_FOLDER/bot_dag.py', '--cfg-path', '/tmp/tmp2w0a9_ks']
[2024-10-23T00:13:31.886+0000] {standard_task_runner.py:85} INFO - Job 133: Subtask run_bot_notebook
[2024-10-23T00:13:32.032+0000] {task_command.py:410} INFO - Running <TaskInstance: telegram_bot_dag.run_bot_notebook scheduled__2024-10-23T00:10:00+00:00 [running]> on host 1e5799c660d9
[2024-10-23T00:13:32.202+0000] {taskinstance.py:1570} INFO - Exporting env vars: AIRFLOW_CTX_DAG_OWNER='***' AIRFLOW_CTX_DAG_ID='telegram_bot_dag' AIRFLOW_CTX_TASK_ID='run_bot_notebook' AIRFLOW_CTX_EXECUTION_DATE='2024-10-23T00:10:00+00:00' AIRFLOW_CTX_TRY_NUMBER='1' AIRFLOW_CTX_DAG_RUN_ID='scheduled__2024-10-23T00:10:00+00:00'
[2024-10-23T00:13:32.277+0000] {python.py:183} INFO - Done. Returned value was: None
[2024-10-23T00:13:32.289+0000] {taskinstance.py:1373} INFO - Marking task as SUCCESS. dag_id=telegram_bot_dag, task_id=run_bot_notebook, execution_date=20241023T001000, start_date=20241023T001331, end_date=20241023T001332
[2024-10-23T00:13:32.316+0000] {local_task_job_runner.py:232} INFO - Task exited with return code 0
[2024-10-23T00:13:32.335+0000] {taskinstance.py:2674} INFO - 0 downstream tasks scheduled from follow-on schedule check
[2024-10-23T00:37:03.656+0000] {taskinstance.py:1125} INFO - Dependencies all met for dep_context=non-requeueable deps ti=<TaskInstance: telegram_bot_dag.run_bot_notebook scheduled__2024-10-23T00:10:00+00:00 [queued]>
[2024-10-23T00:37:03.679+0000] {taskinstance.py:1125} INFO - Dependencies all met for dep_context=requeueable deps ti=<TaskInstance: telegram_bot_dag.run_bot_notebook scheduled__2024-10-23T00:10:00+00:00 [queued]>
[2024-10-23T00:37:03.682+0000] {taskinstance.py:1331} INFO - Starting attempt 1 of 2
[2024-10-23T00:37:03.739+0000] {taskinstance.py:1350} INFO - Executing <Task(PythonOperator): run_bot_notebook> on 2024-10-23 00:10:00+00:00
[2024-10-23T00:37:03.752+0000] {standard_task_runner.py:84} INFO - Running: ['***', 'tasks', 'run', 'telegram_bot_dag', 'run_bot_notebook', 'scheduled__2024-10-23T00:10:00+00:00', '--job-id', '176', '--raw', '--subdir', 'DAGS_FOLDER/bot_dag.py', '--cfg-path', '/tmp/tmpimqq25q0']
[2024-10-23T00:37:03.764+0000] {standard_task_runner.py:85} INFO - Job 176: Subtask run_bot_notebook
[2024-10-23T00:37:03.762+0000] {standard_task_runner.py:57} INFO - Started process 192 to run task
[2024-10-23T00:37:04.269+0000] {task_command.py:410} INFO - Running <TaskInstance: telegram_bot_dag.run_bot_notebook scheduled__2024-10-23T00:10:00+00:00 [running]> on host bf7c1478f077
[2024-10-23T00:37:04.753+0000] {taskinstance.py:1570} INFO - Exporting env vars: AIRFLOW_CTX_DAG_OWNER='***' AIRFLOW_CTX_DAG_ID='telegram_bot_dag' AIRFLOW_CTX_TASK_ID='run_bot_notebook' AIRFLOW_CTX_EXECUTION_DATE='2024-10-23T00:10:00+00:00' AIRFLOW_CTX_TRY_NUMBER='1' AIRFLOW_CTX_DAG_RUN_ID='scheduled__2024-10-23T00:10:00+00:00'
[2024-10-23T00:37:04.822+0000] {python.py:183} INFO - Done. Returned value was: None
[2024-10-23T00:37:04.859+0000] {taskinstance.py:1373} INFO - Marking task as SUCCESS. dag_id=telegram_bot_dag, task_id=run_bot_notebook, execution_date=20241023T001000, start_date=20241023T003703, end_date=20241023T003704
[2024-10-23T00:37:04.891+0000] {local_task_job_runner.py:232} INFO - Task exited with return code 0
[2024-10-23T00:37:04.925+0000] {taskinstance.py:2674} INFO - 0 downstream tasks scheduled from follow-on schedule check
