[2024-10-23T00:16:01.255+0000] {taskinstance.py:1125} INFO - Dependencies all met for dep_context=non-requeueable deps ti=<TaskInstance: telegram_bot_dag.run_bot_notebook scheduled__2024-10-23T00:15:00+00:00 [queued]>
[2024-10-23T00:16:01.263+0000] {taskinstance.py:1125} INFO - Dependencies all met for dep_context=requeueable deps ti=<TaskInstance: telegram_bot_dag.run_bot_notebook scheduled__2024-10-23T00:15:00+00:00 [queued]>
[2024-10-23T00:16:01.264+0000] {taskinstance.py:1331} INFO - Starting attempt 1 of 2
[2024-10-23T00:16:01.281+0000] {taskinstance.py:1350} INFO - Executing <Task(PythonOperator): run_bot_notebook> on 2024-10-23 00:15:00+00:00
[2024-10-23T00:16:01.287+0000] {standard_task_runner.py:57} INFO - Started process 252 to run task
[2024-10-23T00:16:01.295+0000] {standard_task_runner.py:84} INFO - Running: ['***', 'tasks', 'run', 'telegram_bot_dag', 'run_bot_notebook', 'scheduled__2024-10-23T00:15:00+00:00', '--job-id', '140', '--raw', '--subdir', 'DAGS_FOLDER/bot_dag.py', '--cfg-path', '/tmp/tmp_87x716h']
[2024-10-23T00:16:01.299+0000] {standard_task_runner.py:85} INFO - Job 140: Subtask run_bot_notebook
[2024-10-23T00:16:01.392+0000] {task_command.py:410} INFO - Running <TaskInstance: telegram_bot_dag.run_bot_notebook scheduled__2024-10-23T00:15:00+00:00 [running]> on host 1e5799c660d9
[2024-10-23T00:16:01.464+0000] {taskinstance.py:1570} INFO - Exporting env vars: AIRFLOW_CTX_DAG_OWNER='***' AIRFLOW_CTX_DAG_ID='telegram_bot_dag' AIRFLOW_CTX_TASK_ID='run_bot_notebook' AIRFLOW_CTX_EXECUTION_DATE='2024-10-23T00:15:00+00:00' AIRFLOW_CTX_TRY_NUMBER='1' AIRFLOW_CTX_DAG_RUN_ID='scheduled__2024-10-23T00:15:00+00:00'
[2024-10-23T00:16:01.527+0000] {python.py:183} INFO - Done. Returned value was: None
[2024-10-23T00:16:01.538+0000] {taskinstance.py:1373} INFO - Marking task as SUCCESS. dag_id=telegram_bot_dag, task_id=run_bot_notebook, execution_date=20241023T001500, start_date=20241023T001601, end_date=20241023T001601
[2024-10-23T00:16:01.557+0000] {local_task_job_runner.py:232} INFO - Task exited with return code 0
[2024-10-23T00:16:01.572+0000] {taskinstance.py:2674} INFO - 0 downstream tasks scheduled from follow-on schedule check
[2024-10-23T00:37:04.917+0000] {taskinstance.py:1125} INFO - Dependencies all met for dep_context=non-requeueable deps ti=<TaskInstance: telegram_bot_dag.run_bot_notebook scheduled__2024-10-23T00:15:00+00:00 [queued]>
[2024-10-23T00:37:04.927+0000] {taskinstance.py:1125} INFO - Dependencies all met for dep_context=requeueable deps ti=<TaskInstance: telegram_bot_dag.run_bot_notebook scheduled__2024-10-23T00:15:00+00:00 [queued]>
[2024-10-23T00:37:04.929+0000] {taskinstance.py:1331} INFO - Starting attempt 1 of 2
[2024-10-23T00:37:04.943+0000] {taskinstance.py:1350} INFO - Executing <Task(PythonOperator): run_bot_notebook> on 2024-10-23 00:15:00+00:00
[2024-10-23T00:37:04.946+0000] {standard_task_runner.py:57} INFO - Started process 211 to run task
[2024-10-23T00:37:04.949+0000] {standard_task_runner.py:84} INFO - Running: ['***', 'tasks', 'run', 'telegram_bot_dag', 'run_bot_notebook', 'scheduled__2024-10-23T00:15:00+00:00', '--job-id', '182', '--raw', '--subdir', 'DAGS_FOLDER/bot_dag.py', '--cfg-path', '/tmp/tmpjwehhssi']
[2024-10-23T00:37:04.950+0000] {standard_task_runner.py:85} INFO - Job 182: Subtask run_bot_notebook
[2024-10-23T00:37:05.014+0000] {task_command.py:410} INFO - Running <TaskInstance: telegram_bot_dag.run_bot_notebook scheduled__2024-10-23T00:15:00+00:00 [running]> on host bf7c1478f077
[2024-10-23T00:37:05.093+0000] {taskinstance.py:1570} INFO - Exporting env vars: AIRFLOW_CTX_DAG_OWNER='***' AIRFLOW_CTX_DAG_ID='telegram_bot_dag' AIRFLOW_CTX_TASK_ID='run_bot_notebook' AIRFLOW_CTX_EXECUTION_DATE='2024-10-23T00:15:00+00:00' AIRFLOW_CTX_TRY_NUMBER='1' AIRFLOW_CTX_DAG_RUN_ID='scheduled__2024-10-23T00:15:00+00:00'
[2024-10-23T00:37:05.148+0000] {python.py:183} INFO - Done. Returned value was: None
[2024-10-23T00:37:05.160+0000] {taskinstance.py:1373} INFO - Marking task as SUCCESS. dag_id=telegram_bot_dag, task_id=run_bot_notebook, execution_date=20241023T001500, start_date=20241023T003704, end_date=20241023T003705
[2024-10-23T00:37:05.173+0000] {local_task_job_runner.py:232} INFO - Task exited with return code 0
[2024-10-23T00:37:05.186+0000] {taskinstance.py:2674} INFO - 0 downstream tasks scheduled from follow-on schedule check
