[2024-10-22T23:09:26.271+0000] {manager.py:487} INFO - Processing files using up to 2 processes at a time 
[2024-10-22T23:09:26.271+0000] {manager.py:488} INFO - Process each file at most once every 30 seconds
[2024-10-22T23:09:26.271+0000] {manager.py:490} INFO - Checking for new files in /opt/airflow/dags every 300 seconds
[2024-10-22T23:09:26.272+0000] {manager.py:758} INFO - Searching for files in /opt/airflow/dags
[2024-10-22T23:09:26.273+0000] {manager.py:761} INFO - There are 1 files in /opt/airflow/dags
[2024-10-22T23:09:26.315+0000] {manager.py:889} INFO - 
================================================================================
DAG File Processing Stats

File Path                       PID  Runtime      # DAGs    # Errors  Last Runtime    Last Run
----------------------------  -----  ---------  --------  ----------  --------------  ----------
/opt/airflow/dags/bot_dag.py    162  0.02s             0           0
================================================================================
[2024-10-22T23:09:56.556+0000] {manager.py:889} INFO - 
================================================================================
DAG File Processing Stats

File Path                       PID  Runtime      # DAGs    # Errors  Last Runtime    Last Run
----------------------------  -----  ---------  --------  ----------  --------------  -------------------
/opt/airflow/dags/bot_dag.py    168  0.01s             1           0  0.16s           2024-10-22T23:09:26
================================================================================
[2024-10-22T23:10:26.949+0000] {manager.py:889} INFO - 
================================================================================
DAG File Processing Stats

File Path                       PID  Runtime      # DAGs    # Errors  Last Runtime    Last Run
----------------------------  -----  ---------  --------  ----------  --------------  -------------------
/opt/airflow/dags/bot_dag.py    173  0.01s             1           0  0.15s           2024-10-22T23:09:56
================================================================================
[2024-10-22T23:10:57.232+0000] {manager.py:889} INFO - 
================================================================================
DAG File Processing Stats

File Path                       PID  Runtime      # DAGs    # Errors  Last Runtime    Last Run
----------------------------  -----  ---------  --------  ----------  --------------  -------------------
/opt/airflow/dags/bot_dag.py    178  0.00s             1           0  0.14s           2024-10-22T23:10:27
================================================================================
[2024-10-22T23:11:27.590+0000] {manager.py:889} INFO - 
================================================================================
DAG File Processing Stats

File Path                       PID  Runtime      # DAGs    # Errors  Last Runtime    Last Run
----------------------------  -----  ---------  --------  ----------  --------------  -------------------
/opt/airflow/dags/bot_dag.py    183  0.01s             1           0  0.08s           2024-10-22T23:10:57
================================================================================
[2024-10-22T23:11:57.892+0000] {manager.py:889} INFO - 
================================================================================
DAG File Processing Stats

File Path                       PID  Runtime      # DAGs    # Errors  Last Runtime    Last Run
----------------------------  -----  ---------  --------  ----------  --------------  -------------------
/opt/airflow/dags/bot_dag.py    188  0.01s             1           0  0.11s           2024-10-22T23:11:27
================================================================================
[2024-10-22T23:12:28.196+0000] {manager.py:889} INFO - 
================================================================================
DAG File Processing Stats

File Path                       PID  Runtime      # DAGs    # Errors  Last Runtime    Last Run
----------------------------  -----  ---------  --------  ----------  --------------  -------------------
/opt/airflow/dags/bot_dag.py    193  0.01s             1           0  0.13s           2024-10-22T23:11:58
================================================================================
[2024-10-22T23:12:58.506+0000] {manager.py:889} INFO - 
================================================================================
DAG File Processing Stats

File Path                       PID  Runtime      # DAGs    # Errors  Last Runtime    Last Run
----------------------------  -----  ---------  --------  ----------  --------------  -------------------
/opt/airflow/dags/bot_dag.py    198  0.00s             1           0  0.11s           2024-10-22T23:12:28
================================================================================
[2024-10-22T23:13:28.815+0000] {manager.py:889} INFO - 
================================================================================
DAG File Processing Stats

File Path                       PID  Runtime      # DAGs    # Errors  Last Runtime    Last Run
----------------------------  -----  ---------  --------  ----------  --------------  -------------------
/opt/airflow/dags/bot_dag.py    203  0.01s             1           0  0.11s           2024-10-22T23:12:58
================================================================================
[2024-10-22T23:13:35.966+0000] {manager.py:470} INFO - Exiting gracefully upon receiving signal 15
[2024-10-22T23:13:42.569+0000] {manager.py:487} INFO - Processing files using up to 2 processes at a time 
[2024-10-22T23:13:42.569+0000] {manager.py:488} INFO - Process each file at most once every 30 seconds
[2024-10-22T23:13:42.569+0000] {manager.py:490} INFO - Checking for new files in /opt/airflow/dags every 300 seconds
[2024-10-22T23:13:42.570+0000] {manager.py:758} INFO - Searching for files in /opt/airflow/dags
[2024-10-22T23:13:42.573+0000] {manager.py:761} INFO - There are 1 files in /opt/airflow/dags
[2024-10-22T23:13:42.627+0000] {manager.py:889} INFO - 
================================================================================
DAG File Processing Stats

File Path                       PID  Runtime      # DAGs    # Errors  Last Runtime    Last Run
----------------------------  -----  ---------  --------  ----------  --------------  ----------
/opt/airflow/dags/bot_dag.py    161  0.02s             0           0
================================================================================
[2024-10-22T23:14:12.904+0000] {manager.py:889} INFO - 
================================================================================
DAG File Processing Stats

File Path                       PID  Runtime      # DAGs    # Errors  Last Runtime    Last Run
----------------------------  -----  ---------  --------  ----------  --------------  -------------------
/opt/airflow/dags/bot_dag.py    167  0.01s             1           0  0.09s           2024-10-22T23:13:42
================================================================================
[2024-10-22T23:14:43.169+0000] {manager.py:889} INFO - 
================================================================================
DAG File Processing Stats

File Path                       PID  Runtime      # DAGs    # Errors  Last Runtime    Last Run
----------------------------  -----  ---------  --------  ----------  --------------  -------------------
/opt/airflow/dags/bot_dag.py    172  0.01s             1           0  0.11s           2024-10-22T23:14:13
================================================================================
[2024-10-22T23:15:13.518+0000] {manager.py:889} INFO - 
================================================================================
DAG File Processing Stats

File Path                       PID  Runtime      # DAGs    # Errors  Last Runtime    Last Run
----------------------------  -----  ---------  --------  ----------  --------------  -------------------
/opt/airflow/dags/bot_dag.py    177  0.01s             1           0  0.09s           2024-10-22T23:14:43
================================================================================
[2024-10-22T23:15:43.784+0000] {manager.py:889} INFO - 
================================================================================
DAG File Processing Stats

File Path                       PID  Runtime      # DAGs    # Errors  Last Runtime    Last Run
----------------------------  -----  ---------  --------  ----------  --------------  -------------------
/opt/airflow/dags/bot_dag.py    182  0.01s             1           0  0.11s           2024-10-22T23:15:13
================================================================================
[2024-10-22T23:16:14.073+0000] {manager.py:889} INFO - 
================================================================================
DAG File Processing Stats

File Path                       PID  Runtime      # DAGs    # Errors  Last Runtime    Last Run
----------------------------  -----  ---------  --------  ----------  --------------  -------------------
/opt/airflow/dags/bot_dag.py    187  0.01s             1           0  0.11s           2024-10-22T23:15:43
================================================================================
[2024-10-22T23:16:44.360+0000] {manager.py:889} INFO - 
================================================================================
DAG File Processing Stats

File Path                       PID  Runtime      # DAGs    # Errors  Last Runtime    Last Run
----------------------------  -----  ---------  --------  ----------  --------------  -------------------
/opt/airflow/dags/bot_dag.py    192  0.02s             1           0  0.09s           2024-10-22T23:16:14
================================================================================
[2024-10-22T23:17:14.840+0000] {manager.py:889} INFO - 
================================================================================
DAG File Processing Stats

File Path                       PID  Runtime      # DAGs    # Errors  Last Runtime    Last Run
----------------------------  -----  ---------  --------  ----------  --------------  -------------------
/opt/airflow/dags/bot_dag.py    197  0.01s             1           0  0.32s           2024-10-22T23:16:44
================================================================================
[2024-10-22T23:17:25.216+0000] {manager.py:470} INFO - Exiting gracefully upon receiving signal 15
[2024-10-22T23:17:31.184+0000] {manager.py:487} INFO - Processing files using up to 2 processes at a time 
[2024-10-22T23:17:31.184+0000] {manager.py:488} INFO - Process each file at most once every 30 seconds
[2024-10-22T23:17:31.184+0000] {manager.py:490} INFO - Checking for new files in /opt/airflow/dags every 300 seconds
[2024-10-22T23:17:31.184+0000] {manager.py:758} INFO - Searching for files in /opt/airflow/dags
[2024-10-22T23:17:31.186+0000] {manager.py:761} INFO - There are 1 files in /opt/airflow/dags
[2024-10-22T23:17:31.228+0000] {manager.py:889} INFO - 
================================================================================
DAG File Processing Stats

File Path                       PID  Runtime      # DAGs    # Errors  Last Runtime    Last Run
----------------------------  -----  ---------  --------  ----------  --------------  ----------
/opt/airflow/dags/bot_dag.py    162  0.02s             0           0
================================================================================
[2024-10-22T23:18:01.465+0000] {manager.py:889} INFO - 
================================================================================
DAG File Processing Stats

File Path                       PID  Runtime      # DAGs    # Errors  Last Runtime    Last Run
----------------------------  -----  ---------  --------  ----------  --------------  -------------------
/opt/airflow/dags/bot_dag.py    168  0.01s             1           0  0.08s           2024-10-22T23:17:31
================================================================================
[2024-10-22T23:18:31.766+0000] {manager.py:889} INFO - 
================================================================================
DAG File Processing Stats

File Path                       PID  Runtime      # DAGs    # Errors  Last Runtime    Last Run
----------------------------  -----  ---------  --------  ----------  --------------  -------------------
/opt/airflow/dags/bot_dag.py    173  0.00s             1           0  0.11s           2024-10-22T23:18:01
================================================================================
[2024-10-22T23:19:02.002+0000] {manager.py:889} INFO - 
================================================================================
DAG File Processing Stats

File Path                       PID  Runtime      # DAGs    # Errors  Last Runtime    Last Run
----------------------------  -----  ---------  --------  ----------  --------------  -------------------
/opt/airflow/dags/bot_dag.py    178  0.01s             1           0  0.09s           2024-10-22T23:18:31
================================================================================
[2024-10-22T23:19:32.313+0000] {manager.py:889} INFO - 
================================================================================
DAG File Processing Stats

File Path                       PID  Runtime      # DAGs    # Errors  Last Runtime    Last Run
----------------------------  -----  ---------  --------  ----------  --------------  -------------------
/opt/airflow/dags/bot_dag.py    183  0.01s             1           0  0.15s           2024-10-22T23:19:02
================================================================================
[2024-10-22T23:20:02.635+0000] {manager.py:889} INFO - 
================================================================================
DAG File Processing Stats

File Path                       PID  Runtime      # DAGs    # Errors  Last Runtime    Last Run
----------------------------  -----  ---------  --------  ----------  --------------  -------------------
/opt/airflow/dags/bot_dag.py    188  0.01s             1           0  0.10s           2024-10-22T23:19:32
================================================================================
[2024-10-22T23:20:32.925+0000] {manager.py:889} INFO - 
================================================================================
DAG File Processing Stats

File Path                       PID  Runtime      # DAGs    # Errors  Last Runtime    Last Run
----------------------------  -----  ---------  --------  ----------  --------------  -------------------
/opt/airflow/dags/bot_dag.py    193  0.00s             1           0  0.12s           2024-10-22T23:20:02
================================================================================
[2024-10-22T23:21:03.197+0000] {manager.py:889} INFO - 
================================================================================
DAG File Processing Stats

File Path                       PID  Runtime      # DAGs    # Errors  Last Runtime    Last Run
----------------------------  -----  ---------  --------  ----------  --------------  -------------------
/opt/airflow/dags/bot_dag.py    198  0.01s             1           0  0.19s           2024-10-22T23:20:33
================================================================================
[2024-10-22T23:21:33.602+0000] {manager.py:889} INFO - 
================================================================================
DAG File Processing Stats

File Path                       PID  Runtime      # DAGs    # Errors  Last Runtime    Last Run
----------------------------  -----  ---------  --------  ----------  --------------  -------------------
/opt/airflow/dags/bot_dag.py    203  0.01s             1           0  0.20s           2024-10-22T23:21:03
================================================================================
[2024-10-22T23:22:03.870+0000] {manager.py:889} INFO - 
================================================================================
DAG File Processing Stats

File Path                       PID  Runtime      # DAGs    # Errors  Last Runtime    Last Run
----------------------------  -----  ---------  --------  ----------  --------------  -------------------
/opt/airflow/dags/bot_dag.py    208  0.01s             1           0  0.25s           2024-10-22T23:21:33
================================================================================
[2024-10-22T23:22:31.240+0000] {manager.py:758} INFO - Searching for files in /opt/airflow/dags
[2024-10-22T23:22:31.250+0000] {manager.py:761} INFO - There are 1 files in /opt/airflow/dags
[2024-10-22T23:22:34.147+0000] {manager.py:889} INFO - 
================================================================================
DAG File Processing Stats

File Path                       PID  Runtime      # DAGs    # Errors  Last Runtime    Last Run
----------------------------  -----  ---------  --------  ----------  --------------  -------------------
/opt/airflow/dags/bot_dag.py    213  0.01s             1           0  0.19s           2024-10-22T23:22:04
================================================================================
[2024-10-22T23:23:04.539+0000] {manager.py:889} INFO - 
================================================================================
DAG File Processing Stats

File Path                       PID  Runtime      # DAGs    # Errors  Last Runtime    Last Run
----------------------------  -----  ---------  --------  ----------  --------------  -------------------
/opt/airflow/dags/bot_dag.py    218  0.01s             1           0  0.21s           2024-10-22T23:22:34
================================================================================
[2024-10-22T23:23:34.832+0000] {manager.py:889} INFO - 
================================================================================
DAG File Processing Stats

File Path                       PID  Runtime      # DAGs    # Errors  Last Runtime    Last Run
----------------------------  -----  ---------  --------  ----------  --------------  -------------------
/opt/airflow/dags/bot_dag.py    223  0.02s             1           0  0.10s           2024-10-22T23:23:04
================================================================================
[2024-10-22T23:24:05.134+0000] {manager.py:889} INFO - 
================================================================================
DAG File Processing Stats

File Path                       PID  Runtime      # DAGs    # Errors  Last Runtime    Last Run
----------------------------  -----  ---------  --------  ----------  --------------  -------------------
/opt/airflow/dags/bot_dag.py    228  0.02s             1           0  0.13s           2024-10-22T23:23:34
================================================================================
[2024-10-22T23:24:28.047+0000] {manager.py:470} INFO - Exiting gracefully upon receiving signal 15
[2024-10-22T23:24:33.353+0000] {manager.py:487} INFO - Processing files using up to 2 processes at a time 
[2024-10-22T23:24:33.353+0000] {manager.py:488} INFO - Process each file at most once every 30 seconds
[2024-10-22T23:24:33.354+0000] {manager.py:490} INFO - Checking for new files in /opt/airflow/dags every 300 seconds
[2024-10-22T23:24:33.354+0000] {manager.py:758} INFO - Searching for files in /opt/airflow/dags
[2024-10-22T23:24:33.356+0000] {manager.py:761} INFO - There are 1 files in /opt/airflow/dags
[2024-10-22T23:24:33.408+0000] {manager.py:889} INFO - 
================================================================================
DAG File Processing Stats

File Path                       PID  Runtime      # DAGs    # Errors  Last Runtime    Last Run
----------------------------  -----  ---------  --------  ----------  --------------  ----------
/opt/airflow/dags/bot_dag.py    162  0.03s             0           0
================================================================================
[2024-10-22T23:25:03.720+0000] {manager.py:889} INFO - 
================================================================================
DAG File Processing Stats

File Path                       PID  Runtime      # DAGs    # Errors  Last Runtime    Last Run
----------------------------  -----  ---------  --------  ----------  --------------  -------------------
/opt/airflow/dags/bot_dag.py    168  0.01s             1           0  0.09s           2024-10-22T23:24:33
================================================================================
[2024-10-22T23:25:34.095+0000] {manager.py:889} INFO - 
================================================================================
DAG File Processing Stats

File Path                       PID  Runtime      # DAGs    # Errors  Last Runtime    Last Run
----------------------------  -----  ---------  --------  ----------  --------------  -------------------
/opt/airflow/dags/bot_dag.py    173  0.01s             1           0  0.10s           2024-10-22T23:25:03
================================================================================
[2024-10-22T23:26:04.344+0000] {manager.py:889} INFO - 
================================================================================
DAG File Processing Stats

File Path                       PID  Runtime      # DAGs    # Errors  Last Runtime    Last Run
----------------------------  -----  ---------  --------  ----------  --------------  -------------------
/opt/airflow/dags/bot_dag.py    178  0.01s             1           0  0.14s           2024-10-22T23:25:34
================================================================================
[2024-10-22T23:26:31.518+0000] {manager.py:470} INFO - Exiting gracefully upon receiving signal 15
[2024-10-22T23:26:37.214+0000] {manager.py:487} INFO - Processing files using up to 2 processes at a time 
[2024-10-22T23:26:37.214+0000] {manager.py:488} INFO - Process each file at most once every 30 seconds
[2024-10-22T23:26:37.214+0000] {manager.py:490} INFO - Checking for new files in /opt/airflow/dags every 300 seconds
[2024-10-22T23:26:37.214+0000] {manager.py:758} INFO - Searching for files in /opt/airflow/dags
[2024-10-22T23:26:37.217+0000] {manager.py:761} INFO - There are 1 files in /opt/airflow/dags
[2024-10-22T23:26:37.257+0000] {manager.py:889} INFO - 
================================================================================
DAG File Processing Stats

File Path                       PID  Runtime      # DAGs    # Errors  Last Runtime    Last Run
----------------------------  -----  ---------  --------  ----------  --------------  ----------
/opt/airflow/dags/bot_dag.py    161  0.02s             0           0
================================================================================
[2024-10-22T23:27:07.496+0000] {manager.py:889} INFO - 
================================================================================
DAG File Processing Stats

File Path                       PID  Runtime      # DAGs    # Errors  Last Runtime    Last Run
----------------------------  -----  ---------  --------  ----------  --------------  -------------------
/opt/airflow/dags/bot_dag.py    167  0.01s             1           0  0.06s           2024-10-22T23:26:37
================================================================================
[2024-10-22T23:27:37.782+0000] {manager.py:889} INFO - 
================================================================================
DAG File Processing Stats

File Path                       PID  Runtime      # DAGs    # Errors  Last Runtime    Last Run
----------------------------  -----  ---------  --------  ----------  --------------  -------------------
/opt/airflow/dags/bot_dag.py    172  0.01s             1           0  0.09s           2024-10-22T23:27:07
================================================================================
[2024-10-22T23:28:08.068+0000] {manager.py:889} INFO - 
================================================================================
DAG File Processing Stats

File Path                       PID  Runtime      # DAGs    # Errors  Last Runtime    Last Run
----------------------------  -----  ---------  --------  ----------  --------------  -------------------
/opt/airflow/dags/bot_dag.py    177  0.01s             1           0  0.12s           2024-10-22T23:27:37
================================================================================
[2024-10-22T23:28:38.410+0000] {manager.py:889} INFO - 
================================================================================
DAG File Processing Stats

File Path                     PID    Runtime      # DAGs    # Errors  Last Runtime    Last Run
----------------------------  -----  ---------  --------  ----------  --------------  -------------------
/opt/airflow/dags/bot_dag.py                           1           0  0.09s           2024-10-22T23:28:11
================================================================================
[2024-10-22T23:29:08.700+0000] {manager.py:889} INFO - 
================================================================================
DAG File Processing Stats

File Path                     PID    Runtime      # DAGs    # Errors  Last Runtime    Last Run
----------------------------  -----  ---------  --------  ----------  --------------  -------------------
/opt/airflow/dags/bot_dag.py                           1           0  0.12s           2024-10-22T23:28:41
================================================================================
[2024-10-22T23:29:38.971+0000] {manager.py:889} INFO - 
================================================================================
DAG File Processing Stats

File Path                     PID    Runtime      # DAGs    # Errors  Last Runtime    Last Run
----------------------------  -----  ---------  --------  ----------  --------------  -------------------
/opt/airflow/dags/bot_dag.py                           1           0  0.21s           2024-10-22T23:29:11
================================================================================
[2024-10-22T23:30:09.413+0000] {manager.py:889} INFO - 
================================================================================
DAG File Processing Stats

File Path                     PID    Runtime      # DAGs    # Errors  Last Runtime    Last Run
----------------------------  -----  ---------  --------  ----------  --------------  -------------------
/opt/airflow/dags/bot_dag.py                           1           0  0.23s           2024-10-22T23:29:42
================================================================================
[2024-10-22T23:30:39.700+0000] {manager.py:889} INFO - 
================================================================================
DAG File Processing Stats

File Path                     PID    Runtime      # DAGs    # Errors  Last Runtime    Last Run
----------------------------  -----  ---------  --------  ----------  --------------  -------------------
/opt/airflow/dags/bot_dag.py                           1           0  0.17s           2024-10-22T23:30:12
================================================================================
[2024-10-22T23:31:10.076+0000] {manager.py:889} INFO - 
================================================================================
DAG File Processing Stats

File Path                     PID    Runtime      # DAGs    # Errors  Last Runtime    Last Run
----------------------------  -----  ---------  --------  ----------  --------------  -------------------
/opt/airflow/dags/bot_dag.py                           1           0  0.26s           2024-10-22T23:30:42
================================================================================
[2024-10-22T23:31:37.424+0000] {manager.py:758} INFO - Searching for files in /opt/airflow/dags
[2024-10-22T23:31:37.430+0000] {manager.py:761} INFO - There are 1 files in /opt/airflow/dags
[2024-10-22T23:31:40.481+0000] {manager.py:889} INFO - 
================================================================================
DAG File Processing Stats

File Path                     PID    Runtime      # DAGs    # Errors  Last Runtime    Last Run
----------------------------  -----  ---------  --------  ----------  --------------  -------------------
/opt/airflow/dags/bot_dag.py                           1           0  0.18s           2024-10-22T23:31:13
================================================================================
[2024-10-22T23:32:10.775+0000] {manager.py:889} INFO - 
================================================================================
DAG File Processing Stats

File Path                     PID    Runtime      # DAGs    # Errors  Last Runtime    Last Run
----------------------------  -----  ---------  --------  ----------  --------------  -------------------
/opt/airflow/dags/bot_dag.py                           1           0  0.27s           2024-10-22T23:31:43
================================================================================
[2024-10-22T23:32:41.066+0000] {manager.py:889} INFO - 
================================================================================
DAG File Processing Stats

File Path                     PID    Runtime      # DAGs    # Errors  Last Runtime    Last Run
----------------------------  -----  ---------  --------  ----------  --------------  -------------------
/opt/airflow/dags/bot_dag.py                           1           0  0.11s           2024-10-22T23:32:13
================================================================================
[2024-10-22T23:33:11.383+0000] {manager.py:889} INFO - 
================================================================================
DAG File Processing Stats

File Path                     PID    Runtime      # DAGs    # Errors  Last Runtime    Last Run
----------------------------  -----  ---------  --------  ----------  --------------  -------------------
/opt/airflow/dags/bot_dag.py                           1           0  0.13s           2024-10-22T23:32:44
================================================================================
[2024-10-22T23:33:41.736+0000] {manager.py:889} INFO - 
================================================================================
DAG File Processing Stats

File Path                     PID    Runtime      # DAGs    # Errors  Last Runtime    Last Run
----------------------------  -----  ---------  --------  ----------  --------------  -------------------
/opt/airflow/dags/bot_dag.py                           1           0  0.10s           2024-10-22T23:33:14
================================================================================
[2024-10-22T23:34:12.044+0000] {manager.py:889} INFO - 
================================================================================
DAG File Processing Stats

File Path                     PID    Runtime      # DAGs    # Errors  Last Runtime    Last Run
----------------------------  -----  ---------  --------  ----------  --------------  -------------------
/opt/airflow/dags/bot_dag.py                           1           0  0.19s           2024-10-22T23:33:44
================================================================================
[2024-10-22T23:34:42.302+0000] {manager.py:889} INFO - 
================================================================================
DAG File Processing Stats

File Path                     PID    Runtime      # DAGs    # Errors  Last Runtime    Last Run
----------------------------  -----  ---------  --------  ----------  --------------  -------------------
/opt/airflow/dags/bot_dag.py                           1           0  0.10s           2024-10-22T23:34:15
================================================================================
[2024-10-22T23:35:12.667+0000] {manager.py:889} INFO - 
================================================================================
DAG File Processing Stats

File Path                     PID    Runtime      # DAGs    # Errors  Last Runtime    Last Run
----------------------------  -----  ---------  --------  ----------  --------------  -------------------
/opt/airflow/dags/bot_dag.py                           1           0  0.12s           2024-10-22T23:34:45
================================================================================
[2024-10-22T23:35:42.948+0000] {manager.py:889} INFO - 
================================================================================
DAG File Processing Stats

File Path                     PID    Runtime      # DAGs    # Errors  Last Runtime    Last Run
----------------------------  -----  ---------  --------  ----------  --------------  -------------------
/opt/airflow/dags/bot_dag.py                           1           0  0.08s           2024-10-22T23:35:15
================================================================================
[2024-10-22T23:36:13.251+0000] {manager.py:889} INFO - 
================================================================================
DAG File Processing Stats

File Path                     PID    Runtime      # DAGs    # Errors  Last Runtime    Last Run
----------------------------  -----  ---------  --------  ----------  --------------  -------------------
/opt/airflow/dags/bot_dag.py                           1           0  0.09s           2024-10-22T23:35:46
================================================================================
[2024-10-22T23:36:37.466+0000] {manager.py:758} INFO - Searching for files in /opt/airflow/dags
[2024-10-22T23:36:37.470+0000] {manager.py:761} INFO - There are 1 files in /opt/airflow/dags
[2024-10-22T23:36:43.534+0000] {manager.py:889} INFO - 
================================================================================
DAG File Processing Stats

File Path                     PID    Runtime      # DAGs    # Errors  Last Runtime    Last Run
----------------------------  -----  ---------  --------  ----------  --------------  -------------------
/opt/airflow/dags/bot_dag.py                           1           0  0.09s           2024-10-22T23:36:16
================================================================================
[2024-10-22T23:37:13.843+0000] {manager.py:889} INFO - 
================================================================================
DAG File Processing Stats

File Path                     PID    Runtime      # DAGs    # Errors  Last Runtime    Last Run
----------------------------  -----  ---------  --------  ----------  --------------  -------------------
/opt/airflow/dags/bot_dag.py                           1           0  0.11s           2024-10-22T23:36:46
================================================================================
[2024-10-22T23:37:44.175+0000] {manager.py:889} INFO - 
================================================================================
DAG File Processing Stats

File Path                     PID    Runtime      # DAGs    # Errors  Last Runtime    Last Run
----------------------------  -----  ---------  --------  ----------  --------------  -------------------
/opt/airflow/dags/bot_dag.py                           1           0  0.12s           2024-10-22T23:37:16
================================================================================
[2024-10-22T23:38:14.487+0000] {manager.py:889} INFO - 
================================================================================
DAG File Processing Stats

File Path                     PID    Runtime      # DAGs    # Errors  Last Runtime    Last Run
----------------------------  -----  ---------  --------  ----------  --------------  -------------------
/opt/airflow/dags/bot_dag.py                           1           0  0.14s           2024-10-22T23:37:47
================================================================================
[2024-10-22T23:38:35.305+0000] {manager.py:470} INFO - Exiting gracefully upon receiving signal 15
[2024-10-22T23:38:42.012+0000] {manager.py:487} INFO - Processing files using up to 2 processes at a time 
[2024-10-22T23:38:42.012+0000] {manager.py:488} INFO - Process each file at most once every 30 seconds
[2024-10-22T23:38:42.012+0000] {manager.py:490} INFO - Checking for new files in /opt/airflow/dags every 300 seconds
[2024-10-22T23:38:42.012+0000] {manager.py:758} INFO - Searching for files in /opt/airflow/dags
[2024-10-22T23:38:42.016+0000] {manager.py:761} INFO - There are 1 files in /opt/airflow/dags
[2024-10-22T23:38:42.069+0000] {manager.py:889} INFO - 
================================================================================
DAG File Processing Stats

File Path                       PID  Runtime      # DAGs    # Errors  Last Runtime    Last Run
----------------------------  -----  ---------  --------  ----------  --------------  ----------
/opt/airflow/dags/bot_dag.py    162  0.03s             0           0
================================================================================
[2024-10-22T23:39:12.315+0000] {manager.py:889} INFO - 
================================================================================
DAG File Processing Stats

File Path                       PID  Runtime      # DAGs    # Errors  Last Runtime    Last Run
----------------------------  -----  ---------  --------  ----------  --------------  -------------------
/opt/airflow/dags/bot_dag.py    168  0.01s             1           0  0.08s           2024-10-22T23:38:42
================================================================================
[2024-10-22T23:39:42.606+0000] {manager.py:889} INFO - 
================================================================================
DAG File Processing Stats

File Path                       PID  Runtime      # DAGs    # Errors  Last Runtime    Last Run
----------------------------  -----  ---------  --------  ----------  --------------  -------------------
/opt/airflow/dags/bot_dag.py    173  0.01s             1           0  0.09s           2024-10-22T23:39:12
================================================================================
[2024-10-22T23:40:12.843+0000] {manager.py:889} INFO - 
================================================================================
DAG File Processing Stats

File Path                       PID  Runtime      # DAGs    # Errors  Last Runtime    Last Run
----------------------------  -----  ---------  --------  ----------  --------------  -------------------
/opt/airflow/dags/bot_dag.py    178  0.01s             1           0  0.09s           2024-10-22T23:39:42
================================================================================
[2024-10-22T23:40:43.144+0000] {manager.py:889} INFO - 
================================================================================
DAG File Processing Stats

File Path                       PID  Runtime      # DAGs    # Errors  Last Runtime    Last Run
----------------------------  -----  ---------  --------  ----------  --------------  -------------------
/opt/airflow/dags/bot_dag.py    183  0.01s             1           0  0.10s           2024-10-22T23:40:12
================================================================================
[2024-10-22T23:41:13.454+0000] {manager.py:889} INFO - 
================================================================================
DAG File Processing Stats

File Path                       PID  Runtime      # DAGs    # Errors  Last Runtime    Last Run
----------------------------  -----  ---------  --------  ----------  --------------  -------------------
/opt/airflow/dags/bot_dag.py    188  0.01s             1           0  0.10s           2024-10-22T23:40:43
================================================================================
[2024-10-22T23:41:43.746+0000] {manager.py:889} INFO - 
================================================================================
DAG File Processing Stats

File Path                       PID  Runtime      # DAGs    # Errors  Last Runtime    Last Run
----------------------------  -----  ---------  --------  ----------  --------------  -------------------
/opt/airflow/dags/bot_dag.py    193  0.01s             1           0  0.26s           2024-10-22T23:41:13
================================================================================
[2024-10-22T23:42:14.195+0000] {manager.py:889} INFO - 
================================================================================
DAG File Processing Stats

File Path                       PID  Runtime      # DAGs    # Errors  Last Runtime    Last Run
----------------------------  -----  ---------  --------  ----------  --------------  -------------------
/opt/airflow/dags/bot_dag.py    198  0.01s             1           0  0.16s           2024-10-22T23:41:43
================================================================================
[2024-10-22T23:42:44.543+0000] {manager.py:889} INFO - 
================================================================================
DAG File Processing Stats

File Path                       PID  Runtime      # DAGs    # Errors  Last Runtime    Last Run
----------------------------  -----  ---------  --------  ----------  --------------  -------------------
/opt/airflow/dags/bot_dag.py    203  0.00s             1           0  0.24s           2024-10-22T23:42:14
================================================================================
[2024-10-22T23:43:14.970+0000] {manager.py:889} INFO - 
================================================================================
DAG File Processing Stats

File Path                       PID  Runtime      # DAGs    # Errors  Last Runtime    Last Run
----------------------------  -----  ---------  --------  ----------  --------------  -------------------
/opt/airflow/dags/bot_dag.py    208  0.02s             1           0  0.14s           2024-10-22T23:42:44
================================================================================
[2024-10-22T23:43:42.225+0000] {manager.py:758} INFO - Searching for files in /opt/airflow/dags
[2024-10-22T23:43:42.231+0000] {manager.py:761} INFO - There are 1 files in /opt/airflow/dags
[2024-10-22T23:43:45.284+0000] {manager.py:889} INFO - 
================================================================================
DAG File Processing Stats

File Path                       PID  Runtime      # DAGs    # Errors  Last Runtime    Last Run
----------------------------  -----  ---------  --------  ----------  --------------  -------------------
/opt/airflow/dags/bot_dag.py    213  0.01s             1           0  0.28s           2024-10-22T23:43:15
================================================================================
[2024-10-22T23:44:15.741+0000] {manager.py:889} INFO - 
================================================================================
DAG File Processing Stats

File Path                       PID  Runtime      # DAGs    # Errors  Last Runtime    Last Run
----------------------------  -----  ---------  --------  ----------  --------------  -------------------
/opt/airflow/dags/bot_dag.py    218  0.01s             1           0  0.20s           2024-10-22T23:43:45
================================================================================
[2024-10-22T23:44:45.999+0000] {manager.py:889} INFO - 
================================================================================
DAG File Processing Stats

File Path                       PID  Runtime      # DAGs    # Errors  Last Runtime    Last Run
----------------------------  -----  ---------  --------  ----------  --------------  -------------------
/opt/airflow/dags/bot_dag.py    223  0.00s             1           0  0.13s           2024-10-22T23:44:15
================================================================================
[2024-10-22T23:45:16.336+0000] {manager.py:889} INFO - 
================================================================================
DAG File Processing Stats

File Path                       PID  Runtime      # DAGs    # Errors  Last Runtime    Last Run
----------------------------  -----  ---------  --------  ----------  --------------  -------------------
/opt/airflow/dags/bot_dag.py    228  0.01s             1           0  0.09s           2024-10-22T23:44:46
================================================================================
[2024-10-22T23:45:36.408+0000] {manager.py:470} INFO - Exiting gracefully upon receiving signal 15
[2024-10-22T23:45:42.333+0000] {manager.py:487} INFO - Processing files using up to 2 processes at a time 
[2024-10-22T23:45:42.333+0000] {manager.py:488} INFO - Process each file at most once every 30 seconds
[2024-10-22T23:45:42.333+0000] {manager.py:490} INFO - Checking for new files in /opt/airflow/dags every 300 seconds
[2024-10-22T23:45:42.333+0000] {manager.py:758} INFO - Searching for files in /opt/airflow/dags
[2024-10-22T23:45:42.335+0000] {manager.py:761} INFO - There are 1 files in /opt/airflow/dags
[2024-10-22T23:45:42.379+0000] {manager.py:889} INFO - 
================================================================================
DAG File Processing Stats

File Path                       PID  Runtime      # DAGs    # Errors  Last Runtime    Last Run
----------------------------  -----  ---------  --------  ----------  --------------  ----------
/opt/airflow/dags/bot_dag.py    162  0.02s             0           0
================================================================================
[2024-10-22T23:46:12.650+0000] {manager.py:889} INFO - 
================================================================================
DAG File Processing Stats

File Path                       PID  Runtime      # DAGs    # Errors  Last Runtime    Last Run
----------------------------  -----  ---------  --------  ----------  --------------  -------------------
/opt/airflow/dags/bot_dag.py    184  0.01s             1           0  0.08s           2024-10-22T23:45:42
================================================================================
[2024-10-22T23:46:42.938+0000] {manager.py:889} INFO - 
================================================================================
DAG File Processing Stats

File Path                     PID    Runtime      # DAGs    # Errors  Last Runtime    Last Run
----------------------------  -----  ---------  --------  ----------  --------------  -------------------
/opt/airflow/dags/bot_dag.py                           1           0  0.35s           2024-10-22T23:46:12
================================================================================
[2024-10-22T23:47:13.513+0000] {manager.py:889} INFO - 
================================================================================
DAG File Processing Stats

File Path                       PID  Runtime      # DAGs    # Errors  Last Runtime    Last Run
----------------------------  -----  ---------  --------  ----------  --------------  -------------------
/opt/airflow/dags/bot_dag.py    280  0.00s             1           0  0.14s           2024-10-22T23:46:43
================================================================================
[2024-10-22T23:47:43.866+0000] {manager.py:889} INFO - 
================================================================================
DAG File Processing Stats

File Path                       PID  Runtime      # DAGs    # Errors  Last Runtime    Last Run
----------------------------  -----  ---------  --------  ----------  --------------  -------------------
/opt/airflow/dags/bot_dag.py    285  0.01s             1           0  0.13s           2024-10-22T23:47:13
================================================================================
[2024-10-22T23:48:14.132+0000] {manager.py:889} INFO - 
================================================================================
DAG File Processing Stats

File Path                       PID  Runtime      # DAGs    # Errors  Last Runtime    Last Run
----------------------------  -----  ---------  --------  ----------  --------------  -------------------
/opt/airflow/dags/bot_dag.py    290  0.02s             1           0  0.11s           2024-10-22T23:47:43
================================================================================
[2024-10-22T23:48:44.475+0000] {manager.py:889} INFO - 
================================================================================
DAG File Processing Stats

File Path                       PID  Runtime      # DAGs    # Errors  Last Runtime    Last Run
----------------------------  -----  ---------  --------  ----------  --------------  -------------------
/opt/airflow/dags/bot_dag.py    295  0.01s             1           0  0.32s           2024-10-22T23:48:14
================================================================================
[2024-10-22T23:49:14.968+0000] {manager.py:889} INFO - 
================================================================================
DAG File Processing Stats

File Path                       PID  Runtime      # DAGs    # Errors  Last Runtime    Last Run
----------------------------  -----  ---------  --------  ----------  --------------  -------------------
/opt/airflow/dags/bot_dag.py    300  0.02s             1           0  0.40s           2024-10-22T23:48:44
================================================================================
[2024-10-22T23:49:45.458+0000] {manager.py:889} INFO - 
================================================================================
DAG File Processing Stats

File Path                       PID  Runtime      # DAGs    # Errors  Last Runtime    Last Run
----------------------------  -----  ---------  --------  ----------  --------------  -------------------
/opt/airflow/dags/bot_dag.py    305  0.01s             1           0  0.37s           2024-10-22T23:49:15
================================================================================
[2024-10-22T23:50:15.856+0000] {manager.py:889} INFO - 
================================================================================
DAG File Processing Stats

File Path                       PID  Runtime      # DAGs    # Errors  Last Runtime    Last Run
----------------------------  -----  ---------  --------  ----------  --------------  -------------------
/opt/airflow/dags/bot_dag.py    310  0.01s             1           0  0.29s           2024-10-22T23:49:45
================================================================================
[2024-10-22T23:50:43.179+0000] {manager.py:758} INFO - Searching for files in /opt/airflow/dags
[2024-10-22T23:50:43.184+0000] {manager.py:761} INFO - There are 1 files in /opt/airflow/dags
[2024-10-22T23:50:46.232+0000] {manager.py:889} INFO - 
================================================================================
DAG File Processing Stats

File Path                       PID  Runtime      # DAGs    # Errors  Last Runtime    Last Run
----------------------------  -----  ---------  --------  ----------  --------------  -------------------
/opt/airflow/dags/bot_dag.py    315  0.01s             1           0  0.22s           2024-10-22T23:50:16
================================================================================
