[2024-10-23T00:18:01.353+0000] {taskinstance.py:1125} INFO - Dependencies all met for dep_context=non-requeueable deps ti=<TaskInstance: telegram_bot_dag.run_bot_notebook scheduled__2024-10-23T00:17:00+00:00 [queued]>
[2024-10-23T00:18:01.357+0000] {taskinstance.py:1125} INFO - Dependencies all met for dep_context=requeueable deps ti=<TaskInstance: telegram_bot_dag.run_bot_notebook scheduled__2024-10-23T00:17:00+00:00 [queued]>
[2024-10-23T00:18:01.357+0000] {taskinstance.py:1331} INFO - Starting attempt 1 of 2
[2024-10-23T00:18:01.365+0000] {taskinstance.py:1350} INFO - Executing <Task(PythonOperator): run_bot_notebook> on 2024-10-23 00:17:00+00:00
[2024-10-23T00:18:01.367+0000] {standard_task_runner.py:57} INFO - Started process 278 to run task
[2024-10-23T00:18:01.370+0000] {standard_task_runner.py:84} INFO - Running: ['***', 'tasks', 'run', 'telegram_bot_dag', 'run_bot_notebook', 'scheduled__2024-10-23T00:17:00+00:00', '--job-id', '143', '--raw', '--subdir', 'DAGS_FOLDER/bot_dag.py', '--cfg-path', '/tmp/tmpeenjqnzo']
[2024-10-23T00:18:01.371+0000] {standard_task_runner.py:85} INFO - Job 143: Subtask run_bot_notebook
[2024-10-23T00:18:01.410+0000] {task_command.py:410} INFO - Running <TaskInstance: telegram_bot_dag.run_bot_notebook scheduled__2024-10-23T00:17:00+00:00 [running]> on host 1e5799c660d9
[2024-10-23T00:18:01.475+0000] {taskinstance.py:1570} INFO - Exporting env vars: AIRFLOW_CTX_DAG_OWNER='***' AIRFLOW_CTX_DAG_ID='telegram_bot_dag' AIRFLOW_CTX_TASK_ID='run_bot_notebook' AIRFLOW_CTX_EXECUTION_DATE='2024-10-23T00:17:00+00:00' AIRFLOW_CTX_TRY_NUMBER='1' AIRFLOW_CTX_DAG_RUN_ID='scheduled__2024-10-23T00:17:00+00:00'
[2024-10-23T00:18:01.538+0000] {python.py:183} INFO - Done. Returned value was: None
[2024-10-23T00:18:01.548+0000] {taskinstance.py:1373} INFO - Marking task as SUCCESS. dag_id=telegram_bot_dag, task_id=run_bot_notebook, execution_date=20241023T001700, start_date=20241023T001801, end_date=20241023T001801
[2024-10-23T00:18:01.600+0000] {local_task_job_runner.py:232} INFO - Task exited with return code 0
[2024-10-23T00:18:01.615+0000] {taskinstance.py:2674} INFO - 0 downstream tasks scheduled from follow-on schedule check
[2024-10-23T00:37:07.398+0000] {taskinstance.py:1125} INFO - Dependencies all met for dep_context=non-requeueable deps ti=<TaskInstance: telegram_bot_dag.run_bot_notebook scheduled__2024-10-23T00:17:00+00:00 [queued]>
[2024-10-23T00:37:07.429+0000] {taskinstance.py:1125} INFO - Dependencies all met for dep_context=requeueable deps ti=<TaskInstance: telegram_bot_dag.run_bot_notebook scheduled__2024-10-23T00:17:00+00:00 [queued]>
[2024-10-23T00:37:07.431+0000] {taskinstance.py:1331} INFO - Starting attempt 1 of 2
[2024-10-23T00:37:07.470+0000] {taskinstance.py:1350} INFO - Executing <Task(PythonOperator): run_bot_notebook> on 2024-10-23 00:17:00+00:00
[2024-10-23T00:37:07.479+0000] {standard_task_runner.py:57} INFO - Started process 224 to run task
[2024-10-23T00:37:07.486+0000] {standard_task_runner.py:84} INFO - Running: ['***', 'tasks', 'run', 'telegram_bot_dag', 'run_bot_notebook', 'scheduled__2024-10-23T00:17:00+00:00', '--job-id', '184', '--raw', '--subdir', 'DAGS_FOLDER/bot_dag.py', '--cfg-path', '/tmp/tmp4jar5ecc']
[2024-10-23T00:37:07.528+0000] {standard_task_runner.py:85} INFO - Job 184: Subtask run_bot_notebook
[2024-10-23T00:37:07.660+0000] {task_command.py:410} INFO - Running <TaskInstance: telegram_bot_dag.run_bot_notebook scheduled__2024-10-23T00:17:00+00:00 [running]> on host bf7c1478f077
[2024-10-23T00:37:08.294+0000] {taskinstance.py:1570} INFO - Exporting env vars: AIRFLOW_CTX_DAG_OWNER='***' AIRFLOW_CTX_DAG_ID='telegram_bot_dag' AIRFLOW_CTX_TASK_ID='run_bot_notebook' AIRFLOW_CTX_EXECUTION_DATE='2024-10-23T00:17:00+00:00' AIRFLOW_CTX_TRY_NUMBER='1' AIRFLOW_CTX_DAG_RUN_ID='scheduled__2024-10-23T00:17:00+00:00'
[2024-10-23T00:37:08.416+0000] {python.py:183} INFO - Done. Returned value was: None
[2024-10-23T00:37:08.496+0000] {taskinstance.py:1373} INFO - Marking task as SUCCESS. dag_id=telegram_bot_dag, task_id=run_bot_notebook, execution_date=20241023T001700, start_date=20241023T003707, end_date=20241023T003708
[2024-10-23T00:37:08.650+0000] {local_task_job_runner.py:232} INFO - Task exited with return code 0
[2024-10-23T00:37:08.826+0000] {taskinstance.py:2674} INFO - 0 downstream tasks scheduled from follow-on schedule check
