[2024-10-23T00:33:00.786+0000] {taskinstance.py:1125} INFO - Dependencies all met for dep_context=non-requeueable deps ti=<TaskInstance: telegram_bot_dag.run_bot_notebook scheduled__2024-10-23T00:32:00+00:00 [queued]>
[2024-10-23T00:33:00.792+0000] {taskinstance.py:1125} INFO - Dependencies all met for dep_context=requeueable deps ti=<TaskInstance: telegram_bot_dag.run_bot_notebook scheduled__2024-10-23T00:32:00+00:00 [queued]>
[2024-10-23T00:33:00.792+0000] {taskinstance.py:1331} INFO - Starting attempt 1 of 2
[2024-10-23T00:33:00.800+0000] {taskinstance.py:1350} INFO - Executing <Task(PythonOperator): run_bot_notebook> on 2024-10-23 00:32:00+00:00
[2024-10-23T00:33:00.802+0000] {standard_task_runner.py:57} INFO - Started process 232 to run task
[2024-10-23T00:33:00.805+0000] {standard_task_runner.py:84} INFO - Running: ['***', 'tasks', 'run', 'telegram_bot_dag', 'run_bot_notebook', 'scheduled__2024-10-23T00:32:00+00:00', '--job-id', '162', '--raw', '--subdir', 'DAGS_FOLDER/bot_dag.py', '--cfg-path', '/tmp/tmpuyfrxe_e']
[2024-10-23T00:33:00.806+0000] {standard_task_runner.py:85} INFO - Job 162: Subtask run_bot_notebook
[2024-10-23T00:33:00.845+0000] {task_command.py:410} INFO - Running <TaskInstance: telegram_bot_dag.run_bot_notebook scheduled__2024-10-23T00:32:00+00:00 [running]> on host 34f05a89433a
[2024-10-23T00:33:00.906+0000] {taskinstance.py:1570} INFO - Exporting env vars: AIRFLOW_CTX_DAG_OWNER='***' AIRFLOW_CTX_DAG_ID='telegram_bot_dag' AIRFLOW_CTX_TASK_ID='run_bot_notebook' AIRFLOW_CTX_EXECUTION_DATE='2024-10-23T00:32:00+00:00' AIRFLOW_CTX_TRY_NUMBER='1' AIRFLOW_CTX_DAG_RUN_ID='scheduled__2024-10-23T00:32:00+00:00'
[2024-10-23T00:33:00.961+0000] {python.py:183} INFO - Done. Returned value was: None
[2024-10-23T00:33:00.971+0000] {taskinstance.py:1373} INFO - Marking task as SUCCESS. dag_id=telegram_bot_dag, task_id=run_bot_notebook, execution_date=20241023T003200, start_date=20241023T003300, end_date=20241023T003300
[2024-10-23T00:33:00.986+0000] {local_task_job_runner.py:232} INFO - Task exited with return code 0
[2024-10-23T00:33:01.000+0000] {taskinstance.py:2674} INFO - 0 downstream tasks scheduled from follow-on schedule check
[2024-10-23T00:37:13.292+0000] {taskinstance.py:1125} INFO - Dependencies all met for dep_context=non-requeueable deps ti=<TaskInstance: telegram_bot_dag.run_bot_notebook scheduled__2024-10-23T00:32:00+00:00 [queued]>
[2024-10-23T00:37:13.310+0000] {taskinstance.py:1125} INFO - Dependencies all met for dep_context=requeueable deps ti=<TaskInstance: telegram_bot_dag.run_bot_notebook scheduled__2024-10-23T00:32:00+00:00 [queued]>
[2024-10-23T00:37:13.310+0000] {taskinstance.py:1331} INFO - Starting attempt 1 of 2
[2024-10-23T00:37:13.330+0000] {taskinstance.py:1350} INFO - Executing <Task(PythonOperator): run_bot_notebook> on 2024-10-23 00:32:00+00:00
[2024-10-23T00:37:13.334+0000] {standard_task_runner.py:57} INFO - Started process 266 to run task
[2024-10-23T00:37:13.338+0000] {standard_task_runner.py:84} INFO - Running: ['***', 'tasks', 'run', 'telegram_bot_dag', 'run_bot_notebook', 'scheduled__2024-10-23T00:32:00+00:00', '--job-id', '199', '--raw', '--subdir', 'DAGS_FOLDER/bot_dag.py', '--cfg-path', '/tmp/tmpp9giw25o']
[2024-10-23T00:37:13.351+0000] {standard_task_runner.py:85} INFO - Job 199: Subtask run_bot_notebook
[2024-10-23T00:37:13.464+0000] {task_command.py:410} INFO - Running <TaskInstance: telegram_bot_dag.run_bot_notebook scheduled__2024-10-23T00:32:00+00:00 [running]> on host bf7c1478f077
[2024-10-23T00:37:13.631+0000] {taskinstance.py:1570} INFO - Exporting env vars: AIRFLOW_CTX_DAG_OWNER='***' AIRFLOW_CTX_DAG_ID='telegram_bot_dag' AIRFLOW_CTX_TASK_ID='run_bot_notebook' AIRFLOW_CTX_EXECUTION_DATE='2024-10-23T00:32:00+00:00' AIRFLOW_CTX_TRY_NUMBER='1' AIRFLOW_CTX_DAG_RUN_ID='scheduled__2024-10-23T00:32:00+00:00'
[2024-10-23T00:37:13.689+0000] {python.py:183} INFO - Done. Returned value was: None
[2024-10-23T00:37:13.719+0000] {taskinstance.py:1373} INFO - Marking task as SUCCESS. dag_id=telegram_bot_dag, task_id=run_bot_notebook, execution_date=20241023T003200, start_date=20241023T003713, end_date=20241023T003713
[2024-10-23T00:37:13.769+0000] {local_task_job_runner.py:232} INFO - Task exited with return code 0
[2024-10-23T00:37:13.800+0000] {taskinstance.py:2674} INFO - 0 downstream tasks scheduled from follow-on schedule check
