[2024-10-23T00:21:01.267+0000] {taskinstance.py:1125} INFO - Dependencies all met for dep_context=non-requeueable deps ti=<TaskInstance: telegram_bot_dag.run_bot_notebook scheduled__2024-10-23T00:20:00+00:00 [queued]>
[2024-10-23T00:21:01.272+0000] {taskinstance.py:1125} INFO - Dependencies all met for dep_context=requeueable deps ti=<TaskInstance: telegram_bot_dag.run_bot_notebook scheduled__2024-10-23T00:20:00+00:00 [queued]>
[2024-10-23T00:21:01.272+0000] {taskinstance.py:1331} INFO - Starting attempt 1 of 2
[2024-10-23T00:21:01.280+0000] {taskinstance.py:1350} INFO - Executing <Task(PythonOperator): run_bot_notebook> on 2024-10-23 00:20:00+00:00
[2024-10-23T00:21:01.283+0000] {standard_task_runner.py:57} INFO - Started process 322 to run task
[2024-10-23T00:21:01.286+0000] {standard_task_runner.py:84} INFO - Running: ['***', 'tasks', 'run', 'telegram_bot_dag', 'run_bot_notebook', 'scheduled__2024-10-23T00:20:00+00:00', '--job-id', '146', '--raw', '--subdir', 'DAGS_FOLDER/bot_dag.py', '--cfg-path', '/tmp/tmpgkh32pml']
[2024-10-23T00:21:01.287+0000] {standard_task_runner.py:85} INFO - Job 146: Subtask run_bot_notebook
[2024-10-23T00:21:01.327+0000] {task_command.py:410} INFO - Running <TaskInstance: telegram_bot_dag.run_bot_notebook scheduled__2024-10-23T00:20:00+00:00 [running]> on host 1e5799c660d9
[2024-10-23T00:21:01.394+0000] {taskinstance.py:1570} INFO - Exporting env vars: AIRFLOW_CTX_DAG_OWNER='***' AIRFLOW_CTX_DAG_ID='telegram_bot_dag' AIRFLOW_CTX_TASK_ID='run_bot_notebook' AIRFLOW_CTX_EXECUTION_DATE='2024-10-23T00:20:00+00:00' AIRFLOW_CTX_TRY_NUMBER='1' AIRFLOW_CTX_DAG_RUN_ID='scheduled__2024-10-23T00:20:00+00:00'
[2024-10-23T00:21:01.452+0000] {python.py:183} INFO - Done. Returned value was: None
[2024-10-23T00:21:01.462+0000] {taskinstance.py:1373} INFO - Marking task as SUCCESS. dag_id=telegram_bot_dag, task_id=run_bot_notebook, execution_date=20241023T002000, start_date=20241023T002101, end_date=20241023T002101
[2024-10-23T00:21:01.509+0000] {local_task_job_runner.py:232} INFO - Task exited with return code 0
[2024-10-23T00:21:01.525+0000] {taskinstance.py:2674} INFO - 0 downstream tasks scheduled from follow-on schedule check
[2024-10-23T00:37:07.738+0000] {taskinstance.py:1125} INFO - Dependencies all met for dep_context=non-requeueable deps ti=<TaskInstance: telegram_bot_dag.run_bot_notebook scheduled__2024-10-23T00:20:00+00:00 [queued]>
[2024-10-23T00:37:07.803+0000] {taskinstance.py:1125} INFO - Dependencies all met for dep_context=requeueable deps ti=<TaskInstance: telegram_bot_dag.run_bot_notebook scheduled__2024-10-23T00:20:00+00:00 [queued]>
[2024-10-23T00:37:07.805+0000] {taskinstance.py:1331} INFO - Starting attempt 1 of 2
[2024-10-23T00:37:07.829+0000] {taskinstance.py:1350} INFO - Executing <Task(PythonOperator): run_bot_notebook> on 2024-10-23 00:20:00+00:00
[2024-10-23T00:37:07.833+0000] {standard_task_runner.py:57} INFO - Started process 229 to run task
[2024-10-23T00:37:07.839+0000] {standard_task_runner.py:84} INFO - Running: ['***', 'tasks', 'run', 'telegram_bot_dag', 'run_bot_notebook', 'scheduled__2024-10-23T00:20:00+00:00', '--job-id', '187', '--raw', '--subdir', 'DAGS_FOLDER/bot_dag.py', '--cfg-path', '/tmp/tmpthvfqc0n']
[2024-10-23T00:37:07.844+0000] {standard_task_runner.py:85} INFO - Job 187: Subtask run_bot_notebook
[2024-10-23T00:37:08.175+0000] {task_command.py:410} INFO - Running <TaskInstance: telegram_bot_dag.run_bot_notebook scheduled__2024-10-23T00:20:00+00:00 [running]> on host bf7c1478f077
[2024-10-23T00:37:08.752+0000] {taskinstance.py:1570} INFO - Exporting env vars: AIRFLOW_CTX_DAG_OWNER='***' AIRFLOW_CTX_DAG_ID='telegram_bot_dag' AIRFLOW_CTX_TASK_ID='run_bot_notebook' AIRFLOW_CTX_EXECUTION_DATE='2024-10-23T00:20:00+00:00' AIRFLOW_CTX_TRY_NUMBER='1' AIRFLOW_CTX_DAG_RUN_ID='scheduled__2024-10-23T00:20:00+00:00'
[2024-10-23T00:37:08.860+0000] {python.py:183} INFO - Done. Returned value was: None
[2024-10-23T00:37:08.968+0000] {taskinstance.py:1373} INFO - Marking task as SUCCESS. dag_id=telegram_bot_dag, task_id=run_bot_notebook, execution_date=20241023T002000, start_date=20241023T003707, end_date=20241023T003708
[2024-10-23T00:37:09.041+0000] {local_task_job_runner.py:232} INFO - Task exited with return code 0
[2024-10-23T00:37:09.106+0000] {taskinstance.py:2674} INFO - 0 downstream tasks scheduled from follow-on schedule check
