[2024-10-23T00:10:01.366+0000] {taskinstance.py:1125} INFO - Dependencies all met for dep_context=non-requeueable deps ti=<TaskInstance: telegram_bot_dag.run_bot_notebook scheduled__2024-10-23T00:09:00+00:00 [queued]>
[2024-10-23T00:10:01.372+0000] {taskinstance.py:1125} INFO - Dependencies all met for dep_context=requeueable deps ti=<TaskInstance: telegram_bot_dag.run_bot_notebook scheduled__2024-10-23T00:09:00+00:00 [queued]>
[2024-10-23T00:10:01.372+0000] {taskinstance.py:1331} INFO - Starting attempt 1 of 2
[2024-10-23T00:10:01.380+0000] {taskinstance.py:1350} INFO - Executing <Task(PythonOperator): run_bot_notebook> on 2024-10-23 00:09:00+00:00
[2024-10-23T00:10:01.384+0000] {standard_task_runner.py:57} INFO - Started process 194 to run task
[2024-10-23T00:10:01.387+0000] {standard_task_runner.py:84} INFO - Running: ['***', 'tasks', 'run', 'telegram_bot_dag', 'run_bot_notebook', 'scheduled__2024-10-23T00:09:00+00:00', '--job-id', '121', '--raw', '--subdir', 'DAGS_FOLDER/bot_dag.py', '--cfg-path', '/tmp/tmpd37je0hh']
[2024-10-23T00:10:01.388+0000] {standard_task_runner.py:85} INFO - Job 121: Subtask run_bot_notebook
[2024-10-23T00:10:01.427+0000] {task_command.py:410} INFO - Running <TaskInstance: telegram_bot_dag.run_bot_notebook scheduled__2024-10-23T00:09:00+00:00 [running]> on host a810a84a5c8b
[2024-10-23T00:10:01.482+0000] {taskinstance.py:1570} INFO - Exporting env vars: AIRFLOW_CTX_DAG_OWNER='***' AIRFLOW_CTX_DAG_ID='telegram_bot_dag' AIRFLOW_CTX_TASK_ID='run_bot_notebook' AIRFLOW_CTX_EXECUTION_DATE='2024-10-23T00:09:00+00:00' AIRFLOW_CTX_TRY_NUMBER='1' AIRFLOW_CTX_DAG_RUN_ID='scheduled__2024-10-23T00:09:00+00:00'
[2024-10-23T00:10:01.539+0000] {python.py:183} INFO - Done. Returned value was: None
[2024-10-23T00:10:01.547+0000] {taskinstance.py:1373} INFO - Marking task as SUCCESS. dag_id=telegram_bot_dag, task_id=run_bot_notebook, execution_date=20241023T000900, start_date=20241023T001001, end_date=20241023T001001
[2024-10-23T00:10:01.572+0000] {local_task_job_runner.py:232} INFO - Task exited with return code 0
[2024-10-23T00:10:01.586+0000] {taskinstance.py:2674} INFO - 0 downstream tasks scheduled from follow-on schedule check
[2024-10-23T00:13:31.665+0000] {taskinstance.py:1125} INFO - Dependencies all met for dep_context=non-requeueable deps ti=<TaskInstance: telegram_bot_dag.run_bot_notebook scheduled__2024-10-23T00:09:00+00:00 [queued]>
[2024-10-23T00:13:31.689+0000] {taskinstance.py:1125} INFO - Dependencies all met for dep_context=requeueable deps ti=<TaskInstance: telegram_bot_dag.run_bot_notebook scheduled__2024-10-23T00:09:00+00:00 [queued]>
[2024-10-23T00:13:31.690+0000] {taskinstance.py:1331} INFO - Starting attempt 1 of 2
[2024-10-23T00:13:31.718+0000] {taskinstance.py:1350} INFO - Executing <Task(PythonOperator): run_bot_notebook> on 2024-10-23 00:09:00+00:00
[2024-10-23T00:13:31.721+0000] {standard_task_runner.py:57} INFO - Started process 203 to run task
[2024-10-23T00:13:31.724+0000] {standard_task_runner.py:84} INFO - Running: ['***', 'tasks', 'run', 'telegram_bot_dag', 'run_bot_notebook', 'scheduled__2024-10-23T00:09:00+00:00', '--job-id', '132', '--raw', '--subdir', 'DAGS_FOLDER/bot_dag.py', '--cfg-path', '/tmp/tmpyd7jmnvs']
[2024-10-23T00:13:31.729+0000] {standard_task_runner.py:85} INFO - Job 132: Subtask run_bot_notebook
[2024-10-23T00:13:31.904+0000] {task_command.py:410} INFO - Running <TaskInstance: telegram_bot_dag.run_bot_notebook scheduled__2024-10-23T00:09:00+00:00 [running]> on host 1e5799c660d9
[2024-10-23T00:13:32.147+0000] {taskinstance.py:1570} INFO - Exporting env vars: AIRFLOW_CTX_DAG_OWNER='***' AIRFLOW_CTX_DAG_ID='telegram_bot_dag' AIRFLOW_CTX_TASK_ID='run_bot_notebook' AIRFLOW_CTX_EXECUTION_DATE='2024-10-23T00:09:00+00:00' AIRFLOW_CTX_TRY_NUMBER='1' AIRFLOW_CTX_DAG_RUN_ID='scheduled__2024-10-23T00:09:00+00:00'
[2024-10-23T00:13:32.207+0000] {python.py:183} INFO - Done. Returned value was: None
[2024-10-23T00:13:32.234+0000] {taskinstance.py:1373} INFO - Marking task as SUCCESS. dag_id=telegram_bot_dag, task_id=run_bot_notebook, execution_date=20241023T000900, start_date=20241023T001331, end_date=20241023T001332
[2024-10-23T00:13:32.300+0000] {local_task_job_runner.py:232} INFO - Task exited with return code 0
[2024-10-23T00:13:32.318+0000] {taskinstance.py:2674} INFO - 0 downstream tasks scheduled from follow-on schedule check
[2024-10-23T00:37:03.667+0000] {taskinstance.py:1125} INFO - Dependencies all met for dep_context=non-requeueable deps ti=<TaskInstance: telegram_bot_dag.run_bot_notebook scheduled__2024-10-23T00:09:00+00:00 [queued]>
[2024-10-23T00:37:03.682+0000] {taskinstance.py:1125} INFO - Dependencies all met for dep_context=requeueable deps ti=<TaskInstance: telegram_bot_dag.run_bot_notebook scheduled__2024-10-23T00:09:00+00:00 [queued]>
[2024-10-23T00:37:03.683+0000] {taskinstance.py:1331} INFO - Starting attempt 1 of 2
[2024-10-23T00:37:03.749+0000] {taskinstance.py:1350} INFO - Executing <Task(PythonOperator): run_bot_notebook> on 2024-10-23 00:09:00+00:00
[2024-10-23T00:37:03.764+0000] {standard_task_runner.py:57} INFO - Started process 193 to run task
[2024-10-23T00:37:03.776+0000] {standard_task_runner.py:84} INFO - Running: ['***', 'tasks', 'run', 'telegram_bot_dag', 'run_bot_notebook', 'scheduled__2024-10-23T00:09:00+00:00', '--job-id', '177', '--raw', '--subdir', 'DAGS_FOLDER/bot_dag.py', '--cfg-path', '/tmp/tmplxw0xmwq']
[2024-10-23T00:37:03.780+0000] {standard_task_runner.py:85} INFO - Job 177: Subtask run_bot_notebook
[2024-10-23T00:37:04.099+0000] {task_command.py:410} INFO - Running <TaskInstance: telegram_bot_dag.run_bot_notebook scheduled__2024-10-23T00:09:00+00:00 [running]> on host bf7c1478f077
[2024-10-23T00:37:04.734+0000] {taskinstance.py:1570} INFO - Exporting env vars: AIRFLOW_CTX_DAG_OWNER='***' AIRFLOW_CTX_DAG_ID='telegram_bot_dag' AIRFLOW_CTX_TASK_ID='run_bot_notebook' AIRFLOW_CTX_EXECUTION_DATE='2024-10-23T00:09:00+00:00' AIRFLOW_CTX_TRY_NUMBER='1' AIRFLOW_CTX_DAG_RUN_ID='scheduled__2024-10-23T00:09:00+00:00'
[2024-10-23T00:37:04.800+0000] {python.py:183} INFO - Done. Returned value was: None
[2024-10-23T00:37:04.837+0000] {taskinstance.py:1373} INFO - Marking task as SUCCESS. dag_id=telegram_bot_dag, task_id=run_bot_notebook, execution_date=20241023T000900, start_date=20241023T003703, end_date=20241023T003704
[2024-10-23T00:37:04.878+0000] {local_task_job_runner.py:232} INFO - Task exited with return code 0
[2024-10-23T00:37:04.902+0000] {taskinstance.py:2674} INFO - 0 downstream tasks scheduled from follow-on schedule check
