[2024-10-23T00:12:01.098+0000] {taskinstance.py:1125} INFO - Dependencies all met for dep_context=non-requeueable deps ti=<TaskInstance: telegram_bot_dag.run_bot_notebook scheduled__2024-10-23T00:11:00+00:00 [queued]>
[2024-10-23T00:12:01.104+0000] {taskinstance.py:1125} INFO - Dependencies all met for dep_context=requeueable deps ti=<TaskInstance: telegram_bot_dag.run_bot_notebook scheduled__2024-10-23T00:11:00+00:00 [queued]>
[2024-10-23T00:12:01.104+0000] {taskinstance.py:1331} INFO - Starting attempt 1 of 2
[2024-10-23T00:12:01.113+0000] {taskinstance.py:1350} INFO - Executing <Task(PythonOperator): run_bot_notebook> on 2024-10-23 00:11:00+00:00
[2024-10-23T00:12:01.115+0000] {standard_task_runner.py:57} INFO - Started process 169 to run task
[2024-10-23T00:12:01.117+0000] {standard_task_runner.py:84} INFO - Running: ['***', 'tasks', 'run', 'telegram_bot_dag', 'run_bot_notebook', 'scheduled__2024-10-23T00:11:00+00:00', '--job-id', '125', '--raw', '--subdir', 'DAGS_FOLDER/bot_dag.py', '--cfg-path', '/tmp/tmpjvkphiyb']
[2024-10-23T00:12:01.118+0000] {standard_task_runner.py:85} INFO - Job 125: Subtask run_bot_notebook
[2024-10-23T00:12:01.254+0000] {task_command.py:410} INFO - Running <TaskInstance: telegram_bot_dag.run_bot_notebook scheduled__2024-10-23T00:11:00+00:00 [running]> on host 1e5799c660d9
[2024-10-23T00:12:01.328+0000] {taskinstance.py:1570} INFO - Exporting env vars: AIRFLOW_CTX_DAG_OWNER='***' AIRFLOW_CTX_DAG_ID='telegram_bot_dag' AIRFLOW_CTX_TASK_ID='run_bot_notebook' AIRFLOW_CTX_EXECUTION_DATE='2024-10-23T00:11:00+00:00' AIRFLOW_CTX_TRY_NUMBER='1' AIRFLOW_CTX_DAG_RUN_ID='scheduled__2024-10-23T00:11:00+00:00'
[2024-10-23T00:12:01.383+0000] {python.py:183} INFO - Done. Returned value was: None
[2024-10-23T00:12:01.392+0000] {taskinstance.py:1373} INFO - Marking task as SUCCESS. dag_id=telegram_bot_dag, task_id=run_bot_notebook, execution_date=20241023T001100, start_date=20241023T001201, end_date=20241023T001201
[2024-10-23T00:12:01.435+0000] {local_task_job_runner.py:232} INFO - Task exited with return code 0
[2024-10-23T00:12:01.453+0000] {taskinstance.py:2674} INFO - 0 downstream tasks scheduled from follow-on schedule check
[2024-10-23T00:13:31.894+0000] {taskinstance.py:1125} INFO - Dependencies all met for dep_context=non-requeueable deps ti=<TaskInstance: telegram_bot_dag.run_bot_notebook scheduled__2024-10-23T00:11:00+00:00 [queued]>
[2024-10-23T00:13:31.902+0000] {taskinstance.py:1125} INFO - Dependencies all met for dep_context=requeueable deps ti=<TaskInstance: telegram_bot_dag.run_bot_notebook scheduled__2024-10-23T00:11:00+00:00 [queued]>
[2024-10-23T00:13:31.903+0000] {taskinstance.py:1331} INFO - Starting attempt 1 of 2
[2024-10-23T00:13:31.941+0000] {taskinstance.py:1350} INFO - Executing <Task(PythonOperator): run_bot_notebook> on 2024-10-23 00:11:00+00:00
[2024-10-23T00:13:31.945+0000] {standard_task_runner.py:57} INFO - Started process 207 to run task
[2024-10-23T00:13:31.948+0000] {standard_task_runner.py:84} INFO - Running: ['***', 'tasks', 'run', 'telegram_bot_dag', 'run_bot_notebook', 'scheduled__2024-10-23T00:11:00+00:00', '--job-id', '134', '--raw', '--subdir', 'DAGS_FOLDER/bot_dag.py', '--cfg-path', '/tmp/tmpsz9echy4']
[2024-10-23T00:13:31.955+0000] {standard_task_runner.py:85} INFO - Job 134: Subtask run_bot_notebook
[2024-10-23T00:13:32.084+0000] {task_command.py:410} INFO - Running <TaskInstance: telegram_bot_dag.run_bot_notebook scheduled__2024-10-23T00:11:00+00:00 [running]> on host 1e5799c660d9
[2024-10-23T00:13:32.235+0000] {taskinstance.py:1570} INFO - Exporting env vars: AIRFLOW_CTX_DAG_OWNER='***' AIRFLOW_CTX_DAG_ID='telegram_bot_dag' AIRFLOW_CTX_TASK_ID='run_bot_notebook' AIRFLOW_CTX_EXECUTION_DATE='2024-10-23T00:11:00+00:00' AIRFLOW_CTX_TRY_NUMBER='1' AIRFLOW_CTX_DAG_RUN_ID='scheduled__2024-10-23T00:11:00+00:00'
[2024-10-23T00:13:32.305+0000] {python.py:183} INFO - Done. Returned value was: None
[2024-10-23T00:13:32.315+0000] {taskinstance.py:1373} INFO - Marking task as SUCCESS. dag_id=telegram_bot_dag, task_id=run_bot_notebook, execution_date=20241023T001100, start_date=20241023T001331, end_date=20241023T001332
[2024-10-23T00:13:32.335+0000] {local_task_job_runner.py:232} INFO - Task exited with return code 0
[2024-10-23T00:13:32.349+0000] {taskinstance.py:2674} INFO - 0 downstream tasks scheduled from follow-on schedule check
[2024-10-23T00:37:04.100+0000] {taskinstance.py:1125} INFO - Dependencies all met for dep_context=non-requeueable deps ti=<TaskInstance: telegram_bot_dag.run_bot_notebook scheduled__2024-10-23T00:11:00+00:00 [queued]>
[2024-10-23T00:37:04.114+0000] {taskinstance.py:1125} INFO - Dependencies all met for dep_context=requeueable deps ti=<TaskInstance: telegram_bot_dag.run_bot_notebook scheduled__2024-10-23T00:11:00+00:00 [queued]>
[2024-10-23T00:37:04.124+0000] {taskinstance.py:1331} INFO - Starting attempt 1 of 2
[2024-10-23T00:37:04.333+0000] {taskinstance.py:1350} INFO - Executing <Task(PythonOperator): run_bot_notebook> on 2024-10-23 00:11:00+00:00
[2024-10-23T00:37:04.338+0000] {standard_task_runner.py:57} INFO - Started process 200 to run task
[2024-10-23T00:37:04.341+0000] {standard_task_runner.py:84} INFO - Running: ['***', 'tasks', 'run', 'telegram_bot_dag', 'run_bot_notebook', 'scheduled__2024-10-23T00:11:00+00:00', '--job-id', '178', '--raw', '--subdir', 'DAGS_FOLDER/bot_dag.py', '--cfg-path', '/tmp/tmpwvqvnchg']
[2024-10-23T00:37:04.347+0000] {standard_task_runner.py:85} INFO - Job 178: Subtask run_bot_notebook
[2024-10-23T00:37:04.704+0000] {task_command.py:410} INFO - Running <TaskInstance: telegram_bot_dag.run_bot_notebook scheduled__2024-10-23T00:11:00+00:00 [running]> on host bf7c1478f077
[2024-10-23T00:37:04.908+0000] {taskinstance.py:1570} INFO - Exporting env vars: AIRFLOW_CTX_DAG_OWNER='***' AIRFLOW_CTX_DAG_ID='telegram_bot_dag' AIRFLOW_CTX_TASK_ID='run_bot_notebook' AIRFLOW_CTX_EXECUTION_DATE='2024-10-23T00:11:00+00:00' AIRFLOW_CTX_TRY_NUMBER='1' AIRFLOW_CTX_DAG_RUN_ID='scheduled__2024-10-23T00:11:00+00:00'
[2024-10-23T00:37:04.966+0000] {python.py:183} INFO - Done. Returned value was: None
[2024-10-23T00:37:04.982+0000] {taskinstance.py:1373} INFO - Marking task as SUCCESS. dag_id=telegram_bot_dag, task_id=run_bot_notebook, execution_date=20241023T001100, start_date=20241023T003704, end_date=20241023T003704
[2024-10-23T00:37:05.024+0000] {local_task_job_runner.py:232} INFO - Task exited with return code 0
[2024-10-23T00:37:05.044+0000] {taskinstance.py:2674} INFO - 0 downstream tasks scheduled from follow-on schedule check
