[2024-10-23T00:24:00.869+0000] {taskinstance.py:1125} INFO - Dependencies all met for dep_context=non-requeueable deps ti=<TaskInstance: telegram_bot_dag.run_bot_notebook scheduled__2024-10-23T00:23:00+00:00 [queued]>
[2024-10-23T00:24:00.875+0000] {taskinstance.py:1125} INFO - Dependencies all met for dep_context=requeueable deps ti=<TaskInstance: telegram_bot_dag.run_bot_notebook scheduled__2024-10-23T00:23:00+00:00 [queued]>
[2024-10-23T00:24:00.875+0000] {taskinstance.py:1331} INFO - Starting attempt 1 of 2
[2024-10-23T00:24:00.883+0000] {taskinstance.py:1350} INFO - Executing <Task(PythonOperator): run_bot_notebook> on 2024-10-23 00:23:00+00:00
[2024-10-23T00:24:00.887+0000] {standard_task_runner.py:57} INFO - Started process 361 to run task
[2024-10-23T00:24:00.890+0000] {standard_task_runner.py:84} INFO - Running: ['***', 'tasks', 'run', 'telegram_bot_dag', 'run_bot_notebook', 'scheduled__2024-10-23T00:23:00+00:00', '--job-id', '149', '--raw', '--subdir', 'DAGS_FOLDER/bot_dag.py', '--cfg-path', '/tmp/tmp6xqzlnii']
[2024-10-23T00:24:00.892+0000] {standard_task_runner.py:85} INFO - Job 149: Subtask run_bot_notebook
[2024-10-23T00:24:00.932+0000] {task_command.py:410} INFO - Running <TaskInstance: telegram_bot_dag.run_bot_notebook scheduled__2024-10-23T00:23:00+00:00 [running]> on host 1e5799c660d9
[2024-10-23T00:24:01.002+0000] {taskinstance.py:1570} INFO - Exporting env vars: AIRFLOW_CTX_DAG_OWNER='***' AIRFLOW_CTX_DAG_ID='telegram_bot_dag' AIRFLOW_CTX_TASK_ID='run_bot_notebook' AIRFLOW_CTX_EXECUTION_DATE='2024-10-23T00:23:00+00:00' AIRFLOW_CTX_TRY_NUMBER='1' AIRFLOW_CTX_DAG_RUN_ID='scheduled__2024-10-23T00:23:00+00:00'
[2024-10-23T00:24:01.059+0000] {python.py:183} INFO - Done. Returned value was: None
[2024-10-23T00:24:01.068+0000] {taskinstance.py:1373} INFO - Marking task as SUCCESS. dag_id=telegram_bot_dag, task_id=run_bot_notebook, execution_date=20241023T002300, start_date=20241023T002400, end_date=20241023T002401
[2024-10-23T00:24:01.118+0000] {local_task_job_runner.py:232} INFO - Task exited with return code 0
[2024-10-23T00:24:01.134+0000] {taskinstance.py:2674} INFO - 0 downstream tasks scheduled from follow-on schedule check
[2024-10-23T00:37:08.763+0000] {taskinstance.py:1125} INFO - Dependencies all met for dep_context=non-requeueable deps ti=<TaskInstance: telegram_bot_dag.run_bot_notebook scheduled__2024-10-23T00:23:00+00:00 [queued]>
[2024-10-23T00:37:08.803+0000] {taskinstance.py:1125} INFO - Dependencies all met for dep_context=requeueable deps ti=<TaskInstance: telegram_bot_dag.run_bot_notebook scheduled__2024-10-23T00:23:00+00:00 [queued]>
[2024-10-23T00:37:08.803+0000] {taskinstance.py:1331} INFO - Starting attempt 1 of 2
[2024-10-23T00:37:08.862+0000] {taskinstance.py:1350} INFO - Executing <Task(PythonOperator): run_bot_notebook> on 2024-10-23 00:23:00+00:00
[2024-10-23T00:37:08.871+0000] {standard_task_runner.py:57} INFO - Started process 242 to run task
[2024-10-23T00:37:08.880+0000] {standard_task_runner.py:84} INFO - Running: ['***', 'tasks', 'run', 'telegram_bot_dag', 'run_bot_notebook', 'scheduled__2024-10-23T00:23:00+00:00', '--job-id', '190', '--raw', '--subdir', 'DAGS_FOLDER/bot_dag.py', '--cfg-path', '/tmp/tmp1tdm15dq']
[2024-10-23T00:37:08.888+0000] {standard_task_runner.py:85} INFO - Job 190: Subtask run_bot_notebook
[2024-10-23T00:37:09.150+0000] {task_command.py:410} INFO - Running <TaskInstance: telegram_bot_dag.run_bot_notebook scheduled__2024-10-23T00:23:00+00:00 [running]> on host bf7c1478f077
[2024-10-23T00:37:09.319+0000] {taskinstance.py:1570} INFO - Exporting env vars: AIRFLOW_CTX_DAG_OWNER='***' AIRFLOW_CTX_DAG_ID='telegram_bot_dag' AIRFLOW_CTX_TASK_ID='run_bot_notebook' AIRFLOW_CTX_EXECUTION_DATE='2024-10-23T00:23:00+00:00' AIRFLOW_CTX_TRY_NUMBER='1' AIRFLOW_CTX_DAG_RUN_ID='scheduled__2024-10-23T00:23:00+00:00'
[2024-10-23T00:37:09.381+0000] {python.py:183} INFO - Done. Returned value was: None
[2024-10-23T00:37:09.406+0000] {taskinstance.py:1373} INFO - Marking task as SUCCESS. dag_id=telegram_bot_dag, task_id=run_bot_notebook, execution_date=20241023T002300, start_date=20241023T003708, end_date=20241023T003709
[2024-10-23T00:37:09.426+0000] {local_task_job_runner.py:232} INFO - Task exited with return code 0
[2024-10-23T00:37:09.459+0000] {taskinstance.py:2674} INFO - 0 downstream tasks scheduled from follow-on schedule check
