[2024-10-23T00:30:00.838+0000] {taskinstance.py:1125} INFO - Dependencies all met for dep_context=non-requeueable deps ti=<TaskInstance: telegram_bot_dag.run_bot_notebook scheduled__2024-10-23T00:29:00+00:00 [queued]>
[2024-10-23T00:30:00.842+0000] {taskinstance.py:1125} INFO - Dependencies all met for dep_context=requeueable deps ti=<TaskInstance: telegram_bot_dag.run_bot_notebook scheduled__2024-10-23T00:29:00+00:00 [queued]>
[2024-10-23T00:30:00.842+0000] {taskinstance.py:1331} INFO - Starting attempt 1 of 2
[2024-10-23T00:30:00.849+0000] {taskinstance.py:1350} INFO - Executing <Task(PythonOperator): run_bot_notebook> on 2024-10-23 00:29:00+00:00
[2024-10-23T00:30:00.851+0000] {standard_task_runner.py:57} INFO - Started process 193 to run task
[2024-10-23T00:30:00.854+0000] {standard_task_runner.py:84} INFO - Running: ['***', 'tasks', 'run', 'telegram_bot_dag', 'run_bot_notebook', 'scheduled__2024-10-23T00:29:00+00:00', '--job-id', '159', '--raw', '--subdir', 'DAGS_FOLDER/bot_dag.py', '--cfg-path', '/tmp/tmpsktadz6u']
[2024-10-23T00:30:00.855+0000] {standard_task_runner.py:85} INFO - Job 159: Subtask run_bot_notebook
[2024-10-23T00:30:00.889+0000] {task_command.py:410} INFO - Running <TaskInstance: telegram_bot_dag.run_bot_notebook scheduled__2024-10-23T00:29:00+00:00 [running]> on host 34f05a89433a
[2024-10-23T00:30:00.943+0000] {taskinstance.py:1570} INFO - Exporting env vars: AIRFLOW_CTX_DAG_OWNER='***' AIRFLOW_CTX_DAG_ID='telegram_bot_dag' AIRFLOW_CTX_TASK_ID='run_bot_notebook' AIRFLOW_CTX_EXECUTION_DATE='2024-10-23T00:29:00+00:00' AIRFLOW_CTX_TRY_NUMBER='1' AIRFLOW_CTX_DAG_RUN_ID='scheduled__2024-10-23T00:29:00+00:00'
[2024-10-23T00:30:01.004+0000] {python.py:183} INFO - Done. Returned value was: None
[2024-10-23T00:30:01.020+0000] {taskinstance.py:1373} INFO - Marking task as SUCCESS. dag_id=telegram_bot_dag, task_id=run_bot_notebook, execution_date=20241023T002900, start_date=20241023T003000, end_date=20241023T003001
[2024-10-23T00:30:01.034+0000] {local_task_job_runner.py:232} INFO - Task exited with return code 0
[2024-10-23T00:30:01.051+0000] {taskinstance.py:2674} INFO - 0 downstream tasks scheduled from follow-on schedule check
[2024-10-23T00:37:13.081+0000] {taskinstance.py:1125} INFO - Dependencies all met for dep_context=non-requeueable deps ti=<TaskInstance: telegram_bot_dag.run_bot_notebook scheduled__2024-10-23T00:29:00+00:00 [queued]>
[2024-10-23T00:37:13.102+0000] {taskinstance.py:1125} INFO - Dependencies all met for dep_context=requeueable deps ti=<TaskInstance: telegram_bot_dag.run_bot_notebook scheduled__2024-10-23T00:29:00+00:00 [queued]>
[2024-10-23T00:37:13.104+0000] {taskinstance.py:1331} INFO - Starting attempt 1 of 2
[2024-10-23T00:37:13.165+0000] {taskinstance.py:1350} INFO - Executing <Task(PythonOperator): run_bot_notebook> on 2024-10-23 00:29:00+00:00
[2024-10-23T00:37:13.169+0000] {standard_task_runner.py:57} INFO - Started process 262 to run task
[2024-10-23T00:37:13.172+0000] {standard_task_runner.py:84} INFO - Running: ['***', 'tasks', 'run', 'telegram_bot_dag', 'run_bot_notebook', 'scheduled__2024-10-23T00:29:00+00:00', '--job-id', '196', '--raw', '--subdir', 'DAGS_FOLDER/bot_dag.py', '--cfg-path', '/tmp/tmpamoq7qj3']
[2024-10-23T00:37:13.179+0000] {standard_task_runner.py:85} INFO - Job 196: Subtask run_bot_notebook
[2024-10-23T00:37:13.319+0000] {task_command.py:410} INFO - Running <TaskInstance: telegram_bot_dag.run_bot_notebook scheduled__2024-10-23T00:29:00+00:00 [running]> on host bf7c1478f077
[2024-10-23T00:37:13.498+0000] {taskinstance.py:1570} INFO - Exporting env vars: AIRFLOW_CTX_DAG_OWNER='***' AIRFLOW_CTX_DAG_ID='telegram_bot_dag' AIRFLOW_CTX_TASK_ID='run_bot_notebook' AIRFLOW_CTX_EXECUTION_DATE='2024-10-23T00:29:00+00:00' AIRFLOW_CTX_TRY_NUMBER='1' AIRFLOW_CTX_DAG_RUN_ID='scheduled__2024-10-23T00:29:00+00:00'
[2024-10-23T00:37:13.556+0000] {python.py:183} INFO - Done. Returned value was: None
[2024-10-23T00:37:13.594+0000] {taskinstance.py:1373} INFO - Marking task as SUCCESS. dag_id=telegram_bot_dag, task_id=run_bot_notebook, execution_date=20241023T002900, start_date=20241023T003713, end_date=20241023T003713
[2024-10-23T00:37:13.647+0000] {local_task_job_runner.py:232} INFO - Task exited with return code 0
[2024-10-23T00:37:13.679+0000] {taskinstance.py:2674} INFO - 0 downstream tasks scheduled from follow-on schedule check
