[2024-10-30T00:06:23.954+0000] {processor.py:156} INFO - Started process (PID=55855) to work on /opt/airflow/dags/bot_dag.py
[2024-10-30T00:06:23.956+0000] {processor.py:799} INFO - Processing file /opt/airflow/dags/bot_dag.py for tasks to queue
[2024-10-30T00:06:23.957+0000] {logging_mixin.py:149} INFO - [2024-10-30T00:06:23.956+0000] {dagbag.py:541} INFO - Filling up the DagBag from /opt/airflow/dags/bot_dag.py
[2024-10-30T00:06:24.010+0000] {processor.py:809} INFO - DAG(s) dict_keys(['bot_dag']) retrieved from /opt/airflow/dags/bot_dag.py
[2024-10-30T00:06:24.083+0000] {logging_mixin.py:149} INFO - [2024-10-30T00:06:24.083+0000] {dag.py:2726} INFO - Sync 1 DAGs
[2024-10-30T00:06:24.141+0000] {logging_mixin.py:149} INFO - [2024-10-30T00:06:24.141+0000] {dag.py:3490} INFO - Setting next_dagrun for bot_dag to 2024-10-29T23:58:00+00:00, run_after=2024-10-29T23:59:00+00:00
[2024-10-30T00:06:24.209+0000] {processor.py:178} INFO - Processing /opt/airflow/dags/bot_dag.py took 0.263 seconds
[2024-10-30T00:06:54.353+0000] {processor.py:156} INFO - Started process (PID=55899) to work on /opt/airflow/dags/bot_dag.py
[2024-10-30T00:06:54.354+0000] {processor.py:799} INFO - Processing file /opt/airflow/dags/bot_dag.py for tasks to queue
[2024-10-30T00:06:54.355+0000] {logging_mixin.py:149} INFO - [2024-10-30T00:06:54.355+0000] {dagbag.py:541} INFO - Filling up the DagBag from /opt/airflow/dags/bot_dag.py
[2024-10-30T00:06:54.367+0000] {processor.py:809} INFO - DAG(s) dict_keys(['bot_dag']) retrieved from /opt/airflow/dags/bot_dag.py
[2024-10-30T00:06:54.398+0000] {logging_mixin.py:149} INFO - [2024-10-30T00:06:54.398+0000] {dag.py:2726} INFO - Sync 1 DAGs
[2024-10-30T00:06:54.420+0000] {logging_mixin.py:149} INFO - [2024-10-30T00:06:54.420+0000] {dag.py:3490} INFO - Setting next_dagrun for bot_dag to 2024-10-30T00:06:00+00:00, run_after=2024-10-30T00:07:00+00:00
[2024-10-30T00:06:54.430+0000] {processor.py:178} INFO - Processing /opt/airflow/dags/bot_dag.py took 0.083 seconds
[2024-10-30T00:07:24.743+0000] {processor.py:156} INFO - Started process (PID=55907) to work on /opt/airflow/dags/bot_dag.py
[2024-10-30T00:07:24.744+0000] {processor.py:799} INFO - Processing file /opt/airflow/dags/bot_dag.py for tasks to queue
[2024-10-30T00:07:24.745+0000] {logging_mixin.py:149} INFO - [2024-10-30T00:07:24.745+0000] {dagbag.py:541} INFO - Filling up the DagBag from /opt/airflow/dags/bot_dag.py
[2024-10-30T00:07:24.756+0000] {processor.py:809} INFO - DAG(s) dict_keys(['bot_dag']) retrieved from /opt/airflow/dags/bot_dag.py
[2024-10-30T00:07:24.786+0000] {logging_mixin.py:149} INFO - [2024-10-30T00:07:24.786+0000] {dag.py:2726} INFO - Sync 1 DAGs
[2024-10-30T00:07:24.806+0000] {logging_mixin.py:149} INFO - [2024-10-30T00:07:24.805+0000] {dag.py:3490} INFO - Setting next_dagrun for bot_dag to 2024-10-30T00:07:00+00:00, run_after=2024-10-30T00:08:00+00:00
[2024-10-30T00:07:24.816+0000] {processor.py:178} INFO - Processing /opt/airflow/dags/bot_dag.py took 0.077 seconds
[2024-10-30T00:22:57.519+0000] {processor.py:156} INFO - Started process (PID=55912) to work on /opt/airflow/dags/bot_dag.py
[2024-10-30T00:22:57.520+0000] {processor.py:799} INFO - Processing file /opt/airflow/dags/bot_dag.py for tasks to queue
[2024-10-30T00:22:57.521+0000] {logging_mixin.py:149} INFO - [2024-10-30T00:22:57.521+0000] {dagbag.py:541} INFO - Filling up the DagBag from /opt/airflow/dags/bot_dag.py
[2024-10-30T00:22:57.532+0000] {processor.py:809} INFO - DAG(s) dict_keys(['bot_dag']) retrieved from /opt/airflow/dags/bot_dag.py
[2024-10-30T00:22:57.560+0000] {logging_mixin.py:149} INFO - [2024-10-30T00:22:57.560+0000] {dag.py:2726} INFO - Sync 1 DAGs
[2024-10-30T00:22:57.580+0000] {logging_mixin.py:149} INFO - [2024-10-30T00:22:57.580+0000] {dag.py:3490} INFO - Setting next_dagrun for bot_dag to 2024-10-30T00:07:00+00:00, run_after=2024-10-30T00:08:00+00:00
[2024-10-30T00:22:57.590+0000] {processor.py:178} INFO - Processing /opt/airflow/dags/bot_dag.py took 0.074 seconds
[2024-10-30T00:23:27.945+0000] {processor.py:156} INFO - Started process (PID=55967) to work on /opt/airflow/dags/bot_dag.py
[2024-10-30T00:23:27.946+0000] {processor.py:799} INFO - Processing file /opt/airflow/dags/bot_dag.py for tasks to queue
[2024-10-30T00:23:27.947+0000] {logging_mixin.py:149} INFO - [2024-10-30T00:23:27.947+0000] {dagbag.py:541} INFO - Filling up the DagBag from /opt/airflow/dags/bot_dag.py
[2024-10-30T00:23:27.959+0000] {processor.py:809} INFO - DAG(s) dict_keys(['bot_dag']) retrieved from /opt/airflow/dags/bot_dag.py
[2024-10-30T00:23:27.988+0000] {logging_mixin.py:149} INFO - [2024-10-30T00:23:27.988+0000] {dag.py:2726} INFO - Sync 1 DAGs
[2024-10-30T00:23:28.010+0000] {logging_mixin.py:149} INFO - [2024-10-30T00:23:28.010+0000] {dag.py:3490} INFO - Setting next_dagrun for bot_dag to 2024-10-30T00:23:00+00:00, run_after=2024-10-30T00:24:00+00:00
[2024-10-30T00:23:28.020+0000] {processor.py:178} INFO - Processing /opt/airflow/dags/bot_dag.py took 0.079 seconds
[2024-10-30T00:23:58.350+0000] {processor.py:156} INFO - Started process (PID=55972) to work on /opt/airflow/dags/bot_dag.py
[2024-10-30T00:23:58.351+0000] {processor.py:799} INFO - Processing file /opt/airflow/dags/bot_dag.py for tasks to queue
[2024-10-30T00:23:58.352+0000] {logging_mixin.py:149} INFO - [2024-10-30T00:23:58.352+0000] {dagbag.py:541} INFO - Filling up the DagBag from /opt/airflow/dags/bot_dag.py
[2024-10-30T00:23:58.364+0000] {processor.py:809} INFO - DAG(s) dict_keys(['bot_dag']) retrieved from /opt/airflow/dags/bot_dag.py
[2024-10-30T00:23:58.393+0000] {logging_mixin.py:149} INFO - [2024-10-30T00:23:58.393+0000] {dag.py:2726} INFO - Sync 1 DAGs
[2024-10-30T00:23:58.414+0000] {logging_mixin.py:149} INFO - [2024-10-30T00:23:58.414+0000] {dag.py:3490} INFO - Setting next_dagrun for bot_dag to 2024-10-30T00:23:00+00:00, run_after=2024-10-30T00:24:00+00:00
[2024-10-30T00:23:58.425+0000] {processor.py:178} INFO - Processing /opt/airflow/dags/bot_dag.py took 0.080 seconds
[2024-10-30T00:39:52.849+0000] {processor.py:156} INFO - Started process (PID=55980) to work on /opt/airflow/dags/bot_dag.py
[2024-10-30T00:39:52.851+0000] {processor.py:799} INFO - Processing file /opt/airflow/dags/bot_dag.py for tasks to queue
[2024-10-30T00:39:52.852+0000] {logging_mixin.py:149} INFO - [2024-10-30T00:39:52.852+0000] {dagbag.py:541} INFO - Filling up the DagBag from /opt/airflow/dags/bot_dag.py
[2024-10-30T00:39:52.876+0000] {processor.py:809} INFO - DAG(s) dict_keys(['bot_dag']) retrieved from /opt/airflow/dags/bot_dag.py
[2024-10-30T00:39:52.935+0000] {logging_mixin.py:149} INFO - [2024-10-30T00:39:52.935+0000] {dag.py:2726} INFO - Sync 1 DAGs
[2024-10-30T00:39:52.974+0000] {logging_mixin.py:149} INFO - [2024-10-30T00:39:52.974+0000] {dag.py:3490} INFO - Setting next_dagrun for bot_dag to 2024-10-30T00:26:00+00:00, run_after=2024-10-30T00:27:00+00:00
[2024-10-30T00:39:53.019+0000] {processor.py:178} INFO - Processing /opt/airflow/dags/bot_dag.py took 0.177 seconds
[2024-10-30T00:40:23.205+0000] {processor.py:156} INFO - Started process (PID=56033) to work on /opt/airflow/dags/bot_dag.py
[2024-10-30T00:40:23.206+0000] {processor.py:799} INFO - Processing file /opt/airflow/dags/bot_dag.py for tasks to queue
[2024-10-30T00:40:23.206+0000] {logging_mixin.py:149} INFO - [2024-10-30T00:40:23.206+0000] {dagbag.py:541} INFO - Filling up the DagBag from /opt/airflow/dags/bot_dag.py
[2024-10-30T00:40:23.215+0000] {processor.py:809} INFO - DAG(s) dict_keys(['bot_dag']) retrieved from /opt/airflow/dags/bot_dag.py
[2024-10-30T00:40:23.239+0000] {logging_mixin.py:149} INFO - [2024-10-30T00:40:23.239+0000] {dag.py:2726} INFO - Sync 1 DAGs
[2024-10-30T00:40:23.261+0000] {logging_mixin.py:149} INFO - [2024-10-30T00:40:23.261+0000] {dag.py:3490} INFO - Setting next_dagrun for bot_dag to 2024-10-30T00:40:00+00:00, run_after=2024-10-30T00:41:00+00:00
[2024-10-30T00:40:23.274+0000] {processor.py:178} INFO - Processing /opt/airflow/dags/bot_dag.py took 0.071 seconds
[2024-10-30T00:44:34.406+0000] {processor.py:156} INFO - Started process (PID=56038) to work on /opt/airflow/dags/bot_dag.py
[2024-10-30T00:44:34.408+0000] {processor.py:799} INFO - Processing file /opt/airflow/dags/bot_dag.py for tasks to queue
[2024-10-30T00:44:34.409+0000] {logging_mixin.py:149} INFO - [2024-10-30T00:44:34.408+0000] {dagbag.py:541} INFO - Filling up the DagBag from /opt/airflow/dags/bot_dag.py
[2024-10-30T00:44:34.420+0000] {processor.py:809} INFO - DAG(s) dict_keys(['bot_dag']) retrieved from /opt/airflow/dags/bot_dag.py
[2024-10-30T00:44:34.451+0000] {logging_mixin.py:149} INFO - [2024-10-30T00:44:34.451+0000] {dag.py:2726} INFO - Sync 1 DAGs
[2024-10-30T00:44:34.471+0000] {logging_mixin.py:149} INFO - [2024-10-30T00:44:34.471+0000] {dag.py:3490} INFO - Setting next_dagrun for bot_dag to 2024-10-30T00:40:00+00:00, run_after=2024-10-30T00:41:00+00:00
[2024-10-30T00:44:34.487+0000] {processor.py:178} INFO - Processing /opt/airflow/dags/bot_dag.py took 0.086 seconds
[2024-10-30T00:45:04.857+0000] {processor.py:156} INFO - Started process (PID=56058) to work on /opt/airflow/dags/bot_dag.py
[2024-10-30T00:45:04.858+0000] {processor.py:799} INFO - Processing file /opt/airflow/dags/bot_dag.py for tasks to queue
[2024-10-30T00:45:04.859+0000] {logging_mixin.py:149} INFO - [2024-10-30T00:45:04.859+0000] {dagbag.py:541} INFO - Filling up the DagBag from /opt/airflow/dags/bot_dag.py
[2024-10-30T00:45:04.871+0000] {processor.py:809} INFO - DAG(s) dict_keys(['bot_dag']) retrieved from /opt/airflow/dags/bot_dag.py
[2024-10-30T00:45:04.900+0000] {logging_mixin.py:149} INFO - [2024-10-30T00:45:04.900+0000] {dag.py:2726} INFO - Sync 1 DAGs
[2024-10-30T00:45:04.920+0000] {logging_mixin.py:149} INFO - [2024-10-30T00:45:04.920+0000] {dag.py:3490} INFO - Setting next_dagrun for bot_dag to 2024-10-30T00:45:00+00:00, run_after=2024-10-30T00:46:00+00:00
[2024-10-30T00:45:04.931+0000] {processor.py:178} INFO - Processing /opt/airflow/dags/bot_dag.py took 0.079 seconds
[2024-10-30T00:49:47.333+0000] {processor.py:156} INFO - Started process (PID=56063) to work on /opt/airflow/dags/bot_dag.py
[2024-10-30T00:49:47.335+0000] {processor.py:799} INFO - Processing file /opt/airflow/dags/bot_dag.py for tasks to queue
[2024-10-30T00:49:47.335+0000] {logging_mixin.py:149} INFO - [2024-10-30T00:49:47.335+0000] {dagbag.py:541} INFO - Filling up the DagBag from /opt/airflow/dags/bot_dag.py
[2024-10-30T00:49:47.348+0000] {processor.py:809} INFO - DAG(s) dict_keys(['bot_dag']) retrieved from /opt/airflow/dags/bot_dag.py
[2024-10-30T00:49:47.375+0000] {logging_mixin.py:149} INFO - [2024-10-30T00:49:47.375+0000] {dag.py:2726} INFO - Sync 1 DAGs
[2024-10-30T00:49:47.397+0000] {logging_mixin.py:149} INFO - [2024-10-30T00:49:47.397+0000] {dag.py:3490} INFO - Setting next_dagrun for bot_dag to 2024-10-30T00:45:00+00:00, run_after=2024-10-30T00:46:00+00:00
[2024-10-30T00:49:47.407+0000] {processor.py:178} INFO - Processing /opt/airflow/dags/bot_dag.py took 0.078 seconds
[2024-10-30T00:50:17.846+0000] {processor.py:156} INFO - Started process (PID=56083) to work on /opt/airflow/dags/bot_dag.py
[2024-10-30T00:50:17.848+0000] {processor.py:799} INFO - Processing file /opt/airflow/dags/bot_dag.py for tasks to queue
[2024-10-30T00:50:17.849+0000] {logging_mixin.py:149} INFO - [2024-10-30T00:50:17.849+0000] {dagbag.py:541} INFO - Filling up the DagBag from /opt/airflow/dags/bot_dag.py
[2024-10-30T00:50:17.865+0000] {processor.py:809} INFO - DAG(s) dict_keys(['bot_dag']) retrieved from /opt/airflow/dags/bot_dag.py
[2024-10-30T00:50:17.897+0000] {logging_mixin.py:149} INFO - [2024-10-30T00:50:17.897+0000] {dag.py:2726} INFO - Sync 1 DAGs
[2024-10-30T00:50:17.919+0000] {logging_mixin.py:149} INFO - [2024-10-30T00:50:17.919+0000] {dag.py:3490} INFO - Setting next_dagrun for bot_dag to 2024-10-30T00:50:00+00:00, run_after=2024-10-30T00:51:00+00:00
[2024-10-30T00:50:17.929+0000] {processor.py:178} INFO - Processing /opt/airflow/dags/bot_dag.py took 0.089 seconds
[2024-10-30T00:53:21.199+0000] {processor.py:156} INFO - Started process (PID=56096) to work on /opt/airflow/dags/bot_dag.py
[2024-10-30T00:53:21.204+0000] {processor.py:799} INFO - Processing file /opt/airflow/dags/bot_dag.py for tasks to queue
[2024-10-30T00:53:21.206+0000] {logging_mixin.py:149} INFO - [2024-10-30T00:53:21.206+0000] {dagbag.py:541} INFO - Filling up the DagBag from /opt/airflow/dags/bot_dag.py
[2024-10-30T00:53:21.231+0000] {processor.py:809} INFO - DAG(s) dict_keys(['bot_dag']) retrieved from /opt/airflow/dags/bot_dag.py
[2024-10-30T00:53:21.289+0000] {logging_mixin.py:149} INFO - [2024-10-30T00:53:21.289+0000] {dag.py:2726} INFO - Sync 1 DAGs
[2024-10-30T00:53:21.364+0000] {logging_mixin.py:149} INFO - [2024-10-30T00:53:21.364+0000] {dag.py:3490} INFO - Setting next_dagrun for bot_dag to 2024-10-30T00:53:00+00:00, run_after=2024-10-30T00:54:00+00:00
[2024-10-30T00:53:21.417+0000] {processor.py:178} INFO - Processing /opt/airflow/dags/bot_dag.py took 0.224 seconds
[2024-10-30T00:53:51.614+0000] {processor.py:156} INFO - Started process (PID=56104) to work on /opt/airflow/dags/bot_dag.py
[2024-10-30T00:53:51.615+0000] {processor.py:799} INFO - Processing file /opt/airflow/dags/bot_dag.py for tasks to queue
[2024-10-30T00:53:51.616+0000] {logging_mixin.py:149} INFO - [2024-10-30T00:53:51.616+0000] {dagbag.py:541} INFO - Filling up the DagBag from /opt/airflow/dags/bot_dag.py
[2024-10-30T00:53:51.629+0000] {processor.py:809} INFO - DAG(s) dict_keys(['bot_dag']) retrieved from /opt/airflow/dags/bot_dag.py
[2024-10-30T00:53:51.659+0000] {logging_mixin.py:149} INFO - [2024-10-30T00:53:51.659+0000] {dag.py:2726} INFO - Sync 1 DAGs
[2024-10-30T00:53:51.679+0000] {logging_mixin.py:149} INFO - [2024-10-30T00:53:51.679+0000] {dag.py:3490} INFO - Setting next_dagrun for bot_dag to 2024-10-30T00:53:00+00:00, run_after=2024-10-30T00:54:00+00:00
[2024-10-30T00:53:51.690+0000] {processor.py:178} INFO - Processing /opt/airflow/dags/bot_dag.py took 0.082 seconds
