[2024-10-23T00:27:01.258+0000] {taskinstance.py:1125} INFO - Dependencies all met for dep_context=non-requeueable deps ti=<TaskInstance: telegram_bot_dag.run_bot_notebook scheduled__2024-10-23T00:26:00+00:00 [queued]>
[2024-10-23T00:27:01.263+0000] {taskinstance.py:1125} INFO - Dependencies all met for dep_context=requeueable deps ti=<TaskInstance: telegram_bot_dag.run_bot_notebook scheduled__2024-10-23T00:26:00+00:00 [queued]>
[2024-10-23T00:27:01.263+0000] {taskinstance.py:1331} INFO - Starting attempt 1 of 2
[2024-10-23T00:27:01.271+0000] {taskinstance.py:1350} INFO - Executing <Task(PythonOperator): run_bot_notebook> on 2024-10-23 00:26:00+00:00
[2024-10-23T00:27:01.273+0000] {standard_task_runner.py:57} INFO - Started process 403 to run task
[2024-10-23T00:27:01.275+0000] {standard_task_runner.py:84} INFO - Running: ['***', 'tasks', 'run', 'telegram_bot_dag', 'run_bot_notebook', 'scheduled__2024-10-23T00:26:00+00:00', '--job-id', '153', '--raw', '--subdir', 'DAGS_FOLDER/bot_dag.py', '--cfg-path', '/tmp/tmpk262lb6x']
[2024-10-23T00:27:01.276+0000] {standard_task_runner.py:85} INFO - Job 153: Subtask run_bot_notebook
[2024-10-23T00:27:01.307+0000] {task_command.py:410} INFO - Running <TaskInstance: telegram_bot_dag.run_bot_notebook scheduled__2024-10-23T00:26:00+00:00 [running]> on host 1e5799c660d9
[2024-10-23T00:27:01.363+0000] {taskinstance.py:1570} INFO - Exporting env vars: AIRFLOW_CTX_DAG_OWNER='***' AIRFLOW_CTX_DAG_ID='telegram_bot_dag' AIRFLOW_CTX_TASK_ID='run_bot_notebook' AIRFLOW_CTX_EXECUTION_DATE='2024-10-23T00:26:00+00:00' AIRFLOW_CTX_TRY_NUMBER='1' AIRFLOW_CTX_DAG_RUN_ID='scheduled__2024-10-23T00:26:00+00:00'
[2024-10-23T00:27:01.412+0000] {python.py:183} INFO - Done. Returned value was: None
[2024-10-23T00:27:01.420+0000] {taskinstance.py:1373} INFO - Marking task as SUCCESS. dag_id=telegram_bot_dag, task_id=run_bot_notebook, execution_date=20241023T002600, start_date=20241023T002701, end_date=20241023T002701
[2024-10-23T00:27:01.455+0000] {local_task_job_runner.py:232} INFO - Task exited with return code 0
[2024-10-23T00:27:01.468+0000] {taskinstance.py:2674} INFO - 0 downstream tasks scheduled from follow-on schedule check
[2024-10-23T00:37:09.244+0000] {taskinstance.py:1125} INFO - Dependencies all met for dep_context=non-requeueable deps ti=<TaskInstance: telegram_bot_dag.run_bot_notebook scheduled__2024-10-23T00:26:00+00:00 [queued]>
[2024-10-23T00:37:09.253+0000] {taskinstance.py:1125} INFO - Dependencies all met for dep_context=requeueable deps ti=<TaskInstance: telegram_bot_dag.run_bot_notebook scheduled__2024-10-23T00:26:00+00:00 [queued]>
[2024-10-23T00:37:09.254+0000] {taskinstance.py:1331} INFO - Starting attempt 1 of 2
[2024-10-23T00:37:09.268+0000] {taskinstance.py:1350} INFO - Executing <Task(PythonOperator): run_bot_notebook> on 2024-10-23 00:26:00+00:00
[2024-10-23T00:37:09.271+0000] {standard_task_runner.py:57} INFO - Started process 246 to run task
[2024-10-23T00:37:09.274+0000] {standard_task_runner.py:84} INFO - Running: ['***', 'tasks', 'run', 'telegram_bot_dag', 'run_bot_notebook', 'scheduled__2024-10-23T00:26:00+00:00', '--job-id', '193', '--raw', '--subdir', 'DAGS_FOLDER/bot_dag.py', '--cfg-path', '/tmp/tmpy1q3fboh']
[2024-10-23T00:37:09.276+0000] {standard_task_runner.py:85} INFO - Job 193: Subtask run_bot_notebook
[2024-10-23T00:37:09.379+0000] {task_command.py:410} INFO - Running <TaskInstance: telegram_bot_dag.run_bot_notebook scheduled__2024-10-23T00:26:00+00:00 [running]> on host bf7c1478f077
[2024-10-23T00:37:09.528+0000] {taskinstance.py:1570} INFO - Exporting env vars: AIRFLOW_CTX_DAG_OWNER='***' AIRFLOW_CTX_DAG_ID='telegram_bot_dag' AIRFLOW_CTX_TASK_ID='run_bot_notebook' AIRFLOW_CTX_EXECUTION_DATE='2024-10-23T00:26:00+00:00' AIRFLOW_CTX_TRY_NUMBER='1' AIRFLOW_CTX_DAG_RUN_ID='scheduled__2024-10-23T00:26:00+00:00'
[2024-10-23T00:37:09.588+0000] {python.py:183} INFO - Done. Returned value was: None
[2024-10-23T00:37:09.603+0000] {taskinstance.py:1373} INFO - Marking task as SUCCESS. dag_id=telegram_bot_dag, task_id=run_bot_notebook, execution_date=20241023T002600, start_date=20241023T003709, end_date=20241023T003709
[2024-10-23T00:37:09.625+0000] {local_task_job_runner.py:232} INFO - Task exited with return code 0
[2024-10-23T00:37:09.641+0000] {taskinstance.py:2674} INFO - 0 downstream tasks scheduled from follow-on schedule check
