[2024-10-23T00:32:00.978+0000] {taskinstance.py:1125} INFO - Dependencies all met for dep_context=non-requeueable deps ti=<TaskInstance: telegram_bot_dag.run_bot_notebook scheduled__2024-10-23T00:31:00+00:00 [queued]>
[2024-10-23T00:32:00.985+0000] {taskinstance.py:1125} INFO - Dependencies all met for dep_context=requeueable deps ti=<TaskInstance: telegram_bot_dag.run_bot_notebook scheduled__2024-10-23T00:31:00+00:00 [queued]>
[2024-10-23T00:32:00.986+0000] {taskinstance.py:1331} INFO - Starting attempt 1 of 2
[2024-10-23T00:32:00.993+0000] {taskinstance.py:1350} INFO - Executing <Task(PythonOperator): run_bot_notebook> on 2024-10-23 00:31:00+00:00
[2024-10-23T00:32:00.995+0000] {standard_task_runner.py:57} INFO - Started process 219 to run task
[2024-10-23T00:32:00.998+0000] {standard_task_runner.py:84} INFO - Running: ['***', 'tasks', 'run', 'telegram_bot_dag', 'run_bot_notebook', 'scheduled__2024-10-23T00:31:00+00:00', '--job-id', '161', '--raw', '--subdir', 'DAGS_FOLDER/bot_dag.py', '--cfg-path', '/tmp/tmpbnka2pio']
[2024-10-23T00:32:00.999+0000] {standard_task_runner.py:85} INFO - Job 161: Subtask run_bot_notebook
[2024-10-23T00:32:01.033+0000] {task_command.py:410} INFO - Running <TaskInstance: telegram_bot_dag.run_bot_notebook scheduled__2024-10-23T00:31:00+00:00 [running]> on host 34f05a89433a
[2024-10-23T00:32:01.087+0000] {taskinstance.py:1570} INFO - Exporting env vars: AIRFLOW_CTX_DAG_OWNER='***' AIRFLOW_CTX_DAG_ID='telegram_bot_dag' AIRFLOW_CTX_TASK_ID='run_bot_notebook' AIRFLOW_CTX_EXECUTION_DATE='2024-10-23T00:31:00+00:00' AIRFLOW_CTX_TRY_NUMBER='1' AIRFLOW_CTX_DAG_RUN_ID='scheduled__2024-10-23T00:31:00+00:00'
[2024-10-23T00:32:01.146+0000] {python.py:183} INFO - Done. Returned value was: None
[2024-10-23T00:32:01.154+0000] {taskinstance.py:1373} INFO - Marking task as SUCCESS. dag_id=telegram_bot_dag, task_id=run_bot_notebook, execution_date=20241023T003100, start_date=20241023T003200, end_date=20241023T003201
[2024-10-23T00:32:01.179+0000] {local_task_job_runner.py:232} INFO - Task exited with return code 0
[2024-10-23T00:32:01.193+0000] {taskinstance.py:2674} INFO - 0 downstream tasks scheduled from follow-on schedule check
[2024-10-23T00:37:13.223+0000] {taskinstance.py:1125} INFO - Dependencies all met for dep_context=non-requeueable deps ti=<TaskInstance: telegram_bot_dag.run_bot_notebook scheduled__2024-10-23T00:31:00+00:00 [queued]>
[2024-10-23T00:37:13.234+0000] {taskinstance.py:1125} INFO - Dependencies all met for dep_context=requeueable deps ti=<TaskInstance: telegram_bot_dag.run_bot_notebook scheduled__2024-10-23T00:31:00+00:00 [queued]>
[2024-10-23T00:37:13.235+0000] {taskinstance.py:1331} INFO - Starting attempt 1 of 2
[2024-10-23T00:37:13.264+0000] {taskinstance.py:1350} INFO - Executing <Task(PythonOperator): run_bot_notebook> on 2024-10-23 00:31:00+00:00
[2024-10-23T00:37:13.274+0000] {standard_task_runner.py:57} INFO - Started process 265 to run task
[2024-10-23T00:37:13.275+0000] {standard_task_runner.py:84} INFO - Running: ['***', 'tasks', 'run', 'telegram_bot_dag', 'run_bot_notebook', 'scheduled__2024-10-23T00:31:00+00:00', '--job-id', '198', '--raw', '--subdir', 'DAGS_FOLDER/bot_dag.py', '--cfg-path', '/tmp/tmp5ab1w508']
[2024-10-23T00:37:13.277+0000] {standard_task_runner.py:85} INFO - Job 198: Subtask run_bot_notebook
[2024-10-23T00:37:13.401+0000] {task_command.py:410} INFO - Running <TaskInstance: telegram_bot_dag.run_bot_notebook scheduled__2024-10-23T00:31:00+00:00 [running]> on host bf7c1478f077
[2024-10-23T00:37:13.571+0000] {taskinstance.py:1570} INFO - Exporting env vars: AIRFLOW_CTX_DAG_OWNER='***' AIRFLOW_CTX_DAG_ID='telegram_bot_dag' AIRFLOW_CTX_TASK_ID='run_bot_notebook' AIRFLOW_CTX_EXECUTION_DATE='2024-10-23T00:31:00+00:00' AIRFLOW_CTX_TRY_NUMBER='1' AIRFLOW_CTX_DAG_RUN_ID='scheduled__2024-10-23T00:31:00+00:00'
[2024-10-23T00:37:13.629+0000] {python.py:183} INFO - Done. Returned value was: None
[2024-10-23T00:37:13.649+0000] {taskinstance.py:1373} INFO - Marking task as SUCCESS. dag_id=telegram_bot_dag, task_id=run_bot_notebook, execution_date=20241023T003100, start_date=20241023T003713, end_date=20241023T003713
[2024-10-23T00:37:13.670+0000] {local_task_job_runner.py:232} INFO - Task exited with return code 0
[2024-10-23T00:37:13.714+0000] {taskinstance.py:2674} INFO - 0 downstream tasks scheduled from follow-on schedule check
