[2024-10-23T00:06:01.035+0000] {taskinstance.py:1125} INFO - Dependencies all met for dep_context=non-requeueable deps ti=<TaskInstance: telegram_bot_dag.run_bot_notebook scheduled__2024-10-23T00:05:00+00:00 [queued]>
[2024-10-23T00:06:01.041+0000] {taskinstance.py:1125} INFO - Dependencies all met for dep_context=requeueable deps ti=<TaskInstance: telegram_bot_dag.run_bot_notebook scheduled__2024-10-23T00:05:00+00:00 [queued]>
[2024-10-23T00:06:01.041+0000] {taskinstance.py:1331} INFO - Starting attempt 1 of 2
[2024-10-23T00:06:01.050+0000] {taskinstance.py:1350} INFO - Executing <Task(PythonOperator): run_bot_notebook> on 2024-10-23 00:05:00+00:00
[2024-10-23T00:06:01.053+0000] {standard_task_runner.py:57} INFO - Started process 174 to run task
[2024-10-23T00:06:01.056+0000] {standard_task_runner.py:84} INFO - Running: ['***', 'tasks', 'run', 'telegram_bot_dag', 'run_bot_notebook', 'scheduled__2024-10-23T00:05:00+00:00', '--job-id', '116', '--raw', '--subdir', 'DAGS_FOLDER/bot_dag.py', '--cfg-path', '/tmp/tmpp_r1gpis']
[2024-10-23T00:06:01.057+0000] {standard_task_runner.py:85} INFO - Job 116: Subtask run_bot_notebook
[2024-10-23T00:06:01.096+0000] {task_command.py:410} INFO - Running <TaskInstance: telegram_bot_dag.run_bot_notebook scheduled__2024-10-23T00:05:00+00:00 [running]> on host 94def7ef4154
[2024-10-23T00:06:01.157+0000] {taskinstance.py:1570} INFO - Exporting env vars: AIRFLOW_CTX_DAG_OWNER='***' AIRFLOW_CTX_DAG_ID='telegram_bot_dag' AIRFLOW_CTX_TASK_ID='run_bot_notebook' AIRFLOW_CTX_EXECUTION_DATE='2024-10-23T00:05:00+00:00' AIRFLOW_CTX_TRY_NUMBER='1' AIRFLOW_CTX_DAG_RUN_ID='scheduled__2024-10-23T00:05:00+00:00'
[2024-10-23T00:06:01.209+0000] {python.py:183} INFO - Done. Returned value was: None
[2024-10-23T00:06:01.218+0000] {taskinstance.py:1373} INFO - Marking task as SUCCESS. dag_id=telegram_bot_dag, task_id=run_bot_notebook, execution_date=20241023T000500, start_date=20241023T000601, end_date=20241023T000601
[2024-10-23T00:06:01.239+0000] {local_task_job_runner.py:232} INFO - Task exited with return code 0
[2024-10-23T00:06:01.252+0000] {taskinstance.py:2674} INFO - 0 downstream tasks scheduled from follow-on schedule check
[2024-10-23T00:13:31.078+0000] {taskinstance.py:1125} INFO - Dependencies all met for dep_context=non-requeueable deps ti=<TaskInstance: telegram_bot_dag.run_bot_notebook scheduled__2024-10-23T00:05:00+00:00 [queued]>
[2024-10-23T00:13:31.098+0000] {taskinstance.py:1125} INFO - Dependencies all met for dep_context=requeueable deps ti=<TaskInstance: telegram_bot_dag.run_bot_notebook scheduled__2024-10-23T00:05:00+00:00 [queued]>
[2024-10-23T00:13:31.101+0000] {taskinstance.py:1331} INFO - Starting attempt 1 of 2
[2024-10-23T00:13:31.142+0000] {taskinstance.py:1350} INFO - Executing <Task(PythonOperator): run_bot_notebook> on 2024-10-23 00:05:00+00:00
[2024-10-23T00:13:31.155+0000] {standard_task_runner.py:57} INFO - Started process 198 to run task
[2024-10-23T00:13:31.159+0000] {standard_task_runner.py:84} INFO - Running: ['***', 'tasks', 'run', 'telegram_bot_dag', 'run_bot_notebook', 'scheduled__2024-10-23T00:05:00+00:00', '--job-id', '128', '--raw', '--subdir', 'DAGS_FOLDER/bot_dag.py', '--cfg-path', '/tmp/tmp0l_hg885']
[2024-10-23T00:13:31.170+0000] {standard_task_runner.py:85} INFO - Job 128: Subtask run_bot_notebook
[2024-10-23T00:13:31.474+0000] {task_command.py:410} INFO - Running <TaskInstance: telegram_bot_dag.run_bot_notebook scheduled__2024-10-23T00:05:00+00:00 [running]> on host 1e5799c660d9
[2024-10-23T00:13:31.863+0000] {taskinstance.py:1570} INFO - Exporting env vars: AIRFLOW_CTX_DAG_OWNER='***' AIRFLOW_CTX_DAG_ID='telegram_bot_dag' AIRFLOW_CTX_TASK_ID='run_bot_notebook' AIRFLOW_CTX_EXECUTION_DATE='2024-10-23T00:05:00+00:00' AIRFLOW_CTX_TRY_NUMBER='1' AIRFLOW_CTX_DAG_RUN_ID='scheduled__2024-10-23T00:05:00+00:00'
[2024-10-23T00:13:31.952+0000] {python.py:183} INFO - Done. Returned value was: None
[2024-10-23T00:13:31.989+0000] {taskinstance.py:1373} INFO - Marking task as SUCCESS. dag_id=telegram_bot_dag, task_id=run_bot_notebook, execution_date=20241023T000500, start_date=20241023T001331, end_date=20241023T001331
[2024-10-23T00:13:32.054+0000] {local_task_job_runner.py:232} INFO - Task exited with return code 0
[2024-10-23T00:13:32.101+0000] {taskinstance.py:2674} INFO - 0 downstream tasks scheduled from follow-on schedule check
[2024-10-23T00:37:03.124+0000] {taskinstance.py:1125} INFO - Dependencies all met for dep_context=non-requeueable deps ti=<TaskInstance: telegram_bot_dag.run_bot_notebook scheduled__2024-10-23T00:05:00+00:00 [queued]>
[2024-10-23T00:37:03.142+0000] {taskinstance.py:1125} INFO - Dependencies all met for dep_context=requeueable deps ti=<TaskInstance: telegram_bot_dag.run_bot_notebook scheduled__2024-10-23T00:05:00+00:00 [queued]>
[2024-10-23T00:37:03.144+0000] {taskinstance.py:1331} INFO - Starting attempt 1 of 2
[2024-10-23T00:37:03.184+0000] {taskinstance.py:1350} INFO - Executing <Task(PythonOperator): run_bot_notebook> on 2024-10-23 00:05:00+00:00
[2024-10-23T00:37:03.195+0000] {standard_task_runner.py:57} INFO - Started process 181 to run task
[2024-10-23T00:37:03.226+0000] {standard_task_runner.py:84} INFO - Running: ['***', 'tasks', 'run', 'telegram_bot_dag', 'run_bot_notebook', 'scheduled__2024-10-23T00:05:00+00:00', '--job-id', '170', '--raw', '--subdir', 'DAGS_FOLDER/bot_dag.py', '--cfg-path', '/tmp/tmp5vjlfojq']
[2024-10-23T00:37:03.235+0000] {standard_task_runner.py:85} INFO - Job 170: Subtask run_bot_notebook
[2024-10-23T00:37:03.528+0000] {task_command.py:410} INFO - Running <TaskInstance: telegram_bot_dag.run_bot_notebook scheduled__2024-10-23T00:05:00+00:00 [running]> on host bf7c1478f077
[2024-10-23T00:37:04.110+0000] {taskinstance.py:1570} INFO - Exporting env vars: AIRFLOW_CTX_DAG_OWNER='***' AIRFLOW_CTX_DAG_ID='telegram_bot_dag' AIRFLOW_CTX_TASK_ID='run_bot_notebook' AIRFLOW_CTX_EXECUTION_DATE='2024-10-23T00:05:00+00:00' AIRFLOW_CTX_TRY_NUMBER='1' AIRFLOW_CTX_DAG_RUN_ID='scheduled__2024-10-23T00:05:00+00:00'
[2024-10-23T00:37:04.307+0000] {python.py:183} INFO - Done. Returned value was: None
[2024-10-23T00:37:04.393+0000] {taskinstance.py:1373} INFO - Marking task as SUCCESS. dag_id=telegram_bot_dag, task_id=run_bot_notebook, execution_date=20241023T000500, start_date=20241023T003703, end_date=20241023T003704
[2024-10-23T00:37:04.606+0000] {local_task_job_runner.py:232} INFO - Task exited with return code 0
[2024-10-23T00:37:04.645+0000] {taskinstance.py:2674} INFO - 0 downstream tasks scheduled from follow-on schedule check
