[2024-10-23T00:07:01.172+0000] {taskinstance.py:1125} INFO - Dependencies all met for dep_context=non-requeueable deps ti=<TaskInstance: telegram_bot_dag.run_bot_notebook scheduled__2024-10-23T00:06:00+00:00 [queued]>
[2024-10-23T00:07:01.177+0000] {taskinstance.py:1125} INFO - Dependencies all met for dep_context=requeueable deps ti=<TaskInstance: telegram_bot_dag.run_bot_notebook scheduled__2024-10-23T00:06:00+00:00 [queued]>
[2024-10-23T00:07:01.178+0000] {taskinstance.py:1331} INFO - Starting attempt 1 of 2
[2024-10-23T00:07:01.185+0000] {taskinstance.py:1350} INFO - Executing <Task(PythonOperator): run_bot_notebook> on 2024-10-23 00:06:00+00:00
[2024-10-23T00:07:01.188+0000] {standard_task_runner.py:57} INFO - Started process 187 to run task
[2024-10-23T00:07:01.191+0000] {standard_task_runner.py:84} INFO - Running: ['***', 'tasks', 'run', 'telegram_bot_dag', 'run_bot_notebook', 'scheduled__2024-10-23T00:06:00+00:00', '--job-id', '117', '--raw', '--subdir', 'DAGS_FOLDER/bot_dag.py', '--cfg-path', '/tmp/tmpj894_uoi']
[2024-10-23T00:07:01.195+0000] {standard_task_runner.py:85} INFO - Job 117: Subtask run_bot_notebook
[2024-10-23T00:07:01.230+0000] {task_command.py:410} INFO - Running <TaskInstance: telegram_bot_dag.run_bot_notebook scheduled__2024-10-23T00:06:00+00:00 [running]> on host 94def7ef4154
[2024-10-23T00:07:01.296+0000] {taskinstance.py:1570} INFO - Exporting env vars: AIRFLOW_CTX_DAG_OWNER='***' AIRFLOW_CTX_DAG_ID='telegram_bot_dag' AIRFLOW_CTX_TASK_ID='run_bot_notebook' AIRFLOW_CTX_EXECUTION_DATE='2024-10-23T00:06:00+00:00' AIRFLOW_CTX_TRY_NUMBER='1' AIRFLOW_CTX_DAG_RUN_ID='scheduled__2024-10-23T00:06:00+00:00'
[2024-10-23T00:07:01.350+0000] {python.py:183} INFO - Done. Returned value was: None
[2024-10-23T00:07:01.359+0000] {taskinstance.py:1373} INFO - Marking task as SUCCESS. dag_id=telegram_bot_dag, task_id=run_bot_notebook, execution_date=20241023T000600, start_date=20241023T000701, end_date=20241023T000701
[2024-10-23T00:07:01.378+0000] {local_task_job_runner.py:232} INFO - Task exited with return code 0
[2024-10-23T00:07:01.392+0000] {taskinstance.py:2674} INFO - 0 downstream tasks scheduled from follow-on schedule check
[2024-10-23T00:13:31.222+0000] {taskinstance.py:1125} INFO - Dependencies all met for dep_context=non-requeueable deps ti=<TaskInstance: telegram_bot_dag.run_bot_notebook scheduled__2024-10-23T00:06:00+00:00 [queued]>
[2024-10-23T00:13:31.238+0000] {taskinstance.py:1125} INFO - Dependencies all met for dep_context=requeueable deps ti=<TaskInstance: telegram_bot_dag.run_bot_notebook scheduled__2024-10-23T00:06:00+00:00 [queued]>
[2024-10-23T00:13:31.239+0000] {taskinstance.py:1331} INFO - Starting attempt 1 of 2
[2024-10-23T00:13:31.291+0000] {taskinstance.py:1350} INFO - Executing <Task(PythonOperator): run_bot_notebook> on 2024-10-23 00:06:00+00:00
[2024-10-23T00:13:31.299+0000] {standard_task_runner.py:57} INFO - Started process 199 to run task
[2024-10-23T00:13:31.302+0000] {standard_task_runner.py:84} INFO - Running: ['***', 'tasks', 'run', 'telegram_bot_dag', 'run_bot_notebook', 'scheduled__2024-10-23T00:06:00+00:00', '--job-id', '129', '--raw', '--subdir', 'DAGS_FOLDER/bot_dag.py', '--cfg-path', '/tmp/tmprvvvtuct']
[2024-10-23T00:13:31.308+0000] {standard_task_runner.py:85} INFO - Job 129: Subtask run_bot_notebook
[2024-10-23T00:13:31.656+0000] {task_command.py:410} INFO - Running <TaskInstance: telegram_bot_dag.run_bot_notebook scheduled__2024-10-23T00:06:00+00:00 [running]> on host 1e5799c660d9
[2024-10-23T00:13:31.950+0000] {taskinstance.py:1570} INFO - Exporting env vars: AIRFLOW_CTX_DAG_OWNER='***' AIRFLOW_CTX_DAG_ID='telegram_bot_dag' AIRFLOW_CTX_TASK_ID='run_bot_notebook' AIRFLOW_CTX_EXECUTION_DATE='2024-10-23T00:06:00+00:00' AIRFLOW_CTX_TRY_NUMBER='1' AIRFLOW_CTX_DAG_RUN_ID='scheduled__2024-10-23T00:06:00+00:00'
[2024-10-23T00:13:32.058+0000] {python.py:183} INFO - Done. Returned value was: None
[2024-10-23T00:13:32.084+0000] {taskinstance.py:1373} INFO - Marking task as SUCCESS. dag_id=telegram_bot_dag, task_id=run_bot_notebook, execution_date=20241023T000600, start_date=20241023T001331, end_date=20241023T001332
[2024-10-23T00:13:32.145+0000] {local_task_job_runner.py:232} INFO - Task exited with return code 0
[2024-10-23T00:13:32.186+0000] {taskinstance.py:2674} INFO - 0 downstream tasks scheduled from follow-on schedule check
[2024-10-23T00:37:03.152+0000] {taskinstance.py:1125} INFO - Dependencies all met for dep_context=non-requeueable deps ti=<TaskInstance: telegram_bot_dag.run_bot_notebook scheduled__2024-10-23T00:06:00+00:00 [queued]>
[2024-10-23T00:37:03.181+0000] {taskinstance.py:1125} INFO - Dependencies all met for dep_context=requeueable deps ti=<TaskInstance: telegram_bot_dag.run_bot_notebook scheduled__2024-10-23T00:06:00+00:00 [queued]>
[2024-10-23T00:37:03.183+0000] {taskinstance.py:1331} INFO - Starting attempt 1 of 2
[2024-10-23T00:37:03.358+0000] {taskinstance.py:1350} INFO - Executing <Task(PythonOperator): run_bot_notebook> on 2024-10-23 00:06:00+00:00
[2024-10-23T00:37:03.370+0000] {standard_task_runner.py:57} INFO - Started process 187 to run task
[2024-10-23T00:37:03.377+0000] {standard_task_runner.py:84} INFO - Running: ['***', 'tasks', 'run', 'telegram_bot_dag', 'run_bot_notebook', 'scheduled__2024-10-23T00:06:00+00:00', '--job-id', '173', '--raw', '--subdir', 'DAGS_FOLDER/bot_dag.py', '--cfg-path', '/tmp/tmp4smikngz']
[2024-10-23T00:37:03.401+0000] {standard_task_runner.py:85} INFO - Job 173: Subtask run_bot_notebook
[2024-10-23T00:37:03.764+0000] {task_command.py:410} INFO - Running <TaskInstance: telegram_bot_dag.run_bot_notebook scheduled__2024-10-23T00:06:00+00:00 [running]> on host bf7c1478f077
[2024-10-23T00:37:04.357+0000] {taskinstance.py:1570} INFO - Exporting env vars: AIRFLOW_CTX_DAG_OWNER='***' AIRFLOW_CTX_DAG_ID='telegram_bot_dag' AIRFLOW_CTX_TASK_ID='run_bot_notebook' AIRFLOW_CTX_EXECUTION_DATE='2024-10-23T00:06:00+00:00' AIRFLOW_CTX_TRY_NUMBER='1' AIRFLOW_CTX_DAG_RUN_ID='scheduled__2024-10-23T00:06:00+00:00'
[2024-10-23T00:37:04.450+0000] {python.py:183} INFO - Done. Returned value was: None
[2024-10-23T00:37:04.613+0000] {taskinstance.py:1373} INFO - Marking task as SUCCESS. dag_id=telegram_bot_dag, task_id=run_bot_notebook, execution_date=20241023T000600, start_date=20241023T003703, end_date=20241023T003704
[2024-10-23T00:37:04.660+0000] {local_task_job_runner.py:232} INFO - Task exited with return code 0
[2024-10-23T00:37:04.731+0000] {taskinstance.py:2674} INFO - 0 downstream tasks scheduled from follow-on schedule check
