[2024-10-22T23:46:18.366+0000] {taskinstance.py:1125} INFO - Dependencies all met for dep_context=non-requeueable deps ti=<TaskInstance: telegram_bot_dag.run_bot_notebook scheduled__2024-10-22T00:30:00+00:00 [queued]>
[2024-10-22T23:46:18.377+0000] {taskinstance.py:1125} INFO - Dependencies all met for dep_context=requeueable deps ti=<TaskInstance: telegram_bot_dag.run_bot_notebook scheduled__2024-10-22T00:30:00+00:00 [queued]>
[2024-10-22T23:46:18.377+0000] {taskinstance.py:1331} INFO - Starting attempt 1 of 2
[2024-10-22T23:46:18.390+0000] {taskinstance.py:1350} INFO - Executing <Task(PythonOperator): run_bot_notebook> on 2024-10-22 00:30:00+00:00
[2024-10-22T23:46:18.393+0000] {standard_task_runner.py:57} INFO - Started process 262 to run task
[2024-10-22T23:46:18.395+0000] {standard_task_runner.py:84} INFO - Running: ['***', 'tasks', 'run', 'telegram_bot_dag', 'run_bot_notebook', 'scheduled__2024-10-22T00:30:00+00:00', '--job-id', '54', '--raw', '--subdir', 'DAGS_FOLDER/bot_dag.py', '--cfg-path', '/tmp/tmpv5a1dzuu']
[2024-10-22T23:46:18.399+0000] {standard_task_runner.py:85} INFO - Job 54: Subtask run_bot_notebook
[2024-10-22T23:46:18.461+0000] {task_command.py:410} INFO - Running <TaskInstance: telegram_bot_dag.run_bot_notebook scheduled__2024-10-22T00:30:00+00:00 [running]> on host d27db8213558
[2024-10-22T23:46:18.562+0000] {taskinstance.py:1570} INFO - Exporting env vars: AIRFLOW_CTX_DAG_OWNER='***' AIRFLOW_CTX_DAG_ID='telegram_bot_dag' AIRFLOW_CTX_TASK_ID='run_bot_notebook' AIRFLOW_CTX_EXECUTION_DATE='2024-10-22T00:30:00+00:00' AIRFLOW_CTX_TRY_NUMBER='1' AIRFLOW_CTX_DAG_RUN_ID='scheduled__2024-10-22T00:30:00+00:00'
[2024-10-22T23:46:18.568+0000] {taskinstance.py:1847} ERROR - Task failed with exception
Traceback (most recent call last):
  File "/home/airflow/.local/lib/python3.7/site-packages/airflow/operators/python.py", line 181, in execute
    return_value = self.execute_callable()
  File "/home/airflow/.local/lib/python3.7/site-packages/airflow/operators/python.py", line 198, in execute_callable
    return self.python_callable(*self.op_args, **self.op_kwargs)
  File "/opt/airflow/dags/bot_dag.py", line 8, in run_bot_notebook
    subprocess.run(["jupyter", "nbconvert", "--to", "script", "/path/to/your/notebook/pbot.ipynb"])
  File "/usr/local/lib/python3.7/subprocess.py", line 488, in run
    with Popen(*popenargs, **kwargs) as process:
  File "/usr/local/lib/python3.7/subprocess.py", line 800, in __init__
    restore_signals, start_new_session)
  File "/usr/local/lib/python3.7/subprocess.py", line 1551, in _execute_child
    raise child_exception_type(errno_num, err_msg, err_filename)
PermissionError: [Errno 13] Permission denied: 'jupyter'
[2024-10-22T23:46:18.584+0000] {taskinstance.py:1373} INFO - Marking task as UP_FOR_RETRY. dag_id=telegram_bot_dag, task_id=run_bot_notebook, execution_date=20241022T003000, start_date=20241022T234618, end_date=20241022T234618
[2024-10-22T23:46:18.597+0000] {standard_task_runner.py:109} ERROR - Failed to execute job 54 for task run_bot_notebook ([Errno 13] Permission denied: 'jupyter'; 262)
[2024-10-22T23:46:18.625+0000] {local_task_job_runner.py:232} INFO - Task exited with return code 1
[2024-10-22T23:46:18.642+0000] {taskinstance.py:2674} INFO - 0 downstream tasks scheduled from follow-on schedule check
[2024-10-22T23:46:44.649+0000] {taskinstance.py:1125} INFO - Dependencies all met for dep_context=non-requeueable deps ti=<TaskInstance: telegram_bot_dag.run_bot_notebook scheduled__2024-10-22T00:30:00+00:00 [queued]>
[2024-10-22T23:46:44.654+0000] {taskinstance.py:1125} INFO - Dependencies all met for dep_context=requeueable deps ti=<TaskInstance: telegram_bot_dag.run_bot_notebook scheduled__2024-10-22T00:30:00+00:00 [queued]>
[2024-10-22T23:46:44.654+0000] {taskinstance.py:1331} INFO - Starting attempt 1 of 2
[2024-10-22T23:46:44.663+0000] {taskinstance.py:1350} INFO - Executing <Task(PythonOperator): run_bot_notebook> on 2024-10-22 00:30:00+00:00
[2024-10-22T23:46:44.666+0000] {standard_task_runner.py:57} INFO - Started process 276 to run task
[2024-10-22T23:46:44.669+0000] {standard_task_runner.py:84} INFO - Running: ['***', 'tasks', 'run', 'telegram_bot_dag', 'run_bot_notebook', 'scheduled__2024-10-22T00:30:00+00:00', '--job-id', '56', '--raw', '--subdir', 'DAGS_FOLDER/bot_dag.py', '--cfg-path', '/tmp/tmpysgoqr0m']
[2024-10-22T23:46:44.671+0000] {standard_task_runner.py:85} INFO - Job 56: Subtask run_bot_notebook
[2024-10-22T23:46:44.732+0000] {task_command.py:410} INFO - Running <TaskInstance: telegram_bot_dag.run_bot_notebook scheduled__2024-10-22T00:30:00+00:00 [running]> on host d27db8213558
[2024-10-22T23:46:44.814+0000] {taskinstance.py:1570} INFO - Exporting env vars: AIRFLOW_CTX_DAG_OWNER='***' AIRFLOW_CTX_DAG_ID='telegram_bot_dag' AIRFLOW_CTX_TASK_ID='run_bot_notebook' AIRFLOW_CTX_EXECUTION_DATE='2024-10-22T00:30:00+00:00' AIRFLOW_CTX_TRY_NUMBER='1' AIRFLOW_CTX_DAG_RUN_ID='scheduled__2024-10-22T00:30:00+00:00'
[2024-10-22T23:46:44.825+0000] {taskinstance.py:1847} ERROR - Task failed with exception
Traceback (most recent call last):
  File "/home/airflow/.local/lib/python3.7/site-packages/airflow/operators/python.py", line 181, in execute
    return_value = self.execute_callable()
  File "/home/airflow/.local/lib/python3.7/site-packages/airflow/operators/python.py", line 198, in execute_callable
    return self.python_callable(*self.op_args, **self.op_kwargs)
  File "/opt/airflow/dags/bot_dag.py", line 8, in run_bot_notebook
    subprocess.run(["jupyter", "nbconvert", "--to", "script", "/path/to/your/notebook/pbot.ipynb"])
  File "/usr/local/lib/python3.7/subprocess.py", line 488, in run
    with Popen(*popenargs, **kwargs) as process:
  File "/usr/local/lib/python3.7/subprocess.py", line 800, in __init__
    restore_signals, start_new_session)
  File "/usr/local/lib/python3.7/subprocess.py", line 1551, in _execute_child
    raise child_exception_type(errno_num, err_msg, err_filename)
PermissionError: [Errno 13] Permission denied: 'jupyter'
[2024-10-22T23:46:44.836+0000] {taskinstance.py:1373} INFO - Marking task as UP_FOR_RETRY. dag_id=telegram_bot_dag, task_id=run_bot_notebook, execution_date=20241022T003000, start_date=20241022T234644, end_date=20241022T234644
[2024-10-22T23:46:44.847+0000] {standard_task_runner.py:109} ERROR - Failed to execute job 56 for task run_bot_notebook ([Errno 13] Permission denied: 'jupyter'; 276)
[2024-10-22T23:46:44.853+0000] {local_task_job_runner.py:232} INFO - Task exited with return code 1
[2024-10-22T23:46:44.875+0000] {taskinstance.py:2674} INFO - 0 downstream tasks scheduled from follow-on schedule check
